2024-12-11 17:17:44,186 - __main__ - INFO - Loading initial data...
2024-12-11 17:17:44,346 - __main__ - INFO - Loaded 198 documents
2024-12-11 17:17:44,346 - __main__ - INFO - Tokenizing text...
2024-12-11 17:17:50,450 - __main__ - INFO - Handling unusual sentences...
2024-12-11 17:17:50,452 - __main__ - INFO - Normalizing text...
2024-12-11 17:17:50,452 - modules.text_normalization - INFO - Using device: cpu
2024-12-11 17:17:50,462 - stanza - INFO - Loading these models for language: en (English):
=================================
| Processor | Package           |
---------------------------------
| tokenize  | combined          |
| lemma     | combined_nocharlm |
=================================

2024-12-11 17:17:50,476 - stanza - INFO - Using device: cpu
2024-12-11 17:17:50,478 - stanza - INFO - Loading: tokenize
2024-12-11 17:17:50,480 - stanza - INFO - Loading: lemma
2024-12-11 17:17:50,697 - stanza - INFO - Done loading processors!
2024-12-11 17:17:50,714 - modules.text_normalization - INFO - Starting processing of 198 rows in 4 batches
2024-12-11 17:18:30,075 - __main__ - INFO - Preprocessing completed successfully
2024-12-11 17:18:30,078 - __main__ - ERROR - An error occurred during preprocessing: eval() arg 1 must be a string, bytes or code object
