2024-12-11 17:10:08,480 - __main__ - INFO - Loading initial data...
2024-12-11 17:10:08,631 - __main__ - INFO - Loaded 198 documents
2024-12-11 17:10:08,635 - __main__ - INFO - Tokenizing text...
2024-12-11 17:10:11,226 - __main__ - INFO - Handling unusual sentences...
2024-12-11 17:10:11,229 - __main__ - INFO - Normalizing text...
2024-12-11 17:10:11,229 - modules.text_normalization - INFO - Using device: cpu
2024-12-11 17:10:11,239 - stanza - INFO - Loading these models for language: en (English):
=================================
| Processor | Package           |
---------------------------------
| tokenize  | combined          |
| lemma     | combined_nocharlm |
=================================

2024-12-11 17:10:11,254 - stanza - INFO - Using device: cpu
2024-12-11 17:10:11,256 - stanza - INFO - Loading: tokenize
2024-12-11 17:10:11,260 - stanza - INFO - Loading: lemma
2024-12-11 17:10:11,371 - stanza - INFO - Done loading processors!
2024-12-11 17:10:11,385 - modules.text_normalization - INFO - Starting processing of 198 rows in 4 batches
2024-12-11 17:10:55,095 - __main__ - INFO - Preprocessing completed successfully
2024-12-11 17:10:55,097 - __main__ - INFO - Starting BERT training...
2024-12-11 17:10:56,729 - dl_methods.transformer - INFO - Created mapping for 69 unique narratives
2024-12-11 17:10:56,732 - dl_methods.transformer - INFO - Created label mapping with 69 classes
2024-12-11 17:10:56,738 - dl_methods.transformer - ERROR - Error in BERT training: '<' not supported between instances of 'dict' and 'dict'
2024-12-11 17:10:59,286 - __main__ - ERROR - An error occurred during preprocessing: '<' not supported between instances of 'dict' and 'dict'
