2024-12-11 15:08:50,130 - __main__ - INFO - Loading initial data...
2024-12-11 15:08:58,758 - __main__ - INFO - Loaded 198 documents
2024-12-11 15:08:58,758 - __main__ - INFO - Tokenizing text...
2024-12-11 15:08:59,486 - __main__ - INFO - Handling unusual sentences...
2024-12-11 15:08:59,488 - __main__ - INFO - Normalizing text...
2024-12-11 15:08:59,488 - modules.text_normalization - INFO - Using device: cpu
2024-12-11 15:08:59,505 - stanza - INFO - Loading these models for language: en (English):
=================================
| Processor | Package           |
---------------------------------
| tokenize  | combined          |
| lemma     | combined_nocharlm |
=================================

2024-12-11 15:08:59,508 - stanza - INFO - Using device: cpu
2024-12-11 15:08:59,508 - stanza - INFO - Loading: tokenize
2024-12-11 15:08:59,509 - stanza - INFO - Loading: lemma
2024-12-11 15:09:01,092 - stanza - INFO - Done loading processors!
2024-12-11 15:09:01,119 - modules.text_normalization - INFO - Starting processing of 198 rows in 4 batches
2024-12-11 15:09:22,681 - __main__ - INFO - Converting to CoNLL-U format...
2024-12-11 15:09:22,681 - stanza - INFO - Checking for updates to resources.json in case models have been updated.  Note: this behavior can be turned off with download_method=None or download_method=DownloadMethod.REUSE_RESOURCES
2024-12-11 15:09:22,890 - stanza - INFO - Downloaded file to C:\Users\jonas\stanza_resources\resources.json
2024-12-11 15:09:22,922 - stanza - WARNING - Language en package default expects mwt, which has been added
2024-12-11 15:09:23,876 - stanza - INFO - Loading these models for language: en (English):
=================================
| Processor | Package           |
---------------------------------
| tokenize  | combined          |
| mwt       | combined          |
| pos       | combined_charlm   |
| lemma     | combined_nocharlm |
| depparse  | combined_charlm   |
=================================

2024-12-11 15:09:23,876 - stanza - INFO - Using device: cpu
2024-12-11 15:09:23,876 - stanza - INFO - Loading: tokenize
2024-12-11 15:09:23,890 - stanza - INFO - Loading: mwt
2024-12-11 15:09:23,896 - stanza - INFO - Loading: pos
2024-12-11 15:09:24,208 - stanza - INFO - Loading: lemma
2024-12-11 15:09:24,244 - stanza - INFO - Loading: depparse
2024-12-11 15:09:24,503 - stanza - INFO - Done loading processors!
