2024-12-13 19:28:39,037 - __main__ - INFO - Loading initial data...
2024-12-13 19:28:41,414 - __main__ - INFO - Loaded 198 documents
2024-12-13 19:28:41,416 - __main__ - INFO - Tokenizing text...
2024-12-13 19:28:41,853 - modules.text_segmentation - ERROR - Error in tokenize_text: 
**********************************************************************
  Resource [93mpunkt_tab[0m not found.
  Please use the NLTK Downloader to obtain the resource:

  [31m>>> import nltk
  >>> nltk.download('punkt_tab')
  [0m
  For more information see: https://www.nltk.org/data.html

  Attempted to load [93mtokenizers/punkt_tab/english/[0m

  Searched in:
    - 'C:\\Users\\leonb/nltk_data'
    - 'c:\\Users\\leonb\\anaconda3\\envs\\NLP_BP\\nltk_data'
    - 'c:\\Users\\leonb\\anaconda3\\envs\\NLP_BP\\share\\nltk_data'
    - 'c:\\Users\\leonb\\anaconda3\\envs\\NLP_BP\\lib\\nltk_data'
    - 'C:\\Users\\leonb\\AppData\\Roaming\\nltk_data'
    - 'C:\\nltk_data'
    - 'D:\\nltk_data'
    - 'E:\\nltk_data'
**********************************************************************

2024-12-13 19:34:16,251 - __main__ - INFO - Loading initial data...
2024-12-13 19:34:16,330 - __main__ - INFO - Loaded 198 documents
2024-12-13 19:34:16,331 - __main__ - INFO - Tokenizing text...
2024-12-13 19:34:16,963 - __main__ - INFO - Handling unusual sentences...
2024-12-13 19:34:16,968 - __main__ - INFO - Normalizing text...
2024-12-13 19:34:16,970 - modules.text_normalization - INFO - Using device: cpu
2024-12-13 19:34:16,985 - stanza - INFO - Loading these models for language: en (English):
=================================
| Processor | Package           |
---------------------------------
| tokenize  | combined          |
| lemma     | combined_nocharlm |
=================================

2024-12-13 19:34:16,985 - stanza - INFO - Using device: cpu
2024-12-13 19:34:16,990 - stanza - INFO - Loading: tokenize
2024-12-13 19:34:16,992 - stanza - INFO - Loading: lemma
2024-12-13 19:34:19,154 - stanza - INFO - Done loading processors!
2024-12-13 19:34:19,189 - modules.text_normalization - INFO - Starting processing of 198 rows in 4 batches
2024-12-13 19:34:37,137 - __main__ - INFO - Preprocessing completed successfully
2024-12-13 20:12:54,847 - __main__ - INFO - Starting BERT training...
2024-12-13 20:12:54,850 - __main__ - INFO - Created mapping for 69 unique narratives
2024-12-13 20:12:54,854 - __main__ - INFO - Number of unique labels in mapping: 69
2024-12-13 20:12:54,856 - __main__ - INFO - Sample text: world need peacemaker trump jeff crouere liberty daily world total chaos month biden presidency sout
2024-12-13 20:12:54,856 - __main__ - INFO - Sample label: 49
2024-12-13 20:12:54,858 - __main__ - ERROR - Error in SVM training: name 'TfidfVectorizer' is not defined
2024-12-13 20:14:03,661 - __main__ - INFO - Starting BERT training...
2024-12-13 20:14:03,663 - __main__ - INFO - Created mapping for 69 unique narratives
2024-12-13 20:14:03,666 - __main__ - INFO - Number of unique labels in mapping: 69
2024-12-13 20:14:03,667 - __main__ - INFO - Sample text: world need peacemaker trump jeff crouere liberty daily world total chaos month biden presidency sout
2024-12-13 20:14:03,668 - __main__ - INFO - Sample label: 49
2024-12-13 20:14:03,926 - __main__ - INFO - Model saved to c:\Users\leonb\OneDrive\Dokumente\Studium\Master\Sem1\NLP and InfExt\practical\nlp_Backpropagandists_2024\code\svm_model.joblib
2024-12-13 20:14:03,926 - __main__ - INFO - Vectorizer saved to c:\Users\leonb\OneDrive\Dokumente\Studium\Master\Sem1\NLP and InfExt\practical\nlp_Backpropagandists_2024\code\tfidf_vectorizer.joblib
2024-12-13 20:14:03,942 - __main__ - INFO - Training classification report:
2024-12-13 20:14:03,942 - __main__ - ERROR - Error in SVM training: name 'json' is not defined
2024-12-13 20:16:42,800 - __main__ - INFO - Starting BERT training...
2024-12-13 20:16:42,801 - __main__ - INFO - Created mapping for 69 unique narratives
2024-12-13 20:16:42,805 - __main__ - INFO - Number of unique labels in mapping: 69
2024-12-13 20:16:42,806 - __main__ - INFO - Sample text: world need peacemaker trump jeff crouere liberty daily world total chaos month biden presidency sout
2024-12-13 20:16:42,807 - __main__ - INFO - Sample label: 49
2024-12-13 20:16:43,052 - __main__ - INFO - Model saved to c:\Users\leonb\OneDrive\Dokumente\Studium\Master\Sem1\NLP and InfExt\practical\nlp_Backpropagandists_2024\code\svm_model.joblib
2024-12-13 20:16:43,053 - __main__ - INFO - Vectorizer saved to c:\Users\leonb\OneDrive\Dokumente\Studium\Master\Sem1\NLP and InfExt\practical\nlp_Backpropagandists_2024\code\tfidf_vectorizer.joblib
2024-12-13 20:16:43,068 - __main__ - INFO - Training classification report:
2024-12-13 20:16:43,070 - __main__ - INFO - {
  "0": {
    "precision": 1.0,
    "recall": 1.0,
    "f1-score": 1.0,
    "support": 2.0
  },
  "2": {
    "precision": 1.0,
    "recall": 1.0,
    "f1-score": 1.0,
    "support": 4.0
  },
  "3": {
    "precision": 1.0,
    "recall": 1.0,
    "f1-score": 1.0,
    "support": 4.0
  },
  "4": {
    "precision": 1.0,
    "recall": 1.0,
    "f1-score": 1.0,
    "support": 6.0
  },
  "5": {
    "precision": 1.0,
    "recall": 1.0,
    "f1-score": 1.0,
    "support": 7.0
  },
  "8": {
    "precision": 1.0,
    "recall": 1.0,
    "f1-score": 1.0,
    "support": 1.0
  },
  "12": {
    "precision": 1.0,
    "recall": 1.0,
    "f1-score": 1.0,
    "support": 4.0
  },
  "15": {
    "precision": 1.0,
    "recall": 1.0,
    "f1-score": 1.0,
    "support": 2.0
  },
  "16": {
    "precision": 1.0,
    "recall": 1.0,
    "f1-score": 1.0,
    "support": 1.0
  },
  "17": {
    "precision": 1.0,
    "recall": 1.0,
    "f1-score": 1.0,
    "support": 2.0
  },
  "20": {
    "precision": 1.0,
    "recall": 1.0,
    "f1-score": 1.0,
    "support": 1.0
  },
  "21": {
    "precision": 1.0,
    "recall": 1.0,
    "f1-score": 1.0,
    "support": 6.0
  },
  "22": {
    "precision": 1.0,
    "recall": 1.0,
    "f1-score": 1.0,
    "support": 3.0
  },
  "23": {
    "precision": 1.0,
    "recall": 1.0,
    "f1-score": 1.0,
    "support": 1.0
  },
  "24": {
    "precision": 1.0,
    "recall": 1.0,
    "f1-score": 1.0,
    "support": 2.0
  },
  "25": {
    "precision": 1.0,
    "recall": 1.0,
    "f1-score": 1.0,
    "support": 1.0
  },
  "27": {
    "precision": 1.0,
    "recall": 1.0,
    "f1-score": 1.0,
    "support": 1.0
  },
  "30": {
    "precision": 1.0,
    "recall": 1.0,
    "f1-score": 1.0,
    "support": 4.0
  },
  "31": {
    "precision": 1.0,
    "recall": 1.0,
    "f1-score": 1.0,
    "support": 4.0
  },
  "33": {
    "precision": 1.0,
    "recall": 1.0,
    "f1-score": 1.0,
    "support": 3.0
  },
  "34": {
    "precision": 1.0,
    "recall": 1.0,
    "f1-score": 1.0,
    "support": 1.0
  },
  "35": {
    "precision": 1.0,
    "recall": 1.0,
    "f1-score": 1.0,
    "support": 3.0
  },
  "36": {
    "precision": 1.0,
    "recall": 1.0,
    "f1-score": 1.0,
    "support": 3.0
  },
  "38": {
    "precision": 1.0,
    "recall": 1.0,
    "f1-score": 1.0,
    "support": 6.0
  },
  "41": {
    "precision": 1.0,
    "recall": 1.0,
    "f1-score": 1.0,
    "support": 1.0
  },
  "43": {
    "precision": 1.0,
    "recall": 1.0,
    "f1-score": 1.0,
    "support": 1.0
  },
  "45": {
    "precision": 1.0,
    "recall": 1.0,
    "f1-score": 1.0,
    "support": 3.0
  },
  "47": {
    "precision": 1.0,
    "recall": 1.0,
    "f1-score": 1.0,
    "support": 4.0
  },
  "49": {
    "precision": 1.0,
    "recall": 1.0,
    "f1-score": 1.0,
    "support": 97.0
  },
  "50": {
    "precision": 1.0,
    "recall": 1.0,
    "f1-score": 1.0,
    "support": 3.0
  },
  "54": {
    "precision": 1.0,
    "recall": 1.0,
    "f1-score": 1.0,
    "support": 1.0
  },
  "55": {
    "precision": 1.0,
    "recall": 1.0,
    "f1-score": 1.0,
    "support": 1.0
  },
  "57": {
    "precision": 1.0,
    "recall": 1.0,
    "f1-score": 1.0,
    "support": 1.0
  },
  "61": {
    "precision": 1.0,
    "recall": 1.0,
    "f1-score": 1.0,
    "support": 2.0
  },
  "63": {
    "precision": 1.0,
    "recall": 1.0,
    "f1-score": 1.0,
    "support": 2.0
  },
  "65": {
    "precision": 1.0,
    "recall": 1.0,
    "f1-score": 1.0,
    "support": 1.0
  },
  "66": {
    "precision": 1.0,
    "recall": 1.0,
    "f1-score": 1.0,
    "support": 3.0
  },
  "67": {
    "precision": 1.0,
    "recall": 1.0,
    "f1-score": 1.0,
    "support": 4.0
  },
  "68": {
    "precision": 1.0,
    "recall": 1.0,
    "f1-score": 1.0,
    "support": 2.0
  },
  "accuracy": 1.0,
  "macro avg": {
    "precision": 1.0,
    "recall": 1.0,
    "f1-score": 1.0,
    "support": 198.0
  },
  "weighted avg": {
    "precision": 1.0,
    "recall": 1.0,
    "f1-score": 1.0,
    "support": 198.0
  }
}
2024-12-13 20:16:43,070 - __main__ - INFO - BERT training completed. Results: {'0': {'precision': 1.0, 'recall': 1.0, 'f1-score': 1.0, 'support': 2.0}, '2': {'precision': 1.0, 'recall': 1.0, 'f1-score': 1.0, 'support': 4.0}, '3': {'precision': 1.0, 'recall': 1.0, 'f1-score': 1.0, 'support': 4.0}, '4': {'precision': 1.0, 'recall': 1.0, 'f1-score': 1.0, 'support': 6.0}, '5': {'precision': 1.0, 'recall': 1.0, 'f1-score': 1.0, 'support': 7.0}, '8': {'precision': 1.0, 'recall': 1.0, 'f1-score': 1.0, 'support': 1.0}, '12': {'precision': 1.0, 'recall': 1.0, 'f1-score': 1.0, 'support': 4.0}, '15': {'precision': 1.0, 'recall': 1.0, 'f1-score': 1.0, 'support': 2.0}, '16': {'precision': 1.0, 'recall': 1.0, 'f1-score': 1.0, 'support': 1.0}, '17': {'precision': 1.0, 'recall': 1.0, 'f1-score': 1.0, 'support': 2.0}, '20': {'precision': 1.0, 'recall': 1.0, 'f1-score': 1.0, 'support': 1.0}, '21': {'precision': 1.0, 'recall': 1.0, 'f1-score': 1.0, 'support': 6.0}, '22': {'precision': 1.0, 'recall': 1.0, 'f1-score': 1.0, 'support': 3.0}, '23': {'precision': 1.0, 'recall': 1.0, 'f1-score': 1.0, 'support': 1.0}, '24': {'precision': 1.0, 'recall': 1.0, 'f1-score': 1.0, 'support': 2.0}, '25': {'precision': 1.0, 'recall': 1.0, 'f1-score': 1.0, 'support': 1.0}, '27': {'precision': 1.0, 'recall': 1.0, 'f1-score': 1.0, 'support': 1.0}, '30': {'precision': 1.0, 'recall': 1.0, 'f1-score': 1.0, 'support': 4.0}, '31': {'precision': 1.0, 'recall': 1.0, 'f1-score': 1.0, 'support': 4.0}, '33': {'precision': 1.0, 'recall': 1.0, 'f1-score': 1.0, 'support': 3.0}, '34': {'precision': 1.0, 'recall': 1.0, 'f1-score': 1.0, 'support': 1.0}, '35': {'precision': 1.0, 'recall': 1.0, 'f1-score': 1.0, 'support': 3.0}, '36': {'precision': 1.0, 'recall': 1.0, 'f1-score': 1.0, 'support': 3.0}, '38': {'precision': 1.0, 'recall': 1.0, 'f1-score': 1.0, 'support': 6.0}, '41': {'precision': 1.0, 'recall': 1.0, 'f1-score': 1.0, 'support': 1.0}, '43': {'precision': 1.0, 'recall': 1.0, 'f1-score': 1.0, 'support': 1.0}, '45': {'precision': 1.0, 'recall': 1.0, 'f1-score': 1.0, 'support': 3.0}, '47': {'precision': 1.0, 'recall': 1.0, 'f1-score': 1.0, 'support': 4.0}, '49': {'precision': 1.0, 'recall': 1.0, 'f1-score': 1.0, 'support': 97.0}, '50': {'precision': 1.0, 'recall': 1.0, 'f1-score': 1.0, 'support': 3.0}, '54': {'precision': 1.0, 'recall': 1.0, 'f1-score': 1.0, 'support': 1.0}, '55': {'precision': 1.0, 'recall': 1.0, 'f1-score': 1.0, 'support': 1.0}, '57': {'precision': 1.0, 'recall': 1.0, 'f1-score': 1.0, 'support': 1.0}, '61': {'precision': 1.0, 'recall': 1.0, 'f1-score': 1.0, 'support': 2.0}, '63': {'precision': 1.0, 'recall': 1.0, 'f1-score': 1.0, 'support': 2.0}, '65': {'precision': 1.0, 'recall': 1.0, 'f1-score': 1.0, 'support': 1.0}, '66': {'precision': 1.0, 'recall': 1.0, 'f1-score': 1.0, 'support': 3.0}, '67': {'precision': 1.0, 'recall': 1.0, 'f1-score': 1.0, 'support': 4.0}, '68': {'precision': 1.0, 'recall': 1.0, 'f1-score': 1.0, 'support': 2.0}, 'accuracy': 1.0, 'macro avg': {'precision': 1.0, 'recall': 1.0, 'f1-score': 1.0, 'support': 198.0}, 'weighted avg': {'precision': 1.0, 'recall': 1.0, 'f1-score': 1.0, 'support': 198.0}}
2024-12-13 20:20:36,930 - __main__ - INFO - Starting BERT training...
2024-12-13 20:20:36,932 - __main__ - INFO - Created mapping for 69 unique narratives
2024-12-13 20:20:36,936 - __main__ - INFO - Number of unique labels in mapping: 69
2024-12-13 20:20:36,938 - __main__ - INFO - Sample text: world need peacemaker trump jeff crouere liberty daily world total chaos month biden presidency sout
2024-12-13 20:20:36,939 - __main__ - INFO - Sample label: 49
2024-12-13 20:20:37,194 - __main__ - INFO - Model saved to c:\Users\leonb\OneDrive\Dokumente\Studium\Master\Sem1\NLP and InfExt\practical\nlp_Backpropagandists_2024\code\svm_model.joblib
2024-12-13 20:20:37,195 - __main__ - INFO - Vectorizer saved to c:\Users\leonb\OneDrive\Dokumente\Studium\Master\Sem1\NLP and InfExt\practical\nlp_Backpropagandists_2024\code\tfidf_vectorizer.joblib
2024-12-13 20:20:37,211 - __main__ - INFO - Training classification report:
2024-12-13 20:20:37,212 - __main__ - INFO - {
  "0": {
    "precision": 1.0,
    "recall": 1.0,
    "f1-score": 1.0,
    "support": 2.0
  },
  "2": {
    "precision": 1.0,
    "recall": 1.0,
    "f1-score": 1.0,
    "support": 4.0
  },
  "3": {
    "precision": 1.0,
    "recall": 1.0,
    "f1-score": 1.0,
    "support": 4.0
  },
  "4": {
    "precision": 1.0,
    "recall": 1.0,
    "f1-score": 1.0,
    "support": 6.0
  },
  "5": {
    "precision": 1.0,
    "recall": 1.0,
    "f1-score": 1.0,
    "support": 7.0
  },
  "8": {
    "precision": 1.0,
    "recall": 1.0,
    "f1-score": 1.0,
    "support": 1.0
  },
  "12": {
    "precision": 1.0,
    "recall": 1.0,
    "f1-score": 1.0,
    "support": 4.0
  },
  "15": {
    "precision": 1.0,
    "recall": 1.0,
    "f1-score": 1.0,
    "support": 2.0
  },
  "16": {
    "precision": 1.0,
    "recall": 1.0,
    "f1-score": 1.0,
    "support": 1.0
  },
  "17": {
    "precision": 1.0,
    "recall": 1.0,
    "f1-score": 1.0,
    "support": 2.0
  },
  "20": {
    "precision": 1.0,
    "recall": 1.0,
    "f1-score": 1.0,
    "support": 1.0
  },
  "21": {
    "precision": 1.0,
    "recall": 1.0,
    "f1-score": 1.0,
    "support": 6.0
  },
  "22": {
    "precision": 1.0,
    "recall": 1.0,
    "f1-score": 1.0,
    "support": 3.0
  },
  "23": {
    "precision": 1.0,
    "recall": 1.0,
    "f1-score": 1.0,
    "support": 1.0
  },
  "24": {
    "precision": 1.0,
    "recall": 1.0,
    "f1-score": 1.0,
    "support": 2.0
  },
  "25": {
    "precision": 1.0,
    "recall": 1.0,
    "f1-score": 1.0,
    "support": 1.0
  },
  "27": {
    "precision": 1.0,
    "recall": 1.0,
    "f1-score": 1.0,
    "support": 1.0
  },
  "30": {
    "precision": 1.0,
    "recall": 1.0,
    "f1-score": 1.0,
    "support": 4.0
  },
  "31": {
    "precision": 1.0,
    "recall": 1.0,
    "f1-score": 1.0,
    "support": 4.0
  },
  "33": {
    "precision": 1.0,
    "recall": 1.0,
    "f1-score": 1.0,
    "support": 3.0
  },
  "34": {
    "precision": 1.0,
    "recall": 1.0,
    "f1-score": 1.0,
    "support": 1.0
  },
  "35": {
    "precision": 1.0,
    "recall": 1.0,
    "f1-score": 1.0,
    "support": 3.0
  },
  "36": {
    "precision": 1.0,
    "recall": 1.0,
    "f1-score": 1.0,
    "support": 3.0
  },
  "38": {
    "precision": 1.0,
    "recall": 1.0,
    "f1-score": 1.0,
    "support": 6.0
  },
  "41": {
    "precision": 1.0,
    "recall": 1.0,
    "f1-score": 1.0,
    "support": 1.0
  },
  "43": {
    "precision": 1.0,
    "recall": 1.0,
    "f1-score": 1.0,
    "support": 1.0
  },
  "45": {
    "precision": 1.0,
    "recall": 1.0,
    "f1-score": 1.0,
    "support": 3.0
  },
  "47": {
    "precision": 1.0,
    "recall": 1.0,
    "f1-score": 1.0,
    "support": 4.0
  },
  "49": {
    "precision": 1.0,
    "recall": 1.0,
    "f1-score": 1.0,
    "support": 97.0
  },
  "50": {
    "precision": 1.0,
    "recall": 1.0,
    "f1-score": 1.0,
    "support": 3.0
  },
  "54": {
    "precision": 1.0,
    "recall": 1.0,
    "f1-score": 1.0,
    "support": 1.0
  },
  "55": {
    "precision": 1.0,
    "recall": 1.0,
    "f1-score": 1.0,
    "support": 1.0
  },
  "57": {
    "precision": 1.0,
    "recall": 1.0,
    "f1-score": 1.0,
    "support": 1.0
  },
  "61": {
    "precision": 1.0,
    "recall": 1.0,
    "f1-score": 1.0,
    "support": 2.0
  },
  "63": {
    "precision": 1.0,
    "recall": 1.0,
    "f1-score": 1.0,
    "support": 2.0
  },
  "65": {
    "precision": 1.0,
    "recall": 1.0,
    "f1-score": 1.0,
    "support": 1.0
  },
  "66": {
    "precision": 1.0,
    "recall": 1.0,
    "f1-score": 1.0,
    "support": 3.0
  },
  "67": {
    "precision": 1.0,
    "recall": 1.0,
    "f1-score": 1.0,
    "support": 4.0
  },
  "68": {
    "precision": 1.0,
    "recall": 1.0,
    "f1-score": 1.0,
    "support": 2.0
  },
  "accuracy": 1.0,
  "macro avg": {
    "precision": 1.0,
    "recall": 1.0,
    "f1-score": 1.0,
    "support": 198.0
  },
  "weighted avg": {
    "precision": 1.0,
    "recall": 1.0,
    "f1-score": 1.0,
    "support": 198.0
  }
}
2024-12-13 20:20:37,212 - __main__ - INFO - BERT training completed. Results: {'0': {'precision': 1.0, 'recall': 1.0, 'f1-score': 1.0, 'support': 2.0}, '2': {'precision': 1.0, 'recall': 1.0, 'f1-score': 1.0, 'support': 4.0}, '3': {'precision': 1.0, 'recall': 1.0, 'f1-score': 1.0, 'support': 4.0}, '4': {'precision': 1.0, 'recall': 1.0, 'f1-score': 1.0, 'support': 6.0}, '5': {'precision': 1.0, 'recall': 1.0, 'f1-score': 1.0, 'support': 7.0}, '8': {'precision': 1.0, 'recall': 1.0, 'f1-score': 1.0, 'support': 1.0}, '12': {'precision': 1.0, 'recall': 1.0, 'f1-score': 1.0, 'support': 4.0}, '15': {'precision': 1.0, 'recall': 1.0, 'f1-score': 1.0, 'support': 2.0}, '16': {'precision': 1.0, 'recall': 1.0, 'f1-score': 1.0, 'support': 1.0}, '17': {'precision': 1.0, 'recall': 1.0, 'f1-score': 1.0, 'support': 2.0}, '20': {'precision': 1.0, 'recall': 1.0, 'f1-score': 1.0, 'support': 1.0}, '21': {'precision': 1.0, 'recall': 1.0, 'f1-score': 1.0, 'support': 6.0}, '22': {'precision': 1.0, 'recall': 1.0, 'f1-score': 1.0, 'support': 3.0}, '23': {'precision': 1.0, 'recall': 1.0, 'f1-score': 1.0, 'support': 1.0}, '24': {'precision': 1.0, 'recall': 1.0, 'f1-score': 1.0, 'support': 2.0}, '25': {'precision': 1.0, 'recall': 1.0, 'f1-score': 1.0, 'support': 1.0}, '27': {'precision': 1.0, 'recall': 1.0, 'f1-score': 1.0, 'support': 1.0}, '30': {'precision': 1.0, 'recall': 1.0, 'f1-score': 1.0, 'support': 4.0}, '31': {'precision': 1.0, 'recall': 1.0, 'f1-score': 1.0, 'support': 4.0}, '33': {'precision': 1.0, 'recall': 1.0, 'f1-score': 1.0, 'support': 3.0}, '34': {'precision': 1.0, 'recall': 1.0, 'f1-score': 1.0, 'support': 1.0}, '35': {'precision': 1.0, 'recall': 1.0, 'f1-score': 1.0, 'support': 3.0}, '36': {'precision': 1.0, 'recall': 1.0, 'f1-score': 1.0, 'support': 3.0}, '38': {'precision': 1.0, 'recall': 1.0, 'f1-score': 1.0, 'support': 6.0}, '41': {'precision': 1.0, 'recall': 1.0, 'f1-score': 1.0, 'support': 1.0}, '43': {'precision': 1.0, 'recall': 1.0, 'f1-score': 1.0, 'support': 1.0}, '45': {'precision': 1.0, 'recall': 1.0, 'f1-score': 1.0, 'support': 3.0}, '47': {'precision': 1.0, 'recall': 1.0, 'f1-score': 1.0, 'support': 4.0}, '49': {'precision': 1.0, 'recall': 1.0, 'f1-score': 1.0, 'support': 97.0}, '50': {'precision': 1.0, 'recall': 1.0, 'f1-score': 1.0, 'support': 3.0}, '54': {'precision': 1.0, 'recall': 1.0, 'f1-score': 1.0, 'support': 1.0}, '55': {'precision': 1.0, 'recall': 1.0, 'f1-score': 1.0, 'support': 1.0}, '57': {'precision': 1.0, 'recall': 1.0, 'f1-score': 1.0, 'support': 1.0}, '61': {'precision': 1.0, 'recall': 1.0, 'f1-score': 1.0, 'support': 2.0}, '63': {'precision': 1.0, 'recall': 1.0, 'f1-score': 1.0, 'support': 2.0}, '65': {'precision': 1.0, 'recall': 1.0, 'f1-score': 1.0, 'support': 1.0}, '66': {'precision': 1.0, 'recall': 1.0, 'f1-score': 1.0, 'support': 3.0}, '67': {'precision': 1.0, 'recall': 1.0, 'f1-score': 1.0, 'support': 4.0}, '68': {'precision': 1.0, 'recall': 1.0, 'f1-score': 1.0, 'support': 2.0}, 'accuracy': 1.0, 'macro avg': {'precision': 1.0, 'recall': 1.0, 'f1-score': 1.0, 'support': 198.0}, 'weighted avg': {'precision': 1.0, 'recall': 1.0, 'f1-score': 1.0, 'support': 198.0}}
2024-12-13 20:22:20,733 - __main__ - INFO - Starting BERT training...
2024-12-13 20:22:20,735 - __main__ - INFO - Created mapping for 69 unique narratives
2024-12-13 20:22:20,739 - __main__ - INFO - Number of unique labels in mapping: 69
2024-12-13 20:22:20,740 - __main__ - INFO - Sample text: world need peacemaker trump jeff crouere liberty daily world total chaos month biden presidency sout
2024-12-13 20:22:20,741 - __main__ - INFO - Sample label: 49
2024-12-13 20:22:20,944 - __main__ - INFO - Model saved to c:\Users\leonb\OneDrive\Dokumente\Studium\Master\Sem1\NLP and InfExt\practical\nlp_Backpropagandists_2024\code\svm_model.joblib
2024-12-13 20:22:20,944 - __main__ - INFO - Vectorizer saved to c:\Users\leonb\OneDrive\Dokumente\Studium\Master\Sem1\NLP and InfExt\practical\nlp_Backpropagandists_2024\code\tfidf_vectorizer.joblib
2024-12-13 20:22:20,960 - __main__ - INFO - Training classification report:
2024-12-13 20:22:20,960 - __main__ - INFO - {
  "0": {
    "precision": 1.0,
    "recall": 1.0,
    "f1-score": 1.0,
    "support": 2.0
  },
  "2": {
    "precision": 1.0,
    "recall": 1.0,
    "f1-score": 1.0,
    "support": 4.0
  },
  "3": {
    "precision": 1.0,
    "recall": 1.0,
    "f1-score": 1.0,
    "support": 4.0
  },
  "4": {
    "precision": 1.0,
    "recall": 1.0,
    "f1-score": 1.0,
    "support": 6.0
  },
  "5": {
    "precision": 1.0,
    "recall": 1.0,
    "f1-score": 1.0,
    "support": 7.0
  },
  "8": {
    "precision": 1.0,
    "recall": 1.0,
    "f1-score": 1.0,
    "support": 1.0
  },
  "12": {
    "precision": 1.0,
    "recall": 1.0,
    "f1-score": 1.0,
    "support": 4.0
  },
  "15": {
    "precision": 1.0,
    "recall": 1.0,
    "f1-score": 1.0,
    "support": 2.0
  },
  "16": {
    "precision": 1.0,
    "recall": 1.0,
    "f1-score": 1.0,
    "support": 1.0
  },
  "17": {
    "precision": 1.0,
    "recall": 1.0,
    "f1-score": 1.0,
    "support": 2.0
  },
  "20": {
    "precision": 1.0,
    "recall": 1.0,
    "f1-score": 1.0,
    "support": 1.0
  },
  "21": {
    "precision": 1.0,
    "recall": 1.0,
    "f1-score": 1.0,
    "support": 6.0
  },
  "22": {
    "precision": 1.0,
    "recall": 1.0,
    "f1-score": 1.0,
    "support": 3.0
  },
  "23": {
    "precision": 1.0,
    "recall": 1.0,
    "f1-score": 1.0,
    "support": 1.0
  },
  "24": {
    "precision": 1.0,
    "recall": 1.0,
    "f1-score": 1.0,
    "support": 2.0
  },
  "25": {
    "precision": 1.0,
    "recall": 1.0,
    "f1-score": 1.0,
    "support": 1.0
  },
  "27": {
    "precision": 1.0,
    "recall": 1.0,
    "f1-score": 1.0,
    "support": 1.0
  },
  "30": {
    "precision": 1.0,
    "recall": 1.0,
    "f1-score": 1.0,
    "support": 4.0
  },
  "31": {
    "precision": 1.0,
    "recall": 1.0,
    "f1-score": 1.0,
    "support": 4.0
  },
  "33": {
    "precision": 1.0,
    "recall": 1.0,
    "f1-score": 1.0,
    "support": 3.0
  },
  "34": {
    "precision": 1.0,
    "recall": 1.0,
    "f1-score": 1.0,
    "support": 1.0
  },
  "35": {
    "precision": 1.0,
    "recall": 1.0,
    "f1-score": 1.0,
    "support": 3.0
  },
  "36": {
    "precision": 1.0,
    "recall": 1.0,
    "f1-score": 1.0,
    "support": 3.0
  },
  "38": {
    "precision": 1.0,
    "recall": 1.0,
    "f1-score": 1.0,
    "support": 6.0
  },
  "41": {
    "precision": 1.0,
    "recall": 1.0,
    "f1-score": 1.0,
    "support": 1.0
  },
  "43": {
    "precision": 1.0,
    "recall": 1.0,
    "f1-score": 1.0,
    "support": 1.0
  },
  "45": {
    "precision": 1.0,
    "recall": 1.0,
    "f1-score": 1.0,
    "support": 3.0
  },
  "47": {
    "precision": 1.0,
    "recall": 1.0,
    "f1-score": 1.0,
    "support": 4.0
  },
  "49": {
    "precision": 1.0,
    "recall": 1.0,
    "f1-score": 1.0,
    "support": 97.0
  },
  "50": {
    "precision": 1.0,
    "recall": 1.0,
    "f1-score": 1.0,
    "support": 3.0
  },
  "54": {
    "precision": 1.0,
    "recall": 1.0,
    "f1-score": 1.0,
    "support": 1.0
  },
  "55": {
    "precision": 1.0,
    "recall": 1.0,
    "f1-score": 1.0,
    "support": 1.0
  },
  "57": {
    "precision": 1.0,
    "recall": 1.0,
    "f1-score": 1.0,
    "support": 1.0
  },
  "61": {
    "precision": 1.0,
    "recall": 1.0,
    "f1-score": 1.0,
    "support": 2.0
  },
  "63": {
    "precision": 1.0,
    "recall": 1.0,
    "f1-score": 1.0,
    "support": 2.0
  },
  "65": {
    "precision": 1.0,
    "recall": 1.0,
    "f1-score": 1.0,
    "support": 1.0
  },
  "66": {
    "precision": 1.0,
    "recall": 1.0,
    "f1-score": 1.0,
    "support": 3.0
  },
  "67": {
    "precision": 1.0,
    "recall": 1.0,
    "f1-score": 1.0,
    "support": 4.0
  },
  "68": {
    "precision": 1.0,
    "recall": 1.0,
    "f1-score": 1.0,
    "support": 2.0
  },
  "accuracy": 1.0,
  "macro avg": {
    "precision": 1.0,
    "recall": 1.0,
    "f1-score": 1.0,
    "support": 198.0
  },
  "weighted avg": {
    "precision": 1.0,
    "recall": 1.0,
    "f1-score": 1.0,
    "support": 198.0
  }
}
2024-12-13 20:22:20,966 - __main__ - INFO - BERT training completed. Results: {'0': {'precision': 1.0, 'recall': 1.0, 'f1-score': 1.0, 'support': 2.0}, '2': {'precision': 1.0, 'recall': 1.0, 'f1-score': 1.0, 'support': 4.0}, '3': {'precision': 1.0, 'recall': 1.0, 'f1-score': 1.0, 'support': 4.0}, '4': {'precision': 1.0, 'recall': 1.0, 'f1-score': 1.0, 'support': 6.0}, '5': {'precision': 1.0, 'recall': 1.0, 'f1-score': 1.0, 'support': 7.0}, '8': {'precision': 1.0, 'recall': 1.0, 'f1-score': 1.0, 'support': 1.0}, '12': {'precision': 1.0, 'recall': 1.0, 'f1-score': 1.0, 'support': 4.0}, '15': {'precision': 1.0, 'recall': 1.0, 'f1-score': 1.0, 'support': 2.0}, '16': {'precision': 1.0, 'recall': 1.0, 'f1-score': 1.0, 'support': 1.0}, '17': {'precision': 1.0, 'recall': 1.0, 'f1-score': 1.0, 'support': 2.0}, '20': {'precision': 1.0, 'recall': 1.0, 'f1-score': 1.0, 'support': 1.0}, '21': {'precision': 1.0, 'recall': 1.0, 'f1-score': 1.0, 'support': 6.0}, '22': {'precision': 1.0, 'recall': 1.0, 'f1-score': 1.0, 'support': 3.0}, '23': {'precision': 1.0, 'recall': 1.0, 'f1-score': 1.0, 'support': 1.0}, '24': {'precision': 1.0, 'recall': 1.0, 'f1-score': 1.0, 'support': 2.0}, '25': {'precision': 1.0, 'recall': 1.0, 'f1-score': 1.0, 'support': 1.0}, '27': {'precision': 1.0, 'recall': 1.0, 'f1-score': 1.0, 'support': 1.0}, '30': {'precision': 1.0, 'recall': 1.0, 'f1-score': 1.0, 'support': 4.0}, '31': {'precision': 1.0, 'recall': 1.0, 'f1-score': 1.0, 'support': 4.0}, '33': {'precision': 1.0, 'recall': 1.0, 'f1-score': 1.0, 'support': 3.0}, '34': {'precision': 1.0, 'recall': 1.0, 'f1-score': 1.0, 'support': 1.0}, '35': {'precision': 1.0, 'recall': 1.0, 'f1-score': 1.0, 'support': 3.0}, '36': {'precision': 1.0, 'recall': 1.0, 'f1-score': 1.0, 'support': 3.0}, '38': {'precision': 1.0, 'recall': 1.0, 'f1-score': 1.0, 'support': 6.0}, '41': {'precision': 1.0, 'recall': 1.0, 'f1-score': 1.0, 'support': 1.0}, '43': {'precision': 1.0, 'recall': 1.0, 'f1-score': 1.0, 'support': 1.0}, '45': {'precision': 1.0, 'recall': 1.0, 'f1-score': 1.0, 'support': 3.0}, '47': {'precision': 1.0, 'recall': 1.0, 'f1-score': 1.0, 'support': 4.0}, '49': {'precision': 1.0, 'recall': 1.0, 'f1-score': 1.0, 'support': 97.0}, '50': {'precision': 1.0, 'recall': 1.0, 'f1-score': 1.0, 'support': 3.0}, '54': {'precision': 1.0, 'recall': 1.0, 'f1-score': 1.0, 'support': 1.0}, '55': {'precision': 1.0, 'recall': 1.0, 'f1-score': 1.0, 'support': 1.0}, '57': {'precision': 1.0, 'recall': 1.0, 'f1-score': 1.0, 'support': 1.0}, '61': {'precision': 1.0, 'recall': 1.0, 'f1-score': 1.0, 'support': 2.0}, '63': {'precision': 1.0, 'recall': 1.0, 'f1-score': 1.0, 'support': 2.0}, '65': {'precision': 1.0, 'recall': 1.0, 'f1-score': 1.0, 'support': 1.0}, '66': {'precision': 1.0, 'recall': 1.0, 'f1-score': 1.0, 'support': 3.0}, '67': {'precision': 1.0, 'recall': 1.0, 'f1-score': 1.0, 'support': 4.0}, '68': {'precision': 1.0, 'recall': 1.0, 'f1-score': 1.0, 'support': 2.0}, 'accuracy': 1.0, 'macro avg': {'precision': 1.0, 'recall': 1.0, 'f1-score': 1.0, 'support': 198.0}, 'weighted avg': {'precision': 1.0, 'recall': 1.0, 'f1-score': 1.0, 'support': 198.0}}
