2024-12-13 21:44:40,662 - __main__ - INFO - Loading initial data...
2024-12-13 21:44:43,030 - __main__ - INFO - Loaded 198 documents
2024-12-13 21:44:43,031 - __main__ - INFO - Tokenizing text...
2024-12-13 21:44:44,104 - __main__ - INFO - Handling unusual sentences...
2024-12-13 21:44:44,106 - __main__ - INFO - Normalizing text...
2024-12-13 21:44:44,107 - modules.text_normalization - INFO - Using device: cpu
2024-12-13 21:44:44,125 - stanza - INFO - Loading these models for language: en (English):
=================================
| Processor | Package           |
---------------------------------
| tokenize  | combined          |
| lemma     | combined_nocharlm |
=================================

2024-12-13 21:44:44,127 - stanza - INFO - Using device: cpu
2024-12-13 21:44:44,129 - stanza - INFO - Loading: tokenize
2024-12-13 21:44:44,131 - stanza - INFO - Loading: lemma
2024-12-13 21:44:46,202 - stanza - INFO - Done loading processors!
2024-12-13 21:44:46,234 - modules.text_normalization - INFO - Starting processing of 198 rows in 4 batches
2024-12-13 21:45:02,689 - __main__ - INFO - Preprocessing completed successfully
2024-12-13 21:45:02,873 - __main__ - INFO - Starting BERT training...
2024-12-13 21:45:02,876 - __main__ - INFO - Created mapping for 69 unique narratives
2024-12-13 21:45:02,880 - __main__ - INFO - Number of unique labels in mapping: 69
2024-12-13 21:45:02,881 - __main__ - INFO - Sample text: world need peacemaker trump jeff crouere liberty daily world total chaos month biden presidency sout
2024-12-13 21:45:02,882 - __main__ - INFO - Sample label: 49
2024-12-13 21:45:03,106 - __main__ - INFO - Model saved to c:\Users\leonb\OneDrive\Dokumente\Studium\Master\Sem1\NLP and InfExt\practical\nlp_Backpropagandists_2024\code\svm_model.joblib
2024-12-13 21:45:03,107 - __main__ - INFO - Vectorizer saved to c:\Users\leonb\OneDrive\Dokumente\Studium\Master\Sem1\NLP and InfExt\practical\nlp_Backpropagandists_2024\code\tfidf_vectorizer.joblib
2024-12-13 21:45:03,124 - __main__ - INFO - Training classification report:
2024-12-13 21:45:03,126 - __main__ - INFO - {
  "0": {
    "precision": 1.0,
    "recall": 1.0,
    "f1-score": 1.0,
    "support": 2.0
  },
  "2": {
    "precision": 1.0,
    "recall": 1.0,
    "f1-score": 1.0,
    "support": 4.0
  },
  "3": {
    "precision": 1.0,
    "recall": 1.0,
    "f1-score": 1.0,
    "support": 4.0
  },
  "4": {
    "precision": 1.0,
    "recall": 1.0,
    "f1-score": 1.0,
    "support": 6.0
  },
  "5": {
    "precision": 1.0,
    "recall": 1.0,
    "f1-score": 1.0,
    "support": 7.0
  },
  "8": {
    "precision": 1.0,
    "recall": 1.0,
    "f1-score": 1.0,
    "support": 1.0
  },
  "12": {
    "precision": 1.0,
    "recall": 1.0,
    "f1-score": 1.0,
    "support": 4.0
  },
  "15": {
    "precision": 1.0,
    "recall": 1.0,
    "f1-score": 1.0,
    "support": 2.0
  },
  "16": {
    "precision": 1.0,
    "recall": 1.0,
    "f1-score": 1.0,
    "support": 1.0
  },
  "17": {
    "precision": 1.0,
    "recall": 1.0,
    "f1-score": 1.0,
    "support": 2.0
  },
  "20": {
    "precision": 1.0,
    "recall": 1.0,
    "f1-score": 1.0,
    "support": 1.0
  },
  "21": {
    "precision": 1.0,
    "recall": 1.0,
    "f1-score": 1.0,
    "support": 6.0
  },
  "22": {
    "precision": 1.0,
    "recall": 1.0,
    "f1-score": 1.0,
    "support": 3.0
  },
  "23": {
    "precision": 1.0,
    "recall": 1.0,
    "f1-score": 1.0,
    "support": 1.0
  },
  "24": {
    "precision": 1.0,
    "recall": 1.0,
    "f1-score": 1.0,
    "support": 2.0
  },
  "25": {
    "precision": 1.0,
    "recall": 1.0,
    "f1-score": 1.0,
    "support": 1.0
  },
  "27": {
    "precision": 1.0,
    "recall": 1.0,
    "f1-score": 1.0,
    "support": 1.0
  },
  "30": {
    "precision": 1.0,
    "recall": 1.0,
    "f1-score": 1.0,
    "support": 4.0
  },
  "31": {
    "precision": 1.0,
    "recall": 1.0,
    "f1-score": 1.0,
    "support": 4.0
  },
  "33": {
    "precision": 1.0,
    "recall": 1.0,
    "f1-score": 1.0,
    "support": 3.0
  },
  "34": {
    "precision": 1.0,
    "recall": 1.0,
    "f1-score": 1.0,
    "support": 1.0
  },
  "35": {
    "precision": 1.0,
    "recall": 1.0,
    "f1-score": 1.0,
    "support": 3.0
  },
  "36": {
    "precision": 1.0,
    "recall": 1.0,
    "f1-score": 1.0,
    "support": 3.0
  },
  "38": {
    "precision": 1.0,
    "recall": 1.0,
    "f1-score": 1.0,
    "support": 6.0
  },
  "41": {
    "precision": 1.0,
    "recall": 1.0,
    "f1-score": 1.0,
    "support": 1.0
  },
  "43": {
    "precision": 1.0,
    "recall": 1.0,
    "f1-score": 1.0,
    "support": 1.0
  },
  "45": {
    "precision": 1.0,
    "recall": 1.0,
    "f1-score": 1.0,
    "support": 3.0
  },
  "47": {
    "precision": 1.0,
    "recall": 1.0,
    "f1-score": 1.0,
    "support": 4.0
  },
  "49": {
    "precision": 1.0,
    "recall": 1.0,
    "f1-score": 1.0,
    "support": 97.0
  },
  "50": {
    "precision": 1.0,
    "recall": 1.0,
    "f1-score": 1.0,
    "support": 3.0
  },
  "54": {
    "precision": 1.0,
    "recall": 1.0,
    "f1-score": 1.0,
    "support": 1.0
  },
  "55": {
    "precision": 1.0,
    "recall": 1.0,
    "f1-score": 1.0,
    "support": 1.0
  },
  "57": {
    "precision": 1.0,
    "recall": 1.0,
    "f1-score": 1.0,
    "support": 1.0
  },
  "61": {
    "precision": 1.0,
    "recall": 1.0,
    "f1-score": 1.0,
    "support": 2.0
  },
  "63": {
    "precision": 1.0,
    "recall": 1.0,
    "f1-score": 1.0,
    "support": 2.0
  },
  "65": {
    "precision": 1.0,
    "recall": 1.0,
    "f1-score": 1.0,
    "support": 1.0
  },
  "66": {
    "precision": 1.0,
    "recall": 1.0,
    "f1-score": 1.0,
    "support": 3.0
  },
  "67": {
    "precision": 1.0,
    "recall": 1.0,
    "f1-score": 1.0,
    "support": 4.0
  },
  "68": {
    "precision": 1.0,
    "recall": 1.0,
    "f1-score": 1.0,
    "support": 2.0
  },
  "accuracy": 1.0,
  "macro avg": {
    "precision": 1.0,
    "recall": 1.0,
    "f1-score": 1.0,
    "support": 198.0
  },
  "weighted avg": {
    "precision": 1.0,
    "recall": 1.0,
    "f1-score": 1.0,
    "support": 198.0
  }
}
2024-12-13 21:45:03,129 - __main__ - INFO - BERT training completed. Results: {'0': {'precision': 1.0, 'recall': 1.0, 'f1-score': 1.0, 'support': 2.0}, '2': {'precision': 1.0, 'recall': 1.0, 'f1-score': 1.0, 'support': 4.0}, '3': {'precision': 1.0, 'recall': 1.0, 'f1-score': 1.0, 'support': 4.0}, '4': {'precision': 1.0, 'recall': 1.0, 'f1-score': 1.0, 'support': 6.0}, '5': {'precision': 1.0, 'recall': 1.0, 'f1-score': 1.0, 'support': 7.0}, '8': {'precision': 1.0, 'recall': 1.0, 'f1-score': 1.0, 'support': 1.0}, '12': {'precision': 1.0, 'recall': 1.0, 'f1-score': 1.0, 'support': 4.0}, '15': {'precision': 1.0, 'recall': 1.0, 'f1-score': 1.0, 'support': 2.0}, '16': {'precision': 1.0, 'recall': 1.0, 'f1-score': 1.0, 'support': 1.0}, '17': {'precision': 1.0, 'recall': 1.0, 'f1-score': 1.0, 'support': 2.0}, '20': {'precision': 1.0, 'recall': 1.0, 'f1-score': 1.0, 'support': 1.0}, '21': {'precision': 1.0, 'recall': 1.0, 'f1-score': 1.0, 'support': 6.0}, '22': {'precision': 1.0, 'recall': 1.0, 'f1-score': 1.0, 'support': 3.0}, '23': {'precision': 1.0, 'recall': 1.0, 'f1-score': 1.0, 'support': 1.0}, '24': {'precision': 1.0, 'recall': 1.0, 'f1-score': 1.0, 'support': 2.0}, '25': {'precision': 1.0, 'recall': 1.0, 'f1-score': 1.0, 'support': 1.0}, '27': {'precision': 1.0, 'recall': 1.0, 'f1-score': 1.0, 'support': 1.0}, '30': {'precision': 1.0, 'recall': 1.0, 'f1-score': 1.0, 'support': 4.0}, '31': {'precision': 1.0, 'recall': 1.0, 'f1-score': 1.0, 'support': 4.0}, '33': {'precision': 1.0, 'recall': 1.0, 'f1-score': 1.0, 'support': 3.0}, '34': {'precision': 1.0, 'recall': 1.0, 'f1-score': 1.0, 'support': 1.0}, '35': {'precision': 1.0, 'recall': 1.0, 'f1-score': 1.0, 'support': 3.0}, '36': {'precision': 1.0, 'recall': 1.0, 'f1-score': 1.0, 'support': 3.0}, '38': {'precision': 1.0, 'recall': 1.0, 'f1-score': 1.0, 'support': 6.0}, '41': {'precision': 1.0, 'recall': 1.0, 'f1-score': 1.0, 'support': 1.0}, '43': {'precision': 1.0, 'recall': 1.0, 'f1-score': 1.0, 'support': 1.0}, '45': {'precision': 1.0, 'recall': 1.0, 'f1-score': 1.0, 'support': 3.0}, '47': {'precision': 1.0, 'recall': 1.0, 'f1-score': 1.0, 'support': 4.0}, '49': {'precision': 1.0, 'recall': 1.0, 'f1-score': 1.0, 'support': 97.0}, '50': {'precision': 1.0, 'recall': 1.0, 'f1-score': 1.0, 'support': 3.0}, '54': {'precision': 1.0, 'recall': 1.0, 'f1-score': 1.0, 'support': 1.0}, '55': {'precision': 1.0, 'recall': 1.0, 'f1-score': 1.0, 'support': 1.0}, '57': {'precision': 1.0, 'recall': 1.0, 'f1-score': 1.0, 'support': 1.0}, '61': {'precision': 1.0, 'recall': 1.0, 'f1-score': 1.0, 'support': 2.0}, '63': {'precision': 1.0, 'recall': 1.0, 'f1-score': 1.0, 'support': 2.0}, '65': {'precision': 1.0, 'recall': 1.0, 'f1-score': 1.0, 'support': 1.0}, '66': {'precision': 1.0, 'recall': 1.0, 'f1-score': 1.0, 'support': 3.0}, '67': {'precision': 1.0, 'recall': 1.0, 'f1-score': 1.0, 'support': 4.0}, '68': {'precision': 1.0, 'recall': 1.0, 'f1-score': 1.0, 'support': 2.0}, 'accuracy': 1.0, 'macro avg': {'precision': 1.0, 'recall': 1.0, 'f1-score': 1.0, 'support': 198.0}, 'weighted avg': {'precision': 1.0, 'recall': 1.0, 'f1-score': 1.0, 'support': 198.0}}
2024-12-13 21:52:09,129 - __main__ - INFO - Starting BERT training...
2024-12-13 21:52:09,132 - __main__ - INFO - Created mapping for 69 unique narratives
2024-12-13 21:52:09,135 - __main__ - INFO - Number of unique labels in mapping: 69
2024-12-13 21:52:09,136 - __main__ - INFO - Sample text: world need peacemaker trump jeff crouere liberty daily world total chaos month biden presidency sout
2024-12-13 21:52:09,137 - __main__ - INFO - Sample label: 49
2024-12-13 21:52:09,380 - __main__ - INFO - Model saved to c:\Users\leonb\OneDrive\Dokumente\Studium\Master\Sem1\NLP and InfExt\practical\nlp_Backpropagandists_2024\code\svm_model.joblib
2024-12-13 21:52:09,394 - __main__ - INFO - Vectorizer saved to c:\Users\leonb\OneDrive\Dokumente\Studium\Master\Sem1\NLP and InfExt\practical\nlp_Backpropagandists_2024\code\tfidf_vectorizer.joblib
2024-12-13 21:52:09,409 - __main__ - INFO - Training classification report:
2024-12-13 21:52:09,410 - __main__ - INFO - {
  "0": {
    "precision": 1.0,
    "recall": 1.0,
    "f1-score": 1.0,
    "support": 2.0
  },
  "2": {
    "precision": 1.0,
    "recall": 1.0,
    "f1-score": 1.0,
    "support": 4.0
  },
  "3": {
    "precision": 1.0,
    "recall": 1.0,
    "f1-score": 1.0,
    "support": 4.0
  },
  "4": {
    "precision": 1.0,
    "recall": 1.0,
    "f1-score": 1.0,
    "support": 6.0
  },
  "5": {
    "precision": 1.0,
    "recall": 1.0,
    "f1-score": 1.0,
    "support": 7.0
  },
  "8": {
    "precision": 1.0,
    "recall": 1.0,
    "f1-score": 1.0,
    "support": 1.0
  },
  "12": {
    "precision": 1.0,
    "recall": 1.0,
    "f1-score": 1.0,
    "support": 4.0
  },
  "15": {
    "precision": 1.0,
    "recall": 1.0,
    "f1-score": 1.0,
    "support": 2.0
  },
  "16": {
    "precision": 1.0,
    "recall": 1.0,
    "f1-score": 1.0,
    "support": 1.0
  },
  "17": {
    "precision": 1.0,
    "recall": 1.0,
    "f1-score": 1.0,
    "support": 2.0
  },
  "20": {
    "precision": 1.0,
    "recall": 1.0,
    "f1-score": 1.0,
    "support": 1.0
  },
  "21": {
    "precision": 1.0,
    "recall": 1.0,
    "f1-score": 1.0,
    "support": 6.0
  },
  "22": {
    "precision": 1.0,
    "recall": 1.0,
    "f1-score": 1.0,
    "support": 3.0
  },
  "23": {
    "precision": 1.0,
    "recall": 1.0,
    "f1-score": 1.0,
    "support": 1.0
  },
  "24": {
    "precision": 1.0,
    "recall": 1.0,
    "f1-score": 1.0,
    "support": 2.0
  },
  "25": {
    "precision": 1.0,
    "recall": 1.0,
    "f1-score": 1.0,
    "support": 1.0
  },
  "27": {
    "precision": 1.0,
    "recall": 1.0,
    "f1-score": 1.0,
    "support": 1.0
  },
  "30": {
    "precision": 1.0,
    "recall": 1.0,
    "f1-score": 1.0,
    "support": 4.0
  },
  "31": {
    "precision": 1.0,
    "recall": 1.0,
    "f1-score": 1.0,
    "support": 4.0
  },
  "33": {
    "precision": 1.0,
    "recall": 1.0,
    "f1-score": 1.0,
    "support": 3.0
  },
  "34": {
    "precision": 1.0,
    "recall": 1.0,
    "f1-score": 1.0,
    "support": 1.0
  },
  "35": {
    "precision": 1.0,
    "recall": 1.0,
    "f1-score": 1.0,
    "support": 3.0
  },
  "36": {
    "precision": 1.0,
    "recall": 1.0,
    "f1-score": 1.0,
    "support": 3.0
  },
  "38": {
    "precision": 1.0,
    "recall": 1.0,
    "f1-score": 1.0,
    "support": 6.0
  },
  "41": {
    "precision": 1.0,
    "recall": 1.0,
    "f1-score": 1.0,
    "support": 1.0
  },
  "43": {
    "precision": 1.0,
    "recall": 1.0,
    "f1-score": 1.0,
    "support": 1.0
  },
  "45": {
    "precision": 1.0,
    "recall": 1.0,
    "f1-score": 1.0,
    "support": 3.0
  },
  "47": {
    "precision": 1.0,
    "recall": 1.0,
    "f1-score": 1.0,
    "support": 4.0
  },
  "49": {
    "precision": 1.0,
    "recall": 1.0,
    "f1-score": 1.0,
    "support": 97.0
  },
  "50": {
    "precision": 1.0,
    "recall": 1.0,
    "f1-score": 1.0,
    "support": 3.0
  },
  "54": {
    "precision": 1.0,
    "recall": 1.0,
    "f1-score": 1.0,
    "support": 1.0
  },
  "55": {
    "precision": 1.0,
    "recall": 1.0,
    "f1-score": 1.0,
    "support": 1.0
  },
  "57": {
    "precision": 1.0,
    "recall": 1.0,
    "f1-score": 1.0,
    "support": 1.0
  },
  "61": {
    "precision": 1.0,
    "recall": 1.0,
    "f1-score": 1.0,
    "support": 2.0
  },
  "63": {
    "precision": 1.0,
    "recall": 1.0,
    "f1-score": 1.0,
    "support": 2.0
  },
  "65": {
    "precision": 1.0,
    "recall": 1.0,
    "f1-score": 1.0,
    "support": 1.0
  },
  "66": {
    "precision": 1.0,
    "recall": 1.0,
    "f1-score": 1.0,
    "support": 3.0
  },
  "67": {
    "precision": 1.0,
    "recall": 1.0,
    "f1-score": 1.0,
    "support": 4.0
  },
  "68": {
    "precision": 1.0,
    "recall": 1.0,
    "f1-score": 1.0,
    "support": 2.0
  },
  "accuracy": 1.0,
  "macro avg": {
    "precision": 1.0,
    "recall": 1.0,
    "f1-score": 1.0,
    "support": 198.0
  },
  "weighted avg": {
    "precision": 1.0,
    "recall": 1.0,
    "f1-score": 1.0,
    "support": 198.0
  }
}
2024-12-13 21:52:09,412 - __main__ - INFO - BERT training completed. Results: {'0': {'precision': 1.0, 'recall': 1.0, 'f1-score': 1.0, 'support': 2.0}, '2': {'precision': 1.0, 'recall': 1.0, 'f1-score': 1.0, 'support': 4.0}, '3': {'precision': 1.0, 'recall': 1.0, 'f1-score': 1.0, 'support': 4.0}, '4': {'precision': 1.0, 'recall': 1.0, 'f1-score': 1.0, 'support': 6.0}, '5': {'precision': 1.0, 'recall': 1.0, 'f1-score': 1.0, 'support': 7.0}, '8': {'precision': 1.0, 'recall': 1.0, 'f1-score': 1.0, 'support': 1.0}, '12': {'precision': 1.0, 'recall': 1.0, 'f1-score': 1.0, 'support': 4.0}, '15': {'precision': 1.0, 'recall': 1.0, 'f1-score': 1.0, 'support': 2.0}, '16': {'precision': 1.0, 'recall': 1.0, 'f1-score': 1.0, 'support': 1.0}, '17': {'precision': 1.0, 'recall': 1.0, 'f1-score': 1.0, 'support': 2.0}, '20': {'precision': 1.0, 'recall': 1.0, 'f1-score': 1.0, 'support': 1.0}, '21': {'precision': 1.0, 'recall': 1.0, 'f1-score': 1.0, 'support': 6.0}, '22': {'precision': 1.0, 'recall': 1.0, 'f1-score': 1.0, 'support': 3.0}, '23': {'precision': 1.0, 'recall': 1.0, 'f1-score': 1.0, 'support': 1.0}, '24': {'precision': 1.0, 'recall': 1.0, 'f1-score': 1.0, 'support': 2.0}, '25': {'precision': 1.0, 'recall': 1.0, 'f1-score': 1.0, 'support': 1.0}, '27': {'precision': 1.0, 'recall': 1.0, 'f1-score': 1.0, 'support': 1.0}, '30': {'precision': 1.0, 'recall': 1.0, 'f1-score': 1.0, 'support': 4.0}, '31': {'precision': 1.0, 'recall': 1.0, 'f1-score': 1.0, 'support': 4.0}, '33': {'precision': 1.0, 'recall': 1.0, 'f1-score': 1.0, 'support': 3.0}, '34': {'precision': 1.0, 'recall': 1.0, 'f1-score': 1.0, 'support': 1.0}, '35': {'precision': 1.0, 'recall': 1.0, 'f1-score': 1.0, 'support': 3.0}, '36': {'precision': 1.0, 'recall': 1.0, 'f1-score': 1.0, 'support': 3.0}, '38': {'precision': 1.0, 'recall': 1.0, 'f1-score': 1.0, 'support': 6.0}, '41': {'precision': 1.0, 'recall': 1.0, 'f1-score': 1.0, 'support': 1.0}, '43': {'precision': 1.0, 'recall': 1.0, 'f1-score': 1.0, 'support': 1.0}, '45': {'precision': 1.0, 'recall': 1.0, 'f1-score': 1.0, 'support': 3.0}, '47': {'precision': 1.0, 'recall': 1.0, 'f1-score': 1.0, 'support': 4.0}, '49': {'precision': 1.0, 'recall': 1.0, 'f1-score': 1.0, 'support': 97.0}, '50': {'precision': 1.0, 'recall': 1.0, 'f1-score': 1.0, 'support': 3.0}, '54': {'precision': 1.0, 'recall': 1.0, 'f1-score': 1.0, 'support': 1.0}, '55': {'precision': 1.0, 'recall': 1.0, 'f1-score': 1.0, 'support': 1.0}, '57': {'precision': 1.0, 'recall': 1.0, 'f1-score': 1.0, 'support': 1.0}, '61': {'precision': 1.0, 'recall': 1.0, 'f1-score': 1.0, 'support': 2.0}, '63': {'precision': 1.0, 'recall': 1.0, 'f1-score': 1.0, 'support': 2.0}, '65': {'precision': 1.0, 'recall': 1.0, 'f1-score': 1.0, 'support': 1.0}, '66': {'precision': 1.0, 'recall': 1.0, 'f1-score': 1.0, 'support': 3.0}, '67': {'precision': 1.0, 'recall': 1.0, 'f1-score': 1.0, 'support': 4.0}, '68': {'precision': 1.0, 'recall': 1.0, 'f1-score': 1.0, 'support': 2.0}, 'accuracy': 1.0, 'macro avg': {'precision': 1.0, 'recall': 1.0, 'f1-score': 1.0, 'support': 198.0}, 'weighted avg': {'precision': 1.0, 'recall': 1.0, 'f1-score': 1.0, 'support': 198.0}}
2024-12-13 21:53:25,493 - __main__ - INFO - Starting BERT training...
2024-12-13 21:54:31,328 - __main__ - INFO - Created mapping for 69 unique narratives
2024-12-13 21:55:07,905 - __main__ - INFO - Number of unique labels in mapping: 69
2024-12-13 21:55:07,905 - __main__ - INFO - Sample text: world need peacemaker trump jeff crouere liberty daily world total chaos month biden presidency sout
2024-12-13 21:55:07,911 - __main__ - INFO - Sample label: 49
2024-12-13 22:03:33,372 - __main__ - INFO - Model saved to c:\Users\leonb\OneDrive\Dokumente\Studium\Master\Sem1\NLP and InfExt\practical\nlp_Backpropagandists_2024\code\svm_model.joblib
2024-12-13 22:03:33,845 - __main__ - INFO - Vectorizer saved to c:\Users\leonb\OneDrive\Dokumente\Studium\Master\Sem1\NLP and InfExt\practical\nlp_Backpropagandists_2024\code\tfidf_vectorizer.joblib
2024-12-13 22:20:38,500 - __main__ - INFO - Training classification report:
2024-12-13 22:20:38,503 - __main__ - INFO - {
  "0": {
    "precision": 1.0,
    "recall": 1.0,
    "f1-score": 1.0,
    "support": 2.0
  },
  "2": {
    "precision": 1.0,
    "recall": 1.0,
    "f1-score": 1.0,
    "support": 4.0
  },
  "3": {
    "precision": 1.0,
    "recall": 1.0,
    "f1-score": 1.0,
    "support": 4.0
  },
  "4": {
    "precision": 1.0,
    "recall": 1.0,
    "f1-score": 1.0,
    "support": 6.0
  },
  "5": {
    "precision": 1.0,
    "recall": 1.0,
    "f1-score": 1.0,
    "support": 7.0
  },
  "8": {
    "precision": 1.0,
    "recall": 1.0,
    "f1-score": 1.0,
    "support": 1.0
  },
  "12": {
    "precision": 1.0,
    "recall": 1.0,
    "f1-score": 1.0,
    "support": 4.0
  },
  "15": {
    "precision": 1.0,
    "recall": 1.0,
    "f1-score": 1.0,
    "support": 2.0
  },
  "16": {
    "precision": 1.0,
    "recall": 1.0,
    "f1-score": 1.0,
    "support": 1.0
  },
  "17": {
    "precision": 1.0,
    "recall": 1.0,
    "f1-score": 1.0,
    "support": 2.0
  },
  "20": {
    "precision": 1.0,
    "recall": 1.0,
    "f1-score": 1.0,
    "support": 1.0
  },
  "21": {
    "precision": 1.0,
    "recall": 1.0,
    "f1-score": 1.0,
    "support": 6.0
  },
  "22": {
    "precision": 1.0,
    "recall": 1.0,
    "f1-score": 1.0,
    "support": 3.0
  },
  "23": {
    "precision": 1.0,
    "recall": 1.0,
    "f1-score": 1.0,
    "support": 1.0
  },
  "24": {
    "precision": 1.0,
    "recall": 1.0,
    "f1-score": 1.0,
    "support": 2.0
  },
  "25": {
    "precision": 1.0,
    "recall": 1.0,
    "f1-score": 1.0,
    "support": 1.0
  },
  "27": {
    "precision": 1.0,
    "recall": 1.0,
    "f1-score": 1.0,
    "support": 1.0
  },
  "30": {
    "precision": 1.0,
    "recall": 1.0,
    "f1-score": 1.0,
    "support": 4.0
  },
  "31": {
    "precision": 1.0,
    "recall": 1.0,
    "f1-score": 1.0,
    "support": 4.0
  },
  "33": {
    "precision": 1.0,
    "recall": 1.0,
    "f1-score": 1.0,
    "support": 3.0
  },
  "34": {
    "precision": 1.0,
    "recall": 1.0,
    "f1-score": 1.0,
    "support": 1.0
  },
  "35": {
    "precision": 1.0,
    "recall": 1.0,
    "f1-score": 1.0,
    "support": 3.0
  },
  "36": {
    "precision": 1.0,
    "recall": 1.0,
    "f1-score": 1.0,
    "support": 3.0
  },
  "38": {
    "precision": 1.0,
    "recall": 1.0,
    "f1-score": 1.0,
    "support": 6.0
  },
  "41": {
    "precision": 1.0,
    "recall": 1.0,
    "f1-score": 1.0,
    "support": 1.0
  },
  "43": {
    "precision": 1.0,
    "recall": 1.0,
    "f1-score": 1.0,
    "support": 1.0
  },
  "45": {
    "precision": 1.0,
    "recall": 1.0,
    "f1-score": 1.0,
    "support": 3.0
  },
  "47": {
    "precision": 1.0,
    "recall": 1.0,
    "f1-score": 1.0,
    "support": 4.0
  },
  "49": {
    "precision": 1.0,
    "recall": 1.0,
    "f1-score": 1.0,
    "support": 97.0
  },
  "50": {
    "precision": 1.0,
    "recall": 1.0,
    "f1-score": 1.0,
    "support": 3.0
  },
  "54": {
    "precision": 1.0,
    "recall": 1.0,
    "f1-score": 1.0,
    "support": 1.0
  },
  "55": {
    "precision": 1.0,
    "recall": 1.0,
    "f1-score": 1.0,
    "support": 1.0
  },
  "57": {
    "precision": 1.0,
    "recall": 1.0,
    "f1-score": 1.0,
    "support": 1.0
  },
  "61": {
    "precision": 1.0,
    "recall": 1.0,
    "f1-score": 1.0,
    "support": 2.0
  },
  "63": {
    "precision": 1.0,
    "recall": 1.0,
    "f1-score": 1.0,
    "support": 2.0
  },
  "65": {
    "precision": 1.0,
    "recall": 1.0,
    "f1-score": 1.0,
    "support": 1.0
  },
  "66": {
    "precision": 1.0,
    "recall": 1.0,
    "f1-score": 1.0,
    "support": 3.0
  },
  "67": {
    "precision": 1.0,
    "recall": 1.0,
    "f1-score": 1.0,
    "support": 4.0
  },
  "68": {
    "precision": 1.0,
    "recall": 1.0,
    "f1-score": 1.0,
    "support": 2.0
  },
  "accuracy": 1.0,
  "macro avg": {
    "precision": 1.0,
    "recall": 1.0,
    "f1-score": 1.0,
    "support": 198.0
  },
  "weighted avg": {
    "precision": 1.0,
    "recall": 1.0,
    "f1-score": 1.0,
    "support": 198.0
  }
}
2024-12-13 22:20:38,503 - __main__ - INFO - BERT training completed. Results: {'0': {'precision': 1.0, 'recall': 1.0, 'f1-score': 1.0, 'support': 2.0}, '2': {'precision': 1.0, 'recall': 1.0, 'f1-score': 1.0, 'support': 4.0}, '3': {'precision': 1.0, 'recall': 1.0, 'f1-score': 1.0, 'support': 4.0}, '4': {'precision': 1.0, 'recall': 1.0, 'f1-score': 1.0, 'support': 6.0}, '5': {'precision': 1.0, 'recall': 1.0, 'f1-score': 1.0, 'support': 7.0}, '8': {'precision': 1.0, 'recall': 1.0, 'f1-score': 1.0, 'support': 1.0}, '12': {'precision': 1.0, 'recall': 1.0, 'f1-score': 1.0, 'support': 4.0}, '15': {'precision': 1.0, 'recall': 1.0, 'f1-score': 1.0, 'support': 2.0}, '16': {'precision': 1.0, 'recall': 1.0, 'f1-score': 1.0, 'support': 1.0}, '17': {'precision': 1.0, 'recall': 1.0, 'f1-score': 1.0, 'support': 2.0}, '20': {'precision': 1.0, 'recall': 1.0, 'f1-score': 1.0, 'support': 1.0}, '21': {'precision': 1.0, 'recall': 1.0, 'f1-score': 1.0, 'support': 6.0}, '22': {'precision': 1.0, 'recall': 1.0, 'f1-score': 1.0, 'support': 3.0}, '23': {'precision': 1.0, 'recall': 1.0, 'f1-score': 1.0, 'support': 1.0}, '24': {'precision': 1.0, 'recall': 1.0, 'f1-score': 1.0, 'support': 2.0}, '25': {'precision': 1.0, 'recall': 1.0, 'f1-score': 1.0, 'support': 1.0}, '27': {'precision': 1.0, 'recall': 1.0, 'f1-score': 1.0, 'support': 1.0}, '30': {'precision': 1.0, 'recall': 1.0, 'f1-score': 1.0, 'support': 4.0}, '31': {'precision': 1.0, 'recall': 1.0, 'f1-score': 1.0, 'support': 4.0}, '33': {'precision': 1.0, 'recall': 1.0, 'f1-score': 1.0, 'support': 3.0}, '34': {'precision': 1.0, 'recall': 1.0, 'f1-score': 1.0, 'support': 1.0}, '35': {'precision': 1.0, 'recall': 1.0, 'f1-score': 1.0, 'support': 3.0}, '36': {'precision': 1.0, 'recall': 1.0, 'f1-score': 1.0, 'support': 3.0}, '38': {'precision': 1.0, 'recall': 1.0, 'f1-score': 1.0, 'support': 6.0}, '41': {'precision': 1.0, 'recall': 1.0, 'f1-score': 1.0, 'support': 1.0}, '43': {'precision': 1.0, 'recall': 1.0, 'f1-score': 1.0, 'support': 1.0}, '45': {'precision': 1.0, 'recall': 1.0, 'f1-score': 1.0, 'support': 3.0}, '47': {'precision': 1.0, 'recall': 1.0, 'f1-score': 1.0, 'support': 4.0}, '49': {'precision': 1.0, 'recall': 1.0, 'f1-score': 1.0, 'support': 97.0}, '50': {'precision': 1.0, 'recall': 1.0, 'f1-score': 1.0, 'support': 3.0}, '54': {'precision': 1.0, 'recall': 1.0, 'f1-score': 1.0, 'support': 1.0}, '55': {'precision': 1.0, 'recall': 1.0, 'f1-score': 1.0, 'support': 1.0}, '57': {'precision': 1.0, 'recall': 1.0, 'f1-score': 1.0, 'support': 1.0}, '61': {'precision': 1.0, 'recall': 1.0, 'f1-score': 1.0, 'support': 2.0}, '63': {'precision': 1.0, 'recall': 1.0, 'f1-score': 1.0, 'support': 2.0}, '65': {'precision': 1.0, 'recall': 1.0, 'f1-score': 1.0, 'support': 1.0}, '66': {'precision': 1.0, 'recall': 1.0, 'f1-score': 1.0, 'support': 3.0}, '67': {'precision': 1.0, 'recall': 1.0, 'f1-score': 1.0, 'support': 4.0}, '68': {'precision': 1.0, 'recall': 1.0, 'f1-score': 1.0, 'support': 2.0}, 'accuracy': 1.0, 'macro avg': {'precision': 1.0, 'recall': 1.0, 'f1-score': 1.0, 'support': 198.0}, 'weighted avg': {'precision': 1.0, 'recall': 1.0, 'f1-score': 1.0, 'support': 198.0}}
2024-12-13 22:36:42,052 - __main__ - INFO - Starting BERT training...
2024-12-13 22:36:42,056 - __main__ - INFO - Created mapping for 69 unique narratives
2024-12-13 22:36:42,059 - __main__ - INFO - Number of unique labels in mapping: 69
2024-12-13 22:36:42,060 - __main__ - INFO - Sample text: world need peacemaker trump jeff crouere liberty daily world total chaos month biden presidency sout
2024-12-13 22:36:42,062 - __main__ - INFO - Sample label: 49
2024-12-13 22:36:42,546 - __main__ - INFO - Model saved to c:\Users\leonb\OneDrive\Dokumente\Studium\Master\Sem1\NLP and InfExt\practical\nlp_Backpropagandists_2024\code\svm_model.joblib
2024-12-13 22:36:42,550 - __main__ - INFO - Vectorizer saved to c:\Users\leonb\OneDrive\Dokumente\Studium\Master\Sem1\NLP and InfExt\practical\nlp_Backpropagandists_2024\code\tfidf_vectorizer.joblib
2024-12-13 22:36:42,579 - __main__ - INFO - Training classification report:
2024-12-13 22:36:42,580 - __main__ - INFO - {
  "0": {
    "precision": 0.0,
    "recall": 0.0,
    "f1-score": 0.0,
    "support": 1.0
  },
  "2": {
    "precision": 0.0,
    "recall": 0.0,
    "f1-score": 0.0,
    "support": 1.0
  },
  "3": {
    "precision": 0.0,
    "recall": 0.0,
    "f1-score": 0.0,
    "support": 1.0
  },
  "4": {
    "precision": 0.5,
    "recall": 1.0,
    "f1-score": 0.6666666666666666,
    "support": 1.0
  },
  "5": {
    "precision": 0.3333333333333333,
    "recall": 1.0,
    "f1-score": 0.5,
    "support": 1.0
  },
  "12": {
    "precision": 0.0,
    "recall": 0.0,
    "f1-score": 0.0,
    "support": 1.0
  },
  "17": {
    "precision": 0.0,
    "recall": 0.0,
    "f1-score": 0.0,
    "support": 1.0
  },
  "21": {
    "precision": 0.0,
    "recall": 0.0,
    "f1-score": 0.0,
    "support": 1.0
  },
  "22": {
    "precision": 0.0,
    "recall": 0.0,
    "f1-score": 0.0,
    "support": 1.0
  },
  "24": {
    "precision": 0.0,
    "recall": 0.0,
    "f1-score": 0.0,
    "support": 1.0
  },
  "30": {
    "precision": 1.0,
    "recall": 1.0,
    "f1-score": 1.0,
    "support": 1.0
  },
  "33": {
    "precision": 0.0,
    "recall": 0.0,
    "f1-score": 0.0,
    "support": 1.0
  },
  "36": {
    "precision": 0.0,
    "recall": 0.0,
    "f1-score": 0.0,
    "support": 1.0
  },
  "41": {
    "precision": 0.0,
    "recall": 0.0,
    "f1-score": 0.0,
    "support": 1.0
  },
  "45": {
    "precision": 0.0,
    "recall": 0.0,
    "f1-score": 0.0,
    "support": 1.0
  },
  "49": {
    "precision": 0.5757575757575758,
    "recall": 0.95,
    "f1-score": 0.7169811320754716,
    "support": 20.0
  },
  "54": {
    "precision": 0.0,
    "recall": 0.0,
    "f1-score": 0.0,
    "support": 1.0
  },
  "61": {
    "precision": 0.0,
    "recall": 0.0,
    "f1-score": 0.0,
    "support": 1.0
  },
  "66": {
    "precision": 1.0,
    "recall": 1.0,
    "f1-score": 1.0,
    "support": 1.0
  },
  "68": {
    "precision": 0.0,
    "recall": 0.0,
    "f1-score": 0.0,
    "support": 2.0
  },
  "accuracy": 0.575,
  "macro avg": {
    "precision": 0.17045454545454547,
    "recall": 0.2475,
    "f1-score": 0.1941823899371069,
    "support": 40.0
  },
  "weighted avg": {
    "precision": 0.35871212121212126,
    "recall": 0.575,
    "f1-score": 0.4376572327044025,
    "support": 40.0
  }
}
2024-12-13 22:36:42,581 - __main__ - INFO - BERT training completed. Results: {'0': {'precision': 0.0, 'recall': 0.0, 'f1-score': 0.0, 'support': 1.0}, '2': {'precision': 0.0, 'recall': 0.0, 'f1-score': 0.0, 'support': 1.0}, '3': {'precision': 0.0, 'recall': 0.0, 'f1-score': 0.0, 'support': 1.0}, '4': {'precision': 0.5, 'recall': 1.0, 'f1-score': 0.6666666666666666, 'support': 1.0}, '5': {'precision': 0.3333333333333333, 'recall': 1.0, 'f1-score': 0.5, 'support': 1.0}, '12': {'precision': 0.0, 'recall': 0.0, 'f1-score': 0.0, 'support': 1.0}, '17': {'precision': 0.0, 'recall': 0.0, 'f1-score': 0.0, 'support': 1.0}, '21': {'precision': 0.0, 'recall': 0.0, 'f1-score': 0.0, 'support': 1.0}, '22': {'precision': 0.0, 'recall': 0.0, 'f1-score': 0.0, 'support': 1.0}, '24': {'precision': 0.0, 'recall': 0.0, 'f1-score': 0.0, 'support': 1.0}, '30': {'precision': 1.0, 'recall': 1.0, 'f1-score': 1.0, 'support': 1.0}, '33': {'precision': 0.0, 'recall': 0.0, 'f1-score': 0.0, 'support': 1.0}, '36': {'precision': 0.0, 'recall': 0.0, 'f1-score': 0.0, 'support': 1.0}, '41': {'precision': 0.0, 'recall': 0.0, 'f1-score': 0.0, 'support': 1.0}, '45': {'precision': 0.0, 'recall': 0.0, 'f1-score': 0.0, 'support': 1.0}, '49': {'precision': 0.5757575757575758, 'recall': 0.95, 'f1-score': 0.7169811320754716, 'support': 20.0}, '54': {'precision': 0.0, 'recall': 0.0, 'f1-score': 0.0, 'support': 1.0}, '61': {'precision': 0.0, 'recall': 0.0, 'f1-score': 0.0, 'support': 1.0}, '66': {'precision': 1.0, 'recall': 1.0, 'f1-score': 1.0, 'support': 1.0}, '68': {'precision': 0.0, 'recall': 0.0, 'f1-score': 0.0, 'support': 2.0}, 'accuracy': 0.575, 'macro avg': {'precision': 0.17045454545454547, 'recall': 0.2475, 'f1-score': 0.1941823899371069, 'support': 40.0}, 'weighted avg': {'precision': 0.35871212121212126, 'recall': 0.575, 'f1-score': 0.4376572327044025, 'support': 40.0}}
2024-12-13 22:53:08,355 - __main__ - INFO - Starting BERT training...
2024-12-13 22:53:08,357 - __main__ - INFO - Created mapping for 69 unique narratives
2024-12-13 22:53:08,361 - __main__ - INFO - Number of unique labels in mapping: 69
2024-12-13 22:53:08,363 - __main__ - INFO - Sample text: world need peacemaker trump jeff crouere liberty daily world total chaos month biden presidency sout
2024-12-13 22:53:08,364 - __main__ - INFO - Sample label: 49
2024-12-13 22:53:08,850 - __main__ - INFO - Model saved to c:\Users\leonb\OneDrive\Dokumente\Studium\Master\Sem1\NLP and InfExt\practical\nlp_Backpropagandists_2024\code\svm_model.joblib
2024-12-13 22:53:08,850 - __main__ - INFO - Vectorizer saved to c:\Users\leonb\OneDrive\Dokumente\Studium\Master\Sem1\NLP and InfExt\practical\nlp_Backpropagandists_2024\code\tfidf_vectorizer.joblib
2024-12-13 22:53:08,887 - __main__ - INFO - Training classification report:
2024-12-13 22:53:08,888 - __main__ - INFO - {
  "0": {
    "precision": 0.0,
    "recall": 0.0,
    "f1-score": 0.0,
    "support": 1.0
  },
  "2": {
    "precision": 0.0,
    "recall": 0.0,
    "f1-score": 0.0,
    "support": 1.0
  },
  "3": {
    "precision": 0.0,
    "recall": 0.0,
    "f1-score": 0.0,
    "support": 1.0
  },
  "4": {
    "precision": 0.5,
    "recall": 1.0,
    "f1-score": 0.6666666666666666,
    "support": 1.0
  },
  "5": {
    "precision": 0.3333333333333333,
    "recall": 1.0,
    "f1-score": 0.5,
    "support": 1.0
  },
  "12": {
    "precision": 0.0,
    "recall": 0.0,
    "f1-score": 0.0,
    "support": 1.0
  },
  "17": {
    "precision": 0.0,
    "recall": 0.0,
    "f1-score": 0.0,
    "support": 1.0
  },
  "21": {
    "precision": 0.0,
    "recall": 0.0,
    "f1-score": 0.0,
    "support": 1.0
  },
  "22": {
    "precision": 0.0,
    "recall": 0.0,
    "f1-score": 0.0,
    "support": 1.0
  },
  "24": {
    "precision": 0.0,
    "recall": 0.0,
    "f1-score": 0.0,
    "support": 1.0
  },
  "30": {
    "precision": 1.0,
    "recall": 1.0,
    "f1-score": 1.0,
    "support": 1.0
  },
  "33": {
    "precision": 0.0,
    "recall": 0.0,
    "f1-score": 0.0,
    "support": 1.0
  },
  "36": {
    "precision": 0.0,
    "recall": 0.0,
    "f1-score": 0.0,
    "support": 1.0
  },
  "41": {
    "precision": 0.0,
    "recall": 0.0,
    "f1-score": 0.0,
    "support": 1.0
  },
  "45": {
    "precision": 0.0,
    "recall": 0.0,
    "f1-score": 0.0,
    "support": 1.0
  },
  "49": {
    "precision": 0.5757575757575758,
    "recall": 0.95,
    "f1-score": 0.7169811320754716,
    "support": 20.0
  },
  "54": {
    "precision": 0.0,
    "recall": 0.0,
    "f1-score": 0.0,
    "support": 1.0
  },
  "61": {
    "precision": 0.0,
    "recall": 0.0,
    "f1-score": 0.0,
    "support": 1.0
  },
  "66": {
    "precision": 1.0,
    "recall": 1.0,
    "f1-score": 1.0,
    "support": 1.0
  },
  "68": {
    "precision": 0.0,
    "recall": 0.0,
    "f1-score": 0.0,
    "support": 2.0
  },
  "accuracy": 0.575,
  "macro avg": {
    "precision": 0.17045454545454547,
    "recall": 0.2475,
    "f1-score": 0.1941823899371069,
    "support": 40.0
  },
  "weighted avg": {
    "precision": 0.35871212121212126,
    "recall": 0.575,
    "f1-score": 0.4376572327044025,
    "support": 40.0
  }
}
2024-12-13 22:53:08,888 - __main__ - INFO - BERT training completed. Results: {'0': {'precision': 0.0, 'recall': 0.0, 'f1-score': 0.0, 'support': 1.0}, '2': {'precision': 0.0, 'recall': 0.0, 'f1-score': 0.0, 'support': 1.0}, '3': {'precision': 0.0, 'recall': 0.0, 'f1-score': 0.0, 'support': 1.0}, '4': {'precision': 0.5, 'recall': 1.0, 'f1-score': 0.6666666666666666, 'support': 1.0}, '5': {'precision': 0.3333333333333333, 'recall': 1.0, 'f1-score': 0.5, 'support': 1.0}, '12': {'precision': 0.0, 'recall': 0.0, 'f1-score': 0.0, 'support': 1.0}, '17': {'precision': 0.0, 'recall': 0.0, 'f1-score': 0.0, 'support': 1.0}, '21': {'precision': 0.0, 'recall': 0.0, 'f1-score': 0.0, 'support': 1.0}, '22': {'precision': 0.0, 'recall': 0.0, 'f1-score': 0.0, 'support': 1.0}, '24': {'precision': 0.0, 'recall': 0.0, 'f1-score': 0.0, 'support': 1.0}, '30': {'precision': 1.0, 'recall': 1.0, 'f1-score': 1.0, 'support': 1.0}, '33': {'precision': 0.0, 'recall': 0.0, 'f1-score': 0.0, 'support': 1.0}, '36': {'precision': 0.0, 'recall': 0.0, 'f1-score': 0.0, 'support': 1.0}, '41': {'precision': 0.0, 'recall': 0.0, 'f1-score': 0.0, 'support': 1.0}, '45': {'precision': 0.0, 'recall': 0.0, 'f1-score': 0.0, 'support': 1.0}, '49': {'precision': 0.5757575757575758, 'recall': 0.95, 'f1-score': 0.7169811320754716, 'support': 20.0}, '54': {'precision': 0.0, 'recall': 0.0, 'f1-score': 0.0, 'support': 1.0}, '61': {'precision': 0.0, 'recall': 0.0, 'f1-score': 0.0, 'support': 1.0}, '66': {'precision': 1.0, 'recall': 1.0, 'f1-score': 1.0, 'support': 1.0}, '68': {'precision': 0.0, 'recall': 0.0, 'f1-score': 0.0, 'support': 2.0}, 'accuracy': 0.575, 'macro avg': {'precision': 0.17045454545454547, 'recall': 0.2475, 'f1-score': 0.1941823899371069, 'support': 40.0}, 'weighted avg': {'precision': 0.35871212121212126, 'recall': 0.575, 'f1-score': 0.4376572327044025, 'support': 40.0}}
2024-12-13 23:00:44,085 - __main__ - INFO - Starting BERT training...
2024-12-13 23:00:49,731 - __main__ - INFO - Created mapping for 69 unique narratives
2024-12-13 23:00:50,312 - __main__ - INFO - Number of unique labels in mapping: 69
2024-12-13 23:00:50,314 - __main__ - INFO - Sample text: world need peacemaker trump jeff crouere liberty daily world total chaos month biden presidency sout
2024-12-13 23:00:50,315 - __main__ - INFO - Sample label: 49
2024-12-13 23:10:35,857 - __main__ - INFO - Model saved to c:\Users\leonb\OneDrive\Dokumente\Studium\Master\Sem1\NLP and InfExt\practical\nlp_Backpropagandists_2024\code\svm_model.joblib
2024-12-13 23:10:35,858 - __main__ - INFO - Vectorizer saved to c:\Users\leonb\OneDrive\Dokumente\Studium\Master\Sem1\NLP and InfExt\practical\nlp_Backpropagandists_2024\code\tfidf_vectorizer.joblib
2024-12-13 23:10:35,883 - __main__ - INFO - Training classification report:
2024-12-13 23:10:35,885 - __main__ - INFO - {
  "0": {
    "precision": 0.0,
    "recall": 0.0,
    "f1-score": 0.0,
    "support": 1.0
  },
  "2": {
    "precision": 0.0,
    "recall": 0.0,
    "f1-score": 0.0,
    "support": 1.0
  },
  "3": {
    "precision": 0.0,
    "recall": 0.0,
    "f1-score": 0.0,
    "support": 1.0
  },
  "4": {
    "precision": 0.5,
    "recall": 1.0,
    "f1-score": 0.6666666666666666,
    "support": 1.0
  },
  "5": {
    "precision": 0.3333333333333333,
    "recall": 1.0,
    "f1-score": 0.5,
    "support": 1.0
  },
  "12": {
    "precision": 0.0,
    "recall": 0.0,
    "f1-score": 0.0,
    "support": 1.0
  },
  "17": {
    "precision": 0.0,
    "recall": 0.0,
    "f1-score": 0.0,
    "support": 1.0
  },
  "21": {
    "precision": 0.0,
    "recall": 0.0,
    "f1-score": 0.0,
    "support": 1.0
  },
  "22": {
    "precision": 0.0,
    "recall": 0.0,
    "f1-score": 0.0,
    "support": 1.0
  },
  "24": {
    "precision": 0.0,
    "recall": 0.0,
    "f1-score": 0.0,
    "support": 1.0
  },
  "30": {
    "precision": 1.0,
    "recall": 1.0,
    "f1-score": 1.0,
    "support": 1.0
  },
  "33": {
    "precision": 0.0,
    "recall": 0.0,
    "f1-score": 0.0,
    "support": 1.0
  },
  "36": {
    "precision": 0.0,
    "recall": 0.0,
    "f1-score": 0.0,
    "support": 1.0
  },
  "41": {
    "precision": 0.0,
    "recall": 0.0,
    "f1-score": 0.0,
    "support": 1.0
  },
  "45": {
    "precision": 0.0,
    "recall": 0.0,
    "f1-score": 0.0,
    "support": 1.0
  },
  "49": {
    "precision": 0.5757575757575758,
    "recall": 0.95,
    "f1-score": 0.7169811320754716,
    "support": 20.0
  },
  "54": {
    "precision": 0.0,
    "recall": 0.0,
    "f1-score": 0.0,
    "support": 1.0
  },
  "61": {
    "precision": 0.0,
    "recall": 0.0,
    "f1-score": 0.0,
    "support": 1.0
  },
  "66": {
    "precision": 1.0,
    "recall": 1.0,
    "f1-score": 1.0,
    "support": 1.0
  },
  "68": {
    "precision": 0.0,
    "recall": 0.0,
    "f1-score": 0.0,
    "support": 2.0
  },
  "accuracy": 0.575,
  "macro avg": {
    "precision": 0.17045454545454547,
    "recall": 0.2475,
    "f1-score": 0.1941823899371069,
    "support": 40.0
  },
  "weighted avg": {
    "precision": 0.35871212121212126,
    "recall": 0.575,
    "f1-score": 0.4376572327044025,
    "support": 40.0
  }
}
2024-12-13 23:10:35,889 - __main__ - INFO - BERT training completed. Results: {'0': {'precision': 0.0, 'recall': 0.0, 'f1-score': 0.0, 'support': 1.0}, '2': {'precision': 0.0, 'recall': 0.0, 'f1-score': 0.0, 'support': 1.0}, '3': {'precision': 0.0, 'recall': 0.0, 'f1-score': 0.0, 'support': 1.0}, '4': {'precision': 0.5, 'recall': 1.0, 'f1-score': 0.6666666666666666, 'support': 1.0}, '5': {'precision': 0.3333333333333333, 'recall': 1.0, 'f1-score': 0.5, 'support': 1.0}, '12': {'precision': 0.0, 'recall': 0.0, 'f1-score': 0.0, 'support': 1.0}, '17': {'precision': 0.0, 'recall': 0.0, 'f1-score': 0.0, 'support': 1.0}, '21': {'precision': 0.0, 'recall': 0.0, 'f1-score': 0.0, 'support': 1.0}, '22': {'precision': 0.0, 'recall': 0.0, 'f1-score': 0.0, 'support': 1.0}, '24': {'precision': 0.0, 'recall': 0.0, 'f1-score': 0.0, 'support': 1.0}, '30': {'precision': 1.0, 'recall': 1.0, 'f1-score': 1.0, 'support': 1.0}, '33': {'precision': 0.0, 'recall': 0.0, 'f1-score': 0.0, 'support': 1.0}, '36': {'precision': 0.0, 'recall': 0.0, 'f1-score': 0.0, 'support': 1.0}, '41': {'precision': 0.0, 'recall': 0.0, 'f1-score': 0.0, 'support': 1.0}, '45': {'precision': 0.0, 'recall': 0.0, 'f1-score': 0.0, 'support': 1.0}, '49': {'precision': 0.5757575757575758, 'recall': 0.95, 'f1-score': 0.7169811320754716, 'support': 20.0}, '54': {'precision': 0.0, 'recall': 0.0, 'f1-score': 0.0, 'support': 1.0}, '61': {'precision': 0.0, 'recall': 0.0, 'f1-score': 0.0, 'support': 1.0}, '66': {'precision': 1.0, 'recall': 1.0, 'f1-score': 1.0, 'support': 1.0}, '68': {'precision': 0.0, 'recall': 0.0, 'f1-score': 0.0, 'support': 2.0}, 'accuracy': 0.575, 'macro avg': {'precision': 0.17045454545454547, 'recall': 0.2475, 'f1-score': 0.1941823899371069, 'support': 40.0}, 'weighted avg': {'precision': 0.35871212121212126, 'recall': 0.575, 'f1-score': 0.4376572327044025, 'support': 40.0}}
