2025-01-10 22:52:30,678 - __main__ - INFO - Starting SVM training with TF-IDF on Ukraine War data...
2025-01-10 22:52:30,735 - __main__ - INFO - Created mapping for 50 unique narratives
2025-01-10 22:52:30,771 - __main__ - INFO - Number of unique labels in mapping: 50
2025-01-10 22:52:30,772 - __main__ - INFO - Sample text: ['russia', 'clash', 'erupt', 'bashkortostan', 'right', 'activist', 'sentence', 'russian', 'riot', 'p
2025-01-10 22:52:30,772 - __main__ - INFO - Sample label: [0, 0, 0, 0, 0, 0, 0, 0, 0, 0, 0, 0, 0, 0, 0, 0, 0, 0, 0, 0, 0, 0, 0, 0, 0, 0, 0, 0, 0, 0, 0, 1, 0, 0, 0, 0, 0, 0, 0, 0, 0, 0, 0, 0, 0, 0, 0, 0, 0, 0]
2025-01-10 22:52:31,382 - __main__ - INFO - Model saved to c:\Users\leonb\OneDrive\Dokumente\Studium\Master\Sem1\NLP and InfExt\practical\nlp_Backpropagandists_2024\code/models/svm_model.joblib
2025-01-10 22:52:31,459 - __main__ - INFO - SVM training completed.
2025-01-10 22:52:31,475 - __main__ - INFO - Starting SVM training with TF-IDF on Climate Change data...
2025-01-10 22:52:31,490 - __main__ - INFO - Created mapping for 46 unique narratives
2025-01-10 22:52:31,503 - __main__ - INFO - Number of unique labels in mapping: 46
2025-01-10 22:52:31,506 - __main__ - INFO - Sample text: ['bill', 'gate', 'say', 'solution', 'climate', 'change', 'ok', 'four', 'private', 'jet', 'bill', 'ga
2025-01-10 22:52:31,507 - __main__ - INFO - Sample label: [0, 0, 0, 0, 0, 0, 0, 0, 0, 0, 0, 0, 1, 0, 0, 0, 0, 0, 0, 0, 0, 0, 0, 0, 0, 0, 0, 0, 0, 0, 0, 0, 0, 0, 0, 0, 0, 0, 0, 0, 0, 0, 0, 0, 0, 0]
2025-01-10 22:52:31,819 - __main__ - INFO - Model saved to c:\Users\leonb\OneDrive\Dokumente\Studium\Master\Sem1\NLP and InfExt\practical\nlp_Backpropagandists_2024\code/models/svm_model.joblib
2025-01-10 22:52:31,862 - __main__ - INFO - SVM training completed.
2025-01-10 22:52:31,890 - __main__ - INFO - Starting SVM training with TF-IDF on the complete data...
2025-01-10 22:52:31,932 - __main__ - INFO - Created mapping for 94 unique narratives
2025-01-10 22:52:31,973 - __main__ - INFO - Number of unique labels in mapping: 94
2025-01-10 22:52:31,974 - __main__ - INFO - Sample text: ['bill', 'gate', 'say', 'solution', 'climate', 'change', 'ok', 'four', 'private', 'jet', 'bill', 'ga
2025-01-10 22:52:31,975 - __main__ - INFO - Sample label: [0, 0, 0, 0, 0, 0, 0, 0, 0, 0, 0, 0, 0, 0, 0, 0, 0, 0, 0, 0, 1, 0, 0, 0, 0, 0, 0, 0, 0, 0, 0, 0, 0, 0, 0, 0, 0, 0, 0, 0, 0, 0, 0, 0, 0, 0, 0, 0, 0, 0, 0, 0, 0, 0, 0, 0, 0, 0, 0, 0, 0, 0, 0, 0, 0, 0, 0, 0, 0, 0, 0, 0, 0, 0, 0, 0, 0, 0, 0, 0, 0, 0, 0, 0, 0, 0, 0, 0, 0, 0, 0, 0, 0, 0]
2025-01-10 22:52:33,000 - __main__ - INFO - Model saved to c:\Users\leonb\OneDrive\Dokumente\Studium\Master\Sem1\NLP and InfExt\practical\nlp_Backpropagandists_2024\code/models/svm_model.joblib
2025-01-10 22:52:33,113 - __main__ - INFO - SVM training completed.
2025-01-10 22:52:33,124 - __main__ - INFO - Starting SVM training with Bag-Of-Words on Ukraine War data...
2025-01-10 22:52:33,151 - __main__ - INFO - Created mapping for 50 unique narratives
2025-01-10 22:52:33,184 - __main__ - INFO - Number of unique labels in mapping: 50
2025-01-10 22:52:33,184 - __main__ - INFO - Sample text: ['russia', 'clash', 'erupt', 'bashkortostan', 'right', 'activist', 'sentence', 'russian', 'riot', 'p
2025-01-10 22:52:33,184 - __main__ - INFO - Sample label: [0, 0, 0, 0, 0, 0, 0, 0, 0, 0, 0, 0, 0, 0, 0, 0, 0, 0, 0, 0, 0, 0, 0, 0, 0, 0, 0, 0, 0, 0, 0, 1, 0, 0, 0, 0, 0, 0, 0, 0, 0, 0, 0, 0, 0, 0, 0, 0, 0, 0]
2025-01-10 22:52:36,937 - __main__ - INFO - Model saved to c:\Users\leonb\OneDrive\Dokumente\Studium\Master\Sem1\NLP and InfExt\practical\nlp_Backpropagandists_2024\code/models/svm_model.joblib
2025-01-10 22:52:37,089 - __main__ - INFO - SVM training completed.
2025-01-10 22:52:37,107 - __main__ - INFO - Starting SVM training with Bag-Of-Words on Climate Change data...
2025-01-10 22:52:37,122 - __main__ - INFO - Created mapping for 46 unique narratives
2025-01-10 22:52:37,135 - __main__ - INFO - Number of unique labels in mapping: 46
2025-01-10 22:52:37,137 - __main__ - INFO - Sample text: ['bill', 'gate', 'say', 'solution', 'climate', 'change', 'ok', 'four', 'private', 'jet', 'bill', 'ga
2025-01-10 22:52:37,137 - __main__ - INFO - Sample label: [0, 0, 0, 0, 0, 0, 0, 0, 0, 0, 0, 0, 1, 0, 0, 0, 0, 0, 0, 0, 0, 0, 0, 0, 0, 0, 0, 0, 0, 0, 0, 0, 0, 0, 0, 0, 0, 0, 0, 0, 0, 0, 0, 0, 0, 0]
2025-01-10 22:52:38,367 - __main__ - INFO - Model saved to c:\Users\leonb\OneDrive\Dokumente\Studium\Master\Sem1\NLP and InfExt\practical\nlp_Backpropagandists_2024\code/models/svm_model.joblib
2025-01-10 22:52:38,444 - __main__ - INFO - SVM training completed.
2025-01-10 22:52:38,458 - __main__ - INFO - Starting SVM training with Bag-Of-Words on the complete data...
2025-01-10 22:52:38,491 - __main__ - INFO - Created mapping for 94 unique narratives
2025-01-10 22:52:38,539 - __main__ - INFO - Number of unique labels in mapping: 94
2025-01-10 22:52:38,539 - __main__ - INFO - Sample text: ['bill', 'gate', 'say', 'solution', 'climate', 'change', 'ok', 'four', 'private', 'jet', 'bill', 'ga
2025-01-10 22:52:38,539 - __main__ - INFO - Sample label: [0, 0, 0, 0, 0, 0, 0, 0, 0, 0, 0, 0, 0, 0, 0, 0, 0, 0, 0, 0, 1, 0, 0, 0, 0, 0, 0, 0, 0, 0, 0, 0, 0, 0, 0, 0, 0, 0, 0, 0, 0, 0, 0, 0, 0, 0, 0, 0, 0, 0, 0, 0, 0, 0, 0, 0, 0, 0, 0, 0, 0, 0, 0, 0, 0, 0, 0, 0, 0, 0, 0, 0, 0, 0, 0, 0, 0, 0, 0, 0, 0, 0, 0, 0, 0, 0, 0, 0, 0, 0, 0, 0, 0, 0]
2025-01-10 22:52:45,994 - __main__ - INFO - Model saved to c:\Users\leonb\OneDrive\Dokumente\Studium\Master\Sem1\NLP and InfExt\practical\nlp_Backpropagandists_2024\code/models/svm_model.joblib
2025-01-10 22:52:46,328 - __main__ - INFO - SVM training completed.
2025-01-10 22:52:46,339 - __main__ - INFO - Starting SVM training with Multilingual Embeddings on Ukraine War data...
2025-01-10 22:52:46,367 - __main__ - INFO - Created mapping for 50 unique narratives
2025-01-10 22:52:46,403 - __main__ - INFO - Number of unique labels in mapping: 50
2025-01-10 22:52:46,404 - __main__ - INFO - Sample text: ['russia', 'clash', 'erupt', 'bashkortostan', 'right', 'activist', 'sentence', 'russian', 'riot', 'p
2025-01-10 22:52:46,405 - __main__ - INFO - Sample label: [0, 0, 0, 0, 0, 0, 0, 0, 0, 0, 0, 0, 0, 0, 0, 0, 0, 0, 0, 0, 0, 0, 0, 0, 0, 0, 0, 0, 0, 0, 0, 1, 0, 0, 0, 0, 0, 0, 0, 0, 0, 0, 0, 0, 0, 0, 0, 0, 0, 0]
2025-01-10 22:52:52,492 - __main__ - INFO - Model saved to c:\Users\leonb\OneDrive\Dokumente\Studium\Master\Sem1\NLP and InfExt\practical\nlp_Backpropagandists_2024\code/models/svm_model.joblib
2025-01-10 22:52:52,606 - __main__ - INFO - SVM training completed.
2025-01-10 22:52:52,623 - __main__ - INFO - Starting SVM training with Multilingual Embeddings on Climate Change data...
2025-01-10 22:52:52,641 - __main__ - INFO - Created mapping for 46 unique narratives
2025-01-10 22:52:52,658 - __main__ - INFO - Number of unique labels in mapping: 46
2025-01-10 22:52:52,660 - __main__ - INFO - Sample text: ['bill', 'gate', 'say', 'solution', 'climate', 'change', 'ok', 'four', 'private', 'jet', 'bill', 'ga
2025-01-10 22:52:52,661 - __main__ - INFO - Sample label: [0, 0, 0, 0, 0, 0, 0, 0, 0, 0, 0, 0, 1, 0, 0, 0, 0, 0, 0, 0, 0, 0, 0, 0, 0, 0, 0, 0, 0, 0, 0, 0, 0, 0, 0, 0, 0, 0, 0, 0, 0, 0, 0, 0, 0, 0]
2025-01-10 22:52:59,737 - __main__ - INFO - Model saved to c:\Users\leonb\OneDrive\Dokumente\Studium\Master\Sem1\NLP and InfExt\practical\nlp_Backpropagandists_2024\code/models/svm_model.joblib
2025-01-10 22:52:59,789 - __main__ - INFO - SVM training completed.
2025-01-10 22:52:59,808 - __main__ - INFO - Starting SVM training with Multilingual Embeddings on the complete data...
2025-01-10 22:52:59,857 - __main__ - INFO - Created mapping for 94 unique narratives
2025-01-10 22:52:59,902 - __main__ - INFO - Number of unique labels in mapping: 94
2025-01-10 22:52:59,903 - __main__ - INFO - Sample text: ['bill', 'gate', 'say', 'solution', 'climate', 'change', 'ok', 'four', 'private', 'jet', 'bill', 'ga
2025-01-10 22:52:59,904 - __main__ - INFO - Sample label: [0, 0, 0, 0, 0, 0, 0, 0, 0, 0, 0, 0, 0, 0, 0, 0, 0, 0, 0, 0, 1, 0, 0, 0, 0, 0, 0, 0, 0, 0, 0, 0, 0, 0, 0, 0, 0, 0, 0, 0, 0, 0, 0, 0, 0, 0, 0, 0, 0, 0, 0, 0, 0, 0, 0, 0, 0, 0, 0, 0, 0, 0, 0, 0, 0, 0, 0, 0, 0, 0, 0, 0, 0, 0, 0, 0, 0, 0, 0, 0, 0, 0, 0, 0, 0, 0, 0, 0, 0, 0, 0, 0, 0, 0]
2025-01-10 22:53:11,888 - __main__ - INFO - Model saved to c:\Users\leonb\OneDrive\Dokumente\Studium\Master\Sem1\NLP and InfExt\practical\nlp_Backpropagandists_2024\code/models/svm_model.joblib
2025-01-10 22:53:12,102 - __main__ - INFO - SVM training completed.
2025-01-10 22:53:12,492 - __main__ - INFO - Created mapping for 94 unique narratives
