2025-01-10 22:08:22,077 - __main__ - INFO - Starting SVM training with TF-IDF on Ukraine War data...
2025-01-10 22:08:22,111 - __main__ - INFO - Created mapping for 50 unique narratives
2025-01-10 22:08:22,158 - __main__ - INFO - Number of unique labels in mapping: 50
2025-01-10 22:08:22,160 - __main__ - INFO - Sample text: ['russia', 'clash', 'erupt', 'bashkortostan', 'right', 'activist', 'sentence', 'russian', 'riot', 'p
2025-01-10 22:08:22,161 - __main__ - INFO - Sample label: [0, 0, 0, 0, 0, 0, 0, 0, 0, 0, 0, 0, 0, 0, 0, 0, 0, 0, 0, 0, 0, 0, 0, 0, 0, 0, 0, 0, 0, 0, 0, 1, 0, 0, 0, 0, 0, 0, 0, 0, 0, 0, 0, 0, 0, 0, 0, 0, 0, 0]
2025-01-10 22:08:22,781 - __main__ - INFO - Model saved to c:\Users\leonb\OneDrive\Dokumente\Studium\Master\Sem1\NLP and InfExt\practical\nlp_Backpropagandists_2024\code/models/svm_model.joblib
2025-01-10 22:08:22,852 - __main__ - INFO - SVM training completed.
2025-01-10 22:08:22,869 - __main__ - INFO - Starting SVM training with TF-IDF on Climate Change data...
2025-01-10 22:08:22,883 - __main__ - INFO - Created mapping for 46 unique narratives
2025-01-10 22:08:22,900 - __main__ - INFO - Number of unique labels in mapping: 46
2025-01-10 22:08:22,901 - __main__ - INFO - Sample text: ['bill', 'gate', 'say', 'solution', 'climate', 'change', 'ok', 'four', 'private', 'jet', 'bill', 'ga
2025-01-10 22:08:22,902 - __main__ - INFO - Sample label: [0, 0, 0, 0, 0, 0, 0, 0, 0, 0, 0, 0, 1, 0, 0, 0, 0, 0, 0, 0, 0, 0, 0, 0, 0, 0, 0, 0, 0, 0, 0, 0, 0, 0, 0, 0, 0, 0, 0, 0, 0, 0, 0, 0, 0, 0]
2025-01-10 22:08:23,274 - __main__ - INFO - Model saved to c:\Users\leonb\OneDrive\Dokumente\Studium\Master\Sem1\NLP and InfExt\practical\nlp_Backpropagandists_2024\code/models/svm_model.joblib
2025-01-10 22:08:23,324 - __main__ - INFO - SVM training completed.
2025-01-10 22:08:23,340 - __main__ - INFO - Starting SVM training with TF-IDF on the complete data...
2025-01-10 22:08:23,408 - __main__ - INFO - Created mapping for 94 unique narratives
2025-01-10 22:08:23,467 - __main__ - INFO - Number of unique labels in mapping: 94
2025-01-10 22:08:23,467 - __main__ - INFO - Sample text: ['bill', 'gate', 'say', 'solution', 'climate', 'change', 'ok', 'four', 'private', 'jet', 'bill', 'ga
2025-01-10 22:08:23,470 - __main__ - INFO - Sample label: [0, 0, 0, 0, 0, 0, 0, 0, 0, 0, 0, 0, 0, 0, 0, 0, 0, 0, 0, 0, 1, 0, 0, 0, 0, 0, 0, 0, 0, 0, 0, 0, 0, 0, 0, 0, 0, 0, 0, 0, 0, 0, 0, 0, 0, 0, 0, 0, 0, 0, 0, 0, 0, 0, 0, 0, 0, 0, 0, 0, 0, 0, 0, 0, 0, 0, 0, 0, 0, 0, 0, 0, 0, 0, 0, 0, 0, 0, 0, 0, 0, 0, 0, 0, 0, 0, 0, 0, 0, 0, 0, 0, 0, 0]
2025-01-10 22:08:24,559 - __main__ - INFO - Model saved to c:\Users\leonb\OneDrive\Dokumente\Studium\Master\Sem1\NLP and InfExt\practical\nlp_Backpropagandists_2024\code/models/svm_model.joblib
2025-01-10 22:08:24,689 - __main__ - INFO - SVM training completed.
2025-01-10 22:08:24,705 - __main__ - INFO - Starting SVM training with Bag-Of-Words on Ukraine War data...
2025-01-10 22:08:24,740 - __main__ - INFO - Created mapping for 50 unique narratives
2025-01-10 22:08:24,789 - __main__ - INFO - Number of unique labels in mapping: 50
2025-01-10 22:08:24,790 - __main__ - INFO - Sample text: ['russia', 'clash', 'erupt', 'bashkortostan', 'right', 'activist', 'sentence', 'russian', 'riot', 'p
2025-01-10 22:08:24,792 - __main__ - INFO - Sample label: [0, 0, 0, 0, 0, 0, 0, 0, 0, 0, 0, 0, 0, 0, 0, 0, 0, 0, 0, 0, 0, 0, 0, 0, 0, 0, 0, 0, 0, 0, 0, 1, 0, 0, 0, 0, 0, 0, 0, 0, 0, 0, 0, 0, 0, 0, 0, 0, 0, 0]
2025-01-10 22:08:28,456 - __main__ - INFO - Model saved to c:\Users\leonb\OneDrive\Dokumente\Studium\Master\Sem1\NLP and InfExt\practical\nlp_Backpropagandists_2024\code/models/svm_model.joblib
2025-01-10 22:08:28,601 - __main__ - INFO - SVM training completed.
2025-01-10 22:08:28,623 - __main__ - INFO - Starting SVM training with Bag-Of-Words on Climate Change data...
2025-01-10 22:08:28,640 - __main__ - INFO - Created mapping for 46 unique narratives
2025-01-10 22:08:28,658 - __main__ - INFO - Number of unique labels in mapping: 46
2025-01-10 22:08:28,658 - __main__ - INFO - Sample text: ['bill', 'gate', 'say', 'solution', 'climate', 'change', 'ok', 'four', 'private', 'jet', 'bill', 'ga
2025-01-10 22:08:28,658 - __main__ - INFO - Sample label: [0, 0, 0, 0, 0, 0, 0, 0, 0, 0, 0, 0, 1, 0, 0, 0, 0, 0, 0, 0, 0, 0, 0, 0, 0, 0, 0, 0, 0, 0, 0, 0, 0, 0, 0, 0, 0, 0, 0, 0, 0, 0, 0, 0, 0, 0]
2025-01-10 22:08:29,836 - __main__ - INFO - Model saved to c:\Users\leonb\OneDrive\Dokumente\Studium\Master\Sem1\NLP and InfExt\practical\nlp_Backpropagandists_2024\code/models/svm_model.joblib
2025-01-10 22:08:29,905 - __main__ - INFO - SVM training completed.
2025-01-10 22:08:29,928 - __main__ - INFO - Starting SVM training with Bag-Of-Words on the complete data...
2025-01-10 22:08:29,988 - __main__ - INFO - Created mapping for 94 unique narratives
2025-01-10 22:08:30,033 - __main__ - INFO - Number of unique labels in mapping: 94
2025-01-10 22:08:30,034 - __main__ - INFO - Sample text: ['bill', 'gate', 'say', 'solution', 'climate', 'change', 'ok', 'four', 'private', 'jet', 'bill', 'ga
2025-01-10 22:08:30,034 - __main__ - INFO - Sample label: [0, 0, 0, 0, 0, 0, 0, 0, 0, 0, 0, 0, 0, 0, 0, 0, 0, 0, 0, 0, 1, 0, 0, 0, 0, 0, 0, 0, 0, 0, 0, 0, 0, 0, 0, 0, 0, 0, 0, 0, 0, 0, 0, 0, 0, 0, 0, 0, 0, 0, 0, 0, 0, 0, 0, 0, 0, 0, 0, 0, 0, 0, 0, 0, 0, 0, 0, 0, 0, 0, 0, 0, 0, 0, 0, 0, 0, 0, 0, 0, 0, 0, 0, 0, 0, 0, 0, 0, 0, 0, 0, 0, 0, 0]
2025-01-10 22:08:37,327 - __main__ - INFO - Model saved to c:\Users\leonb\OneDrive\Dokumente\Studium\Master\Sem1\NLP and InfExt\practical\nlp_Backpropagandists_2024\code/models/svm_model.joblib
2025-01-10 22:08:37,728 - __main__ - INFO - SVM training completed.
2025-01-10 22:08:37,753 - __main__ - INFO - Starting SVM training with Multilingual Embeddings on Ukraine War data...
2025-01-10 22:08:37,789 - __main__ - INFO - Created mapping for 50 unique narratives
2025-01-10 22:08:37,823 - __main__ - INFO - Number of unique labels in mapping: 50
2025-01-10 22:08:37,825 - __main__ - INFO - Sample text: ['russia', 'clash', 'erupt', 'bashkortostan', 'right', 'activist', 'sentence', 'russian', 'riot', 'p
2025-01-10 22:08:37,826 - __main__ - INFO - Sample label: [0, 0, 0, 0, 0, 0, 0, 0, 0, 0, 0, 0, 0, 0, 0, 0, 0, 0, 0, 0, 0, 0, 0, 0, 0, 0, 0, 0, 0, 0, 0, 1, 0, 0, 0, 0, 0, 0, 0, 0, 0, 0, 0, 0, 0, 0, 0, 0, 0, 0]
2025-01-10 22:08:43,663 - __main__ - INFO - Model saved to c:\Users\leonb\OneDrive\Dokumente\Studium\Master\Sem1\NLP and InfExt\practical\nlp_Backpropagandists_2024\code/models/svm_model.joblib
2025-01-10 22:08:43,766 - __main__ - INFO - SVM training completed.
2025-01-10 22:08:43,769 - __main__ - INFO - Starting SVM training with Multilingual Embeddings on Climate Change data...
2025-01-10 22:08:43,793 - __main__ - INFO - Created mapping for 46 unique narratives
2025-01-10 22:08:43,807 - __main__ - INFO - Number of unique labels in mapping: 46
2025-01-10 22:08:43,812 - __main__ - INFO - Sample text: ['bill', 'gate', 'say', 'solution', 'climate', 'change', 'ok', 'four', 'private', 'jet', 'bill', 'ga
2025-01-10 22:08:43,812 - __main__ - INFO - Sample label: [0, 0, 0, 0, 0, 0, 0, 0, 0, 0, 0, 0, 1, 0, 0, 0, 0, 0, 0, 0, 0, 0, 0, 0, 0, 0, 0, 0, 0, 0, 0, 0, 0, 0, 0, 0, 0, 0, 0, 0, 0, 0, 0, 0, 0, 0]
2025-01-10 22:08:50,415 - __main__ - INFO - Model saved to c:\Users\leonb\OneDrive\Dokumente\Studium\Master\Sem1\NLP and InfExt\practical\nlp_Backpropagandists_2024\code/models/svm_model.joblib
2025-01-10 22:08:50,464 - __main__ - INFO - SVM training completed.
2025-01-10 22:08:50,490 - __main__ - INFO - Starting SVM training with Multilingual Embeddings on the complete data...
2025-01-10 22:08:50,534 - __main__ - INFO - Created mapping for 94 unique narratives
2025-01-10 22:08:50,575 - __main__ - INFO - Number of unique labels in mapping: 94
2025-01-10 22:08:50,575 - __main__ - INFO - Sample text: ['bill', 'gate', 'say', 'solution', 'climate', 'change', 'ok', 'four', 'private', 'jet', 'bill', 'ga
2025-01-10 22:08:50,579 - __main__ - INFO - Sample label: [0, 0, 0, 0, 0, 0, 0, 0, 0, 0, 0, 0, 0, 0, 0, 0, 0, 0, 0, 0, 1, 0, 0, 0, 0, 0, 0, 0, 0, 0, 0, 0, 0, 0, 0, 0, 0, 0, 0, 0, 0, 0, 0, 0, 0, 0, 0, 0, 0, 0, 0, 0, 0, 0, 0, 0, 0, 0, 0, 0, 0, 0, 0, 0, 0, 0, 0, 0, 0, 0, 0, 0, 0, 0, 0, 0, 0, 0, 0, 0, 0, 0, 0, 0, 0, 0, 0, 0, 0, 0, 0, 0, 0, 0]
2025-01-10 22:09:01,876 - __main__ - INFO - Model saved to c:\Users\leonb\OneDrive\Dokumente\Studium\Master\Sem1\NLP and InfExt\practical\nlp_Backpropagandists_2024\code/models/svm_model.joblib
2025-01-10 22:09:02,078 - __main__ - INFO - SVM training completed.
2025-01-10 22:09:03,204 - __main__ - INFO - Created mapping for 94 unique narratives
2025-01-10 22:11:22,105 - __main__ - INFO - Created mapping for 94 unique narratives
2025-01-10 22:28:41,742 - __main__ - INFO - Created mapping for 94 unique narratives
2025-01-10 22:30:08,959 - __main__ - INFO - Created mapping for 94 unique narratives
