2025-01-09 15:11:06,334 - __main__ - INFO - Starting SVM training with TF-IDF on Ukraine War data...
2025-01-09 15:11:06,367 - __main__ - INFO - Created mapping for 50 unique narratives
2025-01-09 15:11:06,398 - __main__ - INFO - Number of unique labels in mapping: 50
2025-01-09 15:11:06,400 - __main__ - INFO - Sample text: ['russia', 'clash', 'erupt', 'bashkortostan', 'right', 'activist', 'sentence', 'russian', 'riot', 'p
2025-01-09 15:11:06,401 - __main__ - INFO - Sample label: [0, 0, 0, 0, 0, 0, 0, 0, 0, 0, 0, 0, 0, 0, 0, 0, 0, 0, 0, 0, 0, 0, 0, 0, 0, 0, 0, 0, 0, 0, 0, 1, 0, 0, 0, 0, 0, 0, 0, 0, 0, 0, 0, 0, 0, 0, 0, 0, 0, 0]
2025-01-09 15:11:07,050 - __main__ - INFO - Model saved to c:\Users\leonb\OneDrive\Dokumente\Studium\Master\Sem1\NLP and InfExt\practical\nlp_Backpropagandists_2024\code/models/svm_model.joblib
2025-01-09 15:11:07,121 - __main__ - INFO - SVM training completed.
2025-01-09 15:11:07,141 - __main__ - INFO - Starting SVM training with TF-IDF on Climate Change data...
2025-01-09 15:11:07,154 - __main__ - INFO - Created mapping for 46 unique narratives
2025-01-09 15:11:07,166 - __main__ - INFO - Number of unique labels in mapping: 46
2025-01-09 15:11:07,167 - __main__ - INFO - Sample text: ['bill', 'gate', 'say', 'solution', 'climate', 'change', 'ok', 'four', 'private', 'jet', 'bill', 'ga
2025-01-09 15:11:07,169 - __main__ - INFO - Sample label: [0, 0, 0, 0, 0, 0, 0, 0, 0, 0, 0, 0, 1, 0, 0, 0, 0, 0, 0, 0, 0, 0, 0, 0, 0, 0, 0, 0, 0, 0, 0, 0, 0, 0, 0, 0, 0, 0, 0, 0, 0, 0, 0, 0, 0, 0]
2025-01-09 15:11:07,460 - __main__ - INFO - Model saved to c:\Users\leonb\OneDrive\Dokumente\Studium\Master\Sem1\NLP and InfExt\practical\nlp_Backpropagandists_2024\code/models/svm_model.joblib
2025-01-09 15:11:07,498 - __main__ - INFO - SVM training completed.
2025-01-09 15:11:07,510 - __main__ - INFO - Starting SVM training with TF-IDF on the complete data...
2025-01-09 15:11:07,553 - __main__ - INFO - Created mapping for 94 unique narratives
2025-01-09 15:11:07,597 - __main__ - INFO - Number of unique labels in mapping: 94
2025-01-09 15:11:07,599 - __main__ - INFO - Sample text: ['bill', 'gate', 'say', 'solution', 'climate', 'change', 'ok', 'four', 'private', 'jet', 'bill', 'ga
2025-01-09 15:11:07,600 - __main__ - INFO - Sample label: [0, 0, 0, 0, 0, 0, 0, 0, 0, 0, 0, 0, 0, 0, 0, 0, 0, 0, 0, 0, 1, 0, 0, 0, 0, 0, 0, 0, 0, 0, 0, 0, 0, 0, 0, 0, 0, 0, 0, 0, 0, 0, 0, 0, 0, 0, 0, 0, 0, 0, 0, 0, 0, 0, 0, 0, 0, 0, 0, 0, 0, 0, 0, 0, 0, 0, 0, 0, 0, 0, 0, 0, 0, 0, 0, 0, 0, 0, 0, 0, 0, 0, 0, 0, 0, 0, 0, 0, 0, 0, 0, 0, 0, 0]
2025-01-09 15:11:08,694 - __main__ - INFO - Model saved to c:\Users\leonb\OneDrive\Dokumente\Studium\Master\Sem1\NLP and InfExt\practical\nlp_Backpropagandists_2024\code/models/svm_model.joblib
2025-01-09 15:11:08,805 - __main__ - INFO - SVM training completed.
2025-01-09 15:11:08,819 - __main__ - INFO - Starting SVM training with Bag-Of-Words on Ukraine War data...
2025-01-09 15:11:08,854 - __main__ - INFO - Created mapping for 50 unique narratives
2025-01-09 15:11:08,883 - __main__ - INFO - Number of unique labels in mapping: 50
2025-01-09 15:11:08,885 - __main__ - INFO - Sample text: ['russia', 'clash', 'erupt', 'bashkortostan', 'right', 'activist', 'sentence', 'russian', 'riot', 'p
2025-01-09 15:11:08,885 - __main__ - INFO - Sample label: [0, 0, 0, 0, 0, 0, 0, 0, 0, 0, 0, 0, 0, 0, 0, 0, 0, 0, 0, 0, 0, 0, 0, 0, 0, 0, 0, 0, 0, 0, 0, 1, 0, 0, 0, 0, 0, 0, 0, 0, 0, 0, 0, 0, 0, 0, 0, 0, 0, 0]
2025-01-09 15:11:12,625 - __main__ - INFO - Model saved to c:\Users\leonb\OneDrive\Dokumente\Studium\Master\Sem1\NLP and InfExt\practical\nlp_Backpropagandists_2024\code/models/svm_model.joblib
2025-01-09 15:11:12,787 - __main__ - INFO - SVM training completed.
2025-01-09 15:11:12,810 - __main__ - INFO - Starting SVM training with Bag-Of-Words on Climate Change data...
2025-01-09 15:11:12,825 - __main__ - INFO - Created mapping for 46 unique narratives
2025-01-09 15:11:12,840 - __main__ - INFO - Number of unique labels in mapping: 46
2025-01-09 15:11:12,841 - __main__ - INFO - Sample text: ['bill', 'gate', 'say', 'solution', 'climate', 'change', 'ok', 'four', 'private', 'jet', 'bill', 'ga
2025-01-09 15:11:12,842 - __main__ - INFO - Sample label: [0, 0, 0, 0, 0, 0, 0, 0, 0, 0, 0, 0, 1, 0, 0, 0, 0, 0, 0, 0, 0, 0, 0, 0, 0, 0, 0, 0, 0, 0, 0, 0, 0, 0, 0, 0, 0, 0, 0, 0, 0, 0, 0, 0, 0, 0]
2025-01-09 15:11:14,056 - __main__ - INFO - Model saved to c:\Users\leonb\OneDrive\Dokumente\Studium\Master\Sem1\NLP and InfExt\practical\nlp_Backpropagandists_2024\code/models/svm_model.joblib
2025-01-09 15:11:14,123 - __main__ - INFO - SVM training completed.
2025-01-09 15:11:14,147 - __main__ - INFO - Starting SVM training with Bag-Of-Words on the complete data...
2025-01-09 15:11:14,184 - __main__ - INFO - Created mapping for 94 unique narratives
2025-01-09 15:11:14,225 - __main__ - INFO - Number of unique labels in mapping: 94
2025-01-09 15:11:14,226 - __main__ - INFO - Sample text: ['bill', 'gate', 'say', 'solution', 'climate', 'change', 'ok', 'four', 'private', 'jet', 'bill', 'ga
2025-01-09 15:11:14,227 - __main__ - INFO - Sample label: [0, 0, 0, 0, 0, 0, 0, 0, 0, 0, 0, 0, 0, 0, 0, 0, 0, 0, 0, 0, 1, 0, 0, 0, 0, 0, 0, 0, 0, 0, 0, 0, 0, 0, 0, 0, 0, 0, 0, 0, 0, 0, 0, 0, 0, 0, 0, 0, 0, 0, 0, 0, 0, 0, 0, 0, 0, 0, 0, 0, 0, 0, 0, 0, 0, 0, 0, 0, 0, 0, 0, 0, 0, 0, 0, 0, 0, 0, 0, 0, 0, 0, 0, 0, 0, 0, 0, 0, 0, 0, 0, 0, 0, 0]
2025-01-09 15:11:20,980 - __main__ - INFO - Model saved to c:\Users\leonb\OneDrive\Dokumente\Studium\Master\Sem1\NLP and InfExt\practical\nlp_Backpropagandists_2024\code/models/svm_model.joblib
2025-01-09 15:11:21,322 - __main__ - INFO - SVM training completed.
2025-01-09 15:11:21,347 - __main__ - INFO - Starting SVM training with Multilingual Embeddings on Ukraine War data...
2025-01-09 15:11:21,377 - __main__ - INFO - Created mapping for 50 unique narratives
2025-01-09 15:11:21,405 - __main__ - INFO - Number of unique labels in mapping: 50
2025-01-09 15:11:21,406 - __main__ - INFO - Sample text: ['russia', 'clash', 'erupt', 'bashkortostan', 'right', 'activist', 'sentence', 'russian', 'riot', 'p
2025-01-09 15:11:21,407 - __main__ - INFO - Sample label: [0, 0, 0, 0, 0, 0, 0, 0, 0, 0, 0, 0, 0, 0, 0, 0, 0, 0, 0, 0, 0, 0, 0, 0, 0, 0, 0, 0, 0, 0, 0, 1, 0, 0, 0, 0, 0, 0, 0, 0, 0, 0, 0, 0, 0, 0, 0, 0, 0, 0]
2025-01-09 15:31:31,528 - __main__ - INFO - Model saved to c:\Users\leonb\OneDrive\Dokumente\Studium\Master\Sem1\NLP and InfExt\practical\nlp_Backpropagandists_2024\code/models/svm_model.joblib
2025-01-09 15:31:31,796 - __main__ - INFO - SVM training completed.
2025-01-09 15:31:31,819 - __main__ - INFO - Starting SVM training with Multilingual Embeddings on Climate Change data...
2025-01-09 15:31:31,833 - __main__ - INFO - Created mapping for 46 unique narratives
2025-01-09 15:31:31,845 - __main__ - INFO - Number of unique labels in mapping: 46
2025-01-09 15:31:31,846 - __main__ - INFO - Sample text: ['bill', 'gate', 'say', 'solution', 'climate', 'change', 'ok', 'four', 'private', 'jet', 'bill', 'ga
2025-01-09 15:31:31,847 - __main__ - INFO - Sample label: [0, 0, 0, 0, 0, 0, 0, 0, 0, 0, 0, 0, 1, 0, 0, 0, 0, 0, 0, 0, 0, 0, 0, 0, 0, 0, 0, 0, 0, 0, 0, 0, 0, 0, 0, 0, 0, 0, 0, 0, 0, 0, 0, 0, 0, 0]
2025-01-09 15:40:01,590 - __main__ - INFO - Model saved to c:\Users\leonb\OneDrive\Dokumente\Studium\Master\Sem1\NLP and InfExt\practical\nlp_Backpropagandists_2024\code/models/svm_model.joblib
2025-01-09 15:40:01,811 - __main__ - INFO - SVM training completed.
2025-01-09 15:40:01,858 - __main__ - INFO - Starting SVM training with Multilingual Embeddings on the complete data...
2025-01-09 15:40:01,919 - __main__ - INFO - Created mapping for 94 unique narratives
2025-01-09 15:40:01,971 - __main__ - INFO - Number of unique labels in mapping: 94
2025-01-09 15:40:01,972 - __main__ - INFO - Sample text: ['bill', 'gate', 'say', 'solution', 'climate', 'change', 'ok', 'four', 'private', 'jet', 'bill', 'ga
2025-01-09 15:40:01,972 - __main__ - INFO - Sample label: [0, 0, 0, 0, 0, 0, 0, 0, 0, 0, 0, 0, 0, 0, 0, 0, 0, 0, 0, 0, 1, 0, 0, 0, 0, 0, 0, 0, 0, 0, 0, 0, 0, 0, 0, 0, 0, 0, 0, 0, 0, 0, 0, 0, 0, 0, 0, 0, 0, 0, 0, 0, 0, 0, 0, 0, 0, 0, 0, 0, 0, 0, 0, 0, 0, 0, 0, 0, 0, 0, 0, 0, 0, 0, 0, 0, 0, 0, 0, 0, 0, 0, 0, 0, 0, 0, 0, 0, 0, 0, 0, 0, 0, 0]
2025-01-09 16:07:21,660 - __main__ - INFO - Model saved to c:\Users\leonb\OneDrive\Dokumente\Studium\Master\Sem1\NLP and InfExt\practical\nlp_Backpropagandists_2024\code/models/svm_model.joblib
2025-01-09 16:07:22,094 - __main__ - INFO - SVM training completed.
2025-01-09 16:07:24,067 - __main__ - INFO - Created mapping for 94 unique narratives
