2025-01-10 12:44:27,751 - __main__ - INFO - Starting SVM training with TF-IDF on Ukraine War data...
2025-01-10 12:44:27,821 - __main__ - INFO - Created mapping for 50 unique narratives
2025-01-10 12:44:27,872 - __main__ - INFO - Number of unique labels in mapping: 50
2025-01-10 12:44:27,874 - __main__ - INFO - Sample text: ['russia', 'clash', 'erupt', 'bashkortostan', 'right', 'activist', 'sentence', 'russian', 'riot', 'p
2025-01-10 12:44:27,874 - __main__ - INFO - Sample label: [0, 0, 0, 0, 0, 0, 0, 0, 0, 0, 0, 0, 0, 0, 0, 0, 0, 0, 0, 0, 0, 0, 0, 0, 0, 0, 0, 0, 0, 0, 0, 1, 0, 0, 0, 0, 0, 0, 0, 0, 0, 0, 0, 0, 0, 0, 0, 0, 0, 0]
2025-01-10 12:44:28,841 - __main__ - INFO - Model saved to c:\Users\leonb\OneDrive\Dokumente\Studium\Master\Sem1\NLP and InfExt\practical\nlp_Backpropagandists_2024\code/models/svm_model.joblib
2025-01-10 12:44:28,957 - __main__ - INFO - SVM training completed.
2025-01-10 12:44:28,980 - __main__ - INFO - Starting SVM training with TF-IDF on Climate Change data...
2025-01-10 12:44:29,004 - __main__ - INFO - Created mapping for 46 unique narratives
2025-01-10 12:44:29,029 - __main__ - INFO - Number of unique labels in mapping: 46
2025-01-10 12:44:29,032 - __main__ - INFO - Sample text: ['bill', 'gate', 'say', 'solution', 'climate', 'change', 'ok', 'four', 'private', 'jet', 'bill', 'ga
2025-01-10 12:44:29,032 - __main__ - INFO - Sample label: [0, 0, 0, 0, 0, 0, 0, 0, 0, 0, 0, 0, 1, 0, 0, 0, 0, 0, 0, 0, 0, 0, 0, 0, 0, 0, 0, 0, 0, 0, 0, 0, 0, 0, 0, 0, 0, 0, 0, 0, 0, 0, 0, 0, 0, 0]
2025-01-10 12:44:29,527 - __main__ - INFO - Model saved to c:\Users\leonb\OneDrive\Dokumente\Studium\Master\Sem1\NLP and InfExt\practical\nlp_Backpropagandists_2024\code/models/svm_model.joblib
2025-01-10 12:44:29,601 - __main__ - INFO - SVM training completed.
2025-01-10 12:44:29,625 - __main__ - INFO - Starting SVM training with TF-IDF on the complete data...
2025-01-10 12:44:29,714 - __main__ - INFO - Created mapping for 94 unique narratives
2025-01-10 12:44:29,790 - __main__ - INFO - Number of unique labels in mapping: 94
2025-01-10 12:44:29,792 - __main__ - INFO - Sample text: ['bill', 'gate', 'say', 'solution', 'climate', 'change', 'ok', 'four', 'private', 'jet', 'bill', 'ga
2025-01-10 12:44:29,792 - __main__ - INFO - Sample label: [0, 0, 0, 0, 0, 0, 0, 0, 0, 0, 0, 0, 0, 0, 0, 0, 0, 0, 0, 0, 1, 0, 0, 0, 0, 0, 0, 0, 0, 0, 0, 0, 0, 0, 0, 0, 0, 0, 0, 0, 0, 0, 0, 0, 0, 0, 0, 0, 0, 0, 0, 0, 0, 0, 0, 0, 0, 0, 0, 0, 0, 0, 0, 0, 0, 0, 0, 0, 0, 0, 0, 0, 0, 0, 0, 0, 0, 0, 0, 0, 0, 0, 0, 0, 0, 0, 0, 0, 0, 0, 0, 0, 0, 0]
2025-01-10 12:44:31,517 - __main__ - INFO - Model saved to c:\Users\leonb\OneDrive\Dokumente\Studium\Master\Sem1\NLP and InfExt\practical\nlp_Backpropagandists_2024\code/models/svm_model.joblib
2025-01-10 12:44:31,694 - __main__ - INFO - SVM training completed.
2025-01-10 12:44:31,715 - __main__ - INFO - Starting SVM training with Bag-Of-Words on Ukraine War data...
2025-01-10 12:44:31,757 - __main__ - INFO - Created mapping for 50 unique narratives
2025-01-10 12:44:31,809 - __main__ - INFO - Number of unique labels in mapping: 50
2025-01-10 12:44:31,809 - __main__ - INFO - Sample text: ['russia', 'clash', 'erupt', 'bashkortostan', 'right', 'activist', 'sentence', 'russian', 'riot', 'p
2025-01-10 12:44:31,817 - __main__ - INFO - Sample label: [0, 0, 0, 0, 0, 0, 0, 0, 0, 0, 0, 0, 0, 0, 0, 0, 0, 0, 0, 0, 0, 0, 0, 0, 0, 0, 0, 0, 0, 0, 0, 1, 0, 0, 0, 0, 0, 0, 0, 0, 0, 0, 0, 0, 0, 0, 0, 0, 0, 0]
2025-01-10 12:44:36,409 - __main__ - INFO - Model saved to c:\Users\leonb\OneDrive\Dokumente\Studium\Master\Sem1\NLP and InfExt\practical\nlp_Backpropagandists_2024\code/models/svm_model.joblib
2025-01-10 12:44:36,598 - __main__ - INFO - SVM training completed.
2025-01-10 12:44:36,611 - __main__ - INFO - Starting SVM training with Bag-Of-Words on Climate Change data...
2025-01-10 12:44:36,631 - __main__ - INFO - Created mapping for 46 unique narratives
2025-01-10 12:44:36,650 - __main__ - INFO - Number of unique labels in mapping: 46
2025-01-10 12:44:36,650 - __main__ - INFO - Sample text: ['bill', 'gate', 'say', 'solution', 'climate', 'change', 'ok', 'four', 'private', 'jet', 'bill', 'ga
2025-01-10 12:44:36,652 - __main__ - INFO - Sample label: [0, 0, 0, 0, 0, 0, 0, 0, 0, 0, 0, 0, 1, 0, 0, 0, 0, 0, 0, 0, 0, 0, 0, 0, 0, 0, 0, 0, 0, 0, 0, 0, 0, 0, 0, 0, 0, 0, 0, 0, 0, 0, 0, 0, 0, 0]
2025-01-10 12:44:38,115 - __main__ - INFO - Model saved to c:\Users\leonb\OneDrive\Dokumente\Studium\Master\Sem1\NLP and InfExt\practical\nlp_Backpropagandists_2024\code/models/svm_model.joblib
2025-01-10 12:44:38,198 - __main__ - INFO - SVM training completed.
2025-01-10 12:44:38,212 - __main__ - INFO - Starting SVM training with Bag-Of-Words on the complete data...
2025-01-10 12:44:38,257 - __main__ - INFO - Created mapping for 94 unique narratives
2025-01-10 12:44:38,310 - __main__ - INFO - Number of unique labels in mapping: 94
2025-01-10 12:44:38,310 - __main__ - INFO - Sample text: ['bill', 'gate', 'say', 'solution', 'climate', 'change', 'ok', 'four', 'private', 'jet', 'bill', 'ga
2025-01-10 12:44:38,310 - __main__ - INFO - Sample label: [0, 0, 0, 0, 0, 0, 0, 0, 0, 0, 0, 0, 0, 0, 0, 0, 0, 0, 0, 0, 1, 0, 0, 0, 0, 0, 0, 0, 0, 0, 0, 0, 0, 0, 0, 0, 0, 0, 0, 0, 0, 0, 0, 0, 0, 0, 0, 0, 0, 0, 0, 0, 0, 0, 0, 0, 0, 0, 0, 0, 0, 0, 0, 0, 0, 0, 0, 0, 0, 0, 0, 0, 0, 0, 0, 0, 0, 0, 0, 0, 0, 0, 0, 0, 0, 0, 0, 0, 0, 0, 0, 0, 0, 0]
2025-01-10 12:44:46,922 - __main__ - INFO - Model saved to c:\Users\leonb\OneDrive\Dokumente\Studium\Master\Sem1\NLP and InfExt\practical\nlp_Backpropagandists_2024\code/models/svm_model.joblib
2025-01-10 12:44:47,306 - __main__ - INFO - SVM training completed.
2025-01-10 12:44:47,328 - __main__ - INFO - Starting SVM training with Multilingual Embeddings on Ukraine War data...
2025-01-10 12:44:47,367 - __main__ - INFO - Created mapping for 50 unique narratives
2025-01-10 12:44:47,404 - __main__ - INFO - Number of unique labels in mapping: 50
2025-01-10 12:44:47,404 - __main__ - INFO - Sample text: ['russia', 'clash', 'erupt', 'bashkortostan', 'right', 'activist', 'sentence', 'russian', 'riot', 'p
2025-01-10 12:44:47,406 - __main__ - INFO - Sample label: [0, 0, 0, 0, 0, 0, 0, 0, 0, 0, 0, 0, 0, 0, 0, 0, 0, 0, 0, 0, 0, 0, 0, 0, 0, 0, 0, 0, 0, 0, 0, 1, 0, 0, 0, 0, 0, 0, 0, 0, 0, 0, 0, 0, 0, 0, 0, 0, 0, 0]
2025-01-10 12:44:53,844 - __main__ - INFO - Model saved to c:\Users\leonb\OneDrive\Dokumente\Studium\Master\Sem1\NLP and InfExt\practical\nlp_Backpropagandists_2024\code/models/svm_model.joblib
2025-01-10 12:44:53,961 - __main__ - INFO - SVM training completed.
2025-01-10 12:44:53,976 - __main__ - INFO - Starting SVM training with Multilingual Embeddings on Climate Change data...
2025-01-10 12:44:53,992 - __main__ - INFO - Created mapping for 46 unique narratives
2025-01-10 12:44:54,013 - __main__ - INFO - Number of unique labels in mapping: 46
2025-01-10 12:44:54,014 - __main__ - INFO - Sample text: ['bill', 'gate', 'say', 'solution', 'climate', 'change', 'ok', 'four', 'private', 'jet', 'bill', 'ga
2025-01-10 12:44:54,014 - __main__ - INFO - Sample label: [0, 0, 0, 0, 0, 0, 0, 0, 0, 0, 0, 0, 1, 0, 0, 0, 0, 0, 0, 0, 0, 0, 0, 0, 0, 0, 0, 0, 0, 0, 0, 0, 0, 0, 0, 0, 0, 0, 0, 0, 0, 0, 0, 0, 0, 0]
2025-01-10 12:45:02,116 - __main__ - INFO - Model saved to c:\Users\leonb\OneDrive\Dokumente\Studium\Master\Sem1\NLP and InfExt\practical\nlp_Backpropagandists_2024\code/models/svm_model.joblib
2025-01-10 12:45:02,163 - __main__ - INFO - SVM training completed.
2025-01-10 12:45:02,179 - __main__ - INFO - Starting SVM training with Multilingual Embeddings on the complete data...
2025-01-10 12:45:02,253 - __main__ - INFO - Created mapping for 94 unique narratives
2025-01-10 12:45:02,308 - __main__ - INFO - Number of unique labels in mapping: 94
2025-01-10 12:45:02,308 - __main__ - INFO - Sample text: ['bill', 'gate', 'say', 'solution', 'climate', 'change', 'ok', 'four', 'private', 'jet', 'bill', 'ga
2025-01-10 12:45:02,308 - __main__ - INFO - Sample label: [0, 0, 0, 0, 0, 0, 0, 0, 0, 0, 0, 0, 0, 0, 0, 0, 0, 0, 0, 0, 1, 0, 0, 0, 0, 0, 0, 0, 0, 0, 0, 0, 0, 0, 0, 0, 0, 0, 0, 0, 0, 0, 0, 0, 0, 0, 0, 0, 0, 0, 0, 0, 0, 0, 0, 0, 0, 0, 0, 0, 0, 0, 0, 0, 0, 0, 0, 0, 0, 0, 0, 0, 0, 0, 0, 0, 0, 0, 0, 0, 0, 0, 0, 0, 0, 0, 0, 0, 0, 0, 0, 0, 0, 0]
2025-01-10 12:45:14,972 - __main__ - INFO - Model saved to c:\Users\leonb\OneDrive\Dokumente\Studium\Master\Sem1\NLP and InfExt\practical\nlp_Backpropagandists_2024\code/models/svm_model.joblib
2025-01-10 12:45:15,204 - __main__ - INFO - SVM training completed.
2025-01-10 12:45:16,530 - __main__ - INFO - Created mapping for 94 unique narratives
