2025-01-11 11:15:26,222 - __main__ - INFO - Starting SVM training with TF-IDF on Ukraine War data...
2025-01-11 11:15:26,270 - __main__ - INFO - Created mapping for 50 unique narratives
2025-01-11 11:15:26,303 - __main__ - INFO - Number of unique labels in mapping: 50
2025-01-11 11:15:26,304 - __main__ - INFO - Sample text: ['russia', 'clash', 'erupt', 'bashkortostan', 'right', 'activist', 'sentence', 'russian', 'riot', 'p
2025-01-11 11:15:26,305 - __main__ - INFO - Sample label: [0, 0, 0, 0, 0, 0, 0, 0, 0, 0, 0, 0, 0, 0, 0, 0, 0, 0, 0, 0, 0, 0, 0, 0, 0, 0, 0, 0, 0, 0, 0, 1, 0, 0, 0, 0, 0, 0, 0, 0, 0, 0, 0, 0, 0, 0, 0, 0, 0, 0]
2025-01-11 11:15:26,851 - __main__ - INFO - Model saved to c:\Users\leonb\OneDrive\Dokumente\Studium\Master\Sem1\NLP and InfExt\practical\nlp_Backpropagandists_2024\code/models/svm_model.joblib
2025-01-11 11:15:26,910 - __main__ - INFO - SVM training completed.
2025-01-11 11:15:26,924 - __main__ - INFO - Starting SVM training with TF-IDF on Climate Change data...
2025-01-11 11:15:26,941 - __main__ - INFO - Created mapping for 46 unique narratives
2025-01-11 11:15:26,958 - __main__ - INFO - Number of unique labels in mapping: 46
2025-01-11 11:15:26,959 - __main__ - INFO - Sample text: ['bill', 'gate', 'say', 'solution', 'climate', 'change', 'ok', 'four', 'private', 'jet', 'bill', 'ga
2025-01-11 11:15:26,960 - __main__ - INFO - Sample label: [0, 0, 0, 0, 0, 0, 0, 0, 0, 0, 0, 0, 1, 0, 0, 0, 0, 0, 0, 0, 0, 0, 0, 0, 0, 0, 0, 0, 0, 0, 0, 0, 0, 0, 0, 0, 0, 0, 0, 0, 0, 0, 0, 0, 0, 0]
2025-01-11 11:15:27,233 - __main__ - INFO - Model saved to c:\Users\leonb\OneDrive\Dokumente\Studium\Master\Sem1\NLP and InfExt\practical\nlp_Backpropagandists_2024\code/models/svm_model.joblib
2025-01-11 11:15:27,279 - __main__ - INFO - SVM training completed.
2025-01-11 11:15:27,296 - __main__ - INFO - Starting SVM training with TF-IDF on the complete data...
2025-01-11 11:15:27,323 - __main__ - INFO - Created mapping for 94 unique narratives
2025-01-11 11:15:27,373 - __main__ - INFO - Number of unique labels in mapping: 94
2025-01-11 11:15:27,373 - __main__ - INFO - Sample text: ['bill', 'gate', 'say', 'solution', 'climate', 'change', 'ok', 'four', 'private', 'jet', 'bill', 'ga
2025-01-11 11:15:27,376 - __main__ - INFO - Sample label: [0, 0, 0, 0, 0, 0, 0, 0, 0, 0, 0, 0, 0, 0, 0, 0, 0, 0, 0, 0, 1, 0, 0, 0, 0, 0, 0, 0, 0, 0, 0, 0, 0, 0, 0, 0, 0, 0, 0, 0, 0, 0, 0, 0, 0, 0, 0, 0, 0, 0, 0, 0, 0, 0, 0, 0, 0, 0, 0, 0, 0, 0, 0, 0, 0, 0, 0, 0, 0, 0, 0, 0, 0, 0, 0, 0, 0, 0, 0, 0, 0, 0, 0, 0, 0, 0, 0, 0, 0, 0, 0, 0, 0, 0]
2025-01-11 11:15:28,372 - __main__ - INFO - Model saved to c:\Users\leonb\OneDrive\Dokumente\Studium\Master\Sem1\NLP and InfExt\practical\nlp_Backpropagandists_2024\code/models/svm_model.joblib
2025-01-11 11:15:28,489 - __main__ - INFO - SVM training completed.
2025-01-11 11:15:28,513 - __main__ - INFO - Starting SVM training with Bag-Of-Words on Ukraine War data...
2025-01-11 11:15:28,540 - __main__ - INFO - Created mapping for 50 unique narratives
2025-01-11 11:15:28,568 - __main__ - INFO - Number of unique labels in mapping: 50
2025-01-11 11:15:28,569 - __main__ - INFO - Sample text: ['russia', 'clash', 'erupt', 'bashkortostan', 'right', 'activist', 'sentence', 'russian', 'riot', 'p
2025-01-11 11:15:28,570 - __main__ - INFO - Sample label: [0, 0, 0, 0, 0, 0, 0, 0, 0, 0, 0, 0, 0, 0, 0, 0, 0, 0, 0, 0, 0, 0, 0, 0, 0, 0, 0, 0, 0, 0, 0, 1, 0, 0, 0, 0, 0, 0, 0, 0, 0, 0, 0, 0, 0, 0, 0, 0, 0, 0]
2025-01-11 11:15:32,176 - __main__ - INFO - Model saved to c:\Users\leonb\OneDrive\Dokumente\Studium\Master\Sem1\NLP and InfExt\practical\nlp_Backpropagandists_2024\code/models/svm_model.joblib
2025-01-11 11:15:32,324 - __main__ - INFO - SVM training completed.
2025-01-11 11:15:32,340 - __main__ - INFO - Starting SVM training with Bag-Of-Words on Climate Change data...
2025-01-11 11:15:32,353 - __main__ - INFO - Created mapping for 46 unique narratives
2025-01-11 11:15:32,366 - __main__ - INFO - Number of unique labels in mapping: 46
2025-01-11 11:15:32,367 - __main__ - INFO - Sample text: ['bill', 'gate', 'say', 'solution', 'climate', 'change', 'ok', 'four', 'private', 'jet', 'bill', 'ga
2025-01-11 11:15:32,368 - __main__ - INFO - Sample label: [0, 0, 0, 0, 0, 0, 0, 0, 0, 0, 0, 0, 1, 0, 0, 0, 0, 0, 0, 0, 0, 0, 0, 0, 0, 0, 0, 0, 0, 0, 0, 0, 0, 0, 0, 0, 0, 0, 0, 0, 0, 0, 0, 0, 0, 0]
2025-01-11 11:15:33,569 - __main__ - INFO - Model saved to c:\Users\leonb\OneDrive\Dokumente\Studium\Master\Sem1\NLP and InfExt\practical\nlp_Backpropagandists_2024\code/models/svm_model.joblib
2025-01-11 11:15:33,627 - __main__ - INFO - SVM training completed.
2025-01-11 11:15:33,645 - __main__ - INFO - Starting SVM training with Bag-Of-Words on the complete data...
2025-01-11 11:15:33,689 - __main__ - INFO - Created mapping for 94 unique narratives
2025-01-11 11:15:33,728 - __main__ - INFO - Number of unique labels in mapping: 94
2025-01-11 11:15:33,729 - __main__ - INFO - Sample text: ['bill', 'gate', 'say', 'solution', 'climate', 'change', 'ok', 'four', 'private', 'jet', 'bill', 'ga
2025-01-11 11:15:33,730 - __main__ - INFO - Sample label: [0, 0, 0, 0, 0, 0, 0, 0, 0, 0, 0, 0, 0, 0, 0, 0, 0, 0, 0, 0, 1, 0, 0, 0, 0, 0, 0, 0, 0, 0, 0, 0, 0, 0, 0, 0, 0, 0, 0, 0, 0, 0, 0, 0, 0, 0, 0, 0, 0, 0, 0, 0, 0, 0, 0, 0, 0, 0, 0, 0, 0, 0, 0, 0, 0, 0, 0, 0, 0, 0, 0, 0, 0, 0, 0, 0, 0, 0, 0, 0, 0, 0, 0, 0, 0, 0, 0, 0, 0, 0, 0, 0, 0, 0]
2025-01-11 11:15:40,624 - __main__ - INFO - Model saved to c:\Users\leonb\OneDrive\Dokumente\Studium\Master\Sem1\NLP and InfExt\practical\nlp_Backpropagandists_2024\code/models/svm_model.joblib
2025-01-11 11:15:40,938 - __main__ - INFO - SVM training completed.
2025-01-11 11:15:40,963 - __main__ - INFO - Starting SVM training with Multilingual Embeddings on Ukraine War data...
2025-01-11 11:15:40,963 - __main__ - INFO - SVM training completed.
2025-01-11 11:15:40,976 - __main__ - INFO - Starting SVM training with Multilingual Embeddings on Climate Change data...
2025-01-11 11:15:40,979 - __main__ - INFO - SVM training completed.
2025-01-11 11:15:41,004 - __main__ - INFO - Starting SVM training with Multilingual Embeddings on the complete data...
2025-01-11 11:15:41,007 - __main__ - INFO - SVM training completed.
2025-01-11 11:15:42,055 - __main__ - INFO - Created mapping for 94 unique narratives
