2025-01-11 10:54:08,504 - __main__ - INFO - Starting SVM training with TF-IDF on Ukraine War data...
2025-01-11 10:54:08,565 - __main__ - INFO - Created mapping for 50 unique narratives
2025-01-11 10:54:08,599 - __main__ - INFO - Number of unique labels in mapping: 50
2025-01-11 10:54:08,605 - __main__ - INFO - Sample text: ['russia', 'clash', 'erupt', 'bashkortostan', 'right', 'activist', 'sentence', 'russian', 'riot', 'p
2025-01-11 10:54:08,605 - __main__ - INFO - Sample label: [0, 0, 0, 0, 0, 0, 0, 0, 0, 0, 0, 0, 0, 0, 0, 0, 0, 0, 0, 0, 0, 0, 0, 0, 0, 0, 0, 0, 0, 0, 0, 1, 0, 0, 0, 0, 0, 0, 0, 0, 0, 0, 0, 0, 0, 0, 0, 0, 0, 0]
2025-01-11 10:54:09,201 - __main__ - INFO - Model saved to c:\Users\leonb\OneDrive\Dokumente\Studium\Master\Sem1\NLP and InfExt\practical\nlp_Backpropagandists_2024\code/models/svm_model.joblib
2025-01-11 10:54:09,276 - __main__ - INFO - SVM training completed.
2025-01-11 10:54:09,295 - __main__ - INFO - Starting SVM training with TF-IDF on Climate Change data...
2025-01-11 10:54:09,312 - __main__ - INFO - Created mapping for 46 unique narratives
2025-01-11 10:54:09,326 - __main__ - INFO - Number of unique labels in mapping: 46
2025-01-11 10:54:09,326 - __main__ - INFO - Sample text: ['bill', 'gate', 'say', 'solution', 'climate', 'change', 'ok', 'four', 'private', 'jet', 'bill', 'ga
2025-01-11 10:54:09,326 - __main__ - INFO - Sample label: [0, 0, 0, 0, 0, 0, 0, 0, 0, 0, 0, 0, 1, 0, 0, 0, 0, 0, 0, 0, 0, 0, 0, 0, 0, 0, 0, 0, 0, 0, 0, 0, 0, 0, 0, 0, 0, 0, 0, 0, 0, 0, 0, 0, 0, 0]
2025-01-11 10:54:09,621 - __main__ - INFO - Model saved to c:\Users\leonb\OneDrive\Dokumente\Studium\Master\Sem1\NLP and InfExt\practical\nlp_Backpropagandists_2024\code/models/svm_model.joblib
2025-01-11 10:54:09,663 - __main__ - INFO - SVM training completed.
2025-01-11 10:54:09,682 - __main__ - INFO - Starting SVM training with TF-IDF on the complete data...
2025-01-11 10:54:09,721 - __main__ - INFO - Created mapping for 94 unique narratives
2025-01-11 10:54:09,764 - __main__ - INFO - Number of unique labels in mapping: 94
2025-01-11 10:54:09,764 - __main__ - INFO - Sample text: ['bill', 'gate', 'say', 'solution', 'climate', 'change', 'ok', 'four', 'private', 'jet', 'bill', 'ga
2025-01-11 10:54:09,764 - __main__ - INFO - Sample label: [0, 0, 0, 0, 0, 0, 0, 0, 0, 0, 0, 0, 0, 0, 0, 0, 0, 0, 0, 0, 1, 0, 0, 0, 0, 0, 0, 0, 0, 0, 0, 0, 0, 0, 0, 0, 0, 0, 0, 0, 0, 0, 0, 0, 0, 0, 0, 0, 0, 0, 0, 0, 0, 0, 0, 0, 0, 0, 0, 0, 0, 0, 0, 0, 0, 0, 0, 0, 0, 0, 0, 0, 0, 0, 0, 0, 0, 0, 0, 0, 0, 0, 0, 0, 0, 0, 0, 0, 0, 0, 0, 0, 0, 0]
2025-01-11 10:54:10,816 - __main__ - INFO - Model saved to c:\Users\leonb\OneDrive\Dokumente\Studium\Master\Sem1\NLP and InfExt\practical\nlp_Backpropagandists_2024\code/models/svm_model.joblib
2025-01-11 10:54:10,981 - __main__ - INFO - SVM training completed.
2025-01-11 10:54:10,991 - __main__ - INFO - Starting SVM training with Bag-Of-Words on Ukraine War data...
2025-01-11 10:54:11,024 - __main__ - INFO - Created mapping for 50 unique narratives
2025-01-11 10:54:11,053 - __main__ - INFO - Number of unique labels in mapping: 50
2025-01-11 10:54:11,053 - __main__ - INFO - Sample text: ['russia', 'clash', 'erupt', 'bashkortostan', 'right', 'activist', 'sentence', 'russian', 'riot', 'p
2025-01-11 10:54:11,053 - __main__ - INFO - Sample label: [0, 0, 0, 0, 0, 0, 0, 0, 0, 0, 0, 0, 0, 0, 0, 0, 0, 0, 0, 0, 0, 0, 0, 0, 0, 0, 0, 0, 0, 0, 0, 1, 0, 0, 0, 0, 0, 0, 0, 0, 0, 0, 0, 0, 0, 0, 0, 0, 0, 0]
2025-01-11 10:54:14,897 - __main__ - INFO - Model saved to c:\Users\leonb\OneDrive\Dokumente\Studium\Master\Sem1\NLP and InfExt\practical\nlp_Backpropagandists_2024\code/models/svm_model.joblib
2025-01-11 10:54:15,063 - __main__ - INFO - SVM training completed.
2025-01-11 10:54:15,083 - __main__ - INFO - Starting SVM training with Bag-Of-Words on Climate Change data...
2025-01-11 10:54:15,098 - __main__ - INFO - Created mapping for 46 unique narratives
2025-01-11 10:54:15,125 - __main__ - INFO - Number of unique labels in mapping: 46
2025-01-11 10:54:15,129 - __main__ - INFO - Sample text: ['bill', 'gate', 'say', 'solution', 'climate', 'change', 'ok', 'four', 'private', 'jet', 'bill', 'ga
2025-01-11 10:54:15,132 - __main__ - INFO - Sample label: [0, 0, 0, 0, 0, 0, 0, 0, 0, 0, 0, 0, 1, 0, 0, 0, 0, 0, 0, 0, 0, 0, 0, 0, 0, 0, 0, 0, 0, 0, 0, 0, 0, 0, 0, 0, 0, 0, 0, 0, 0, 0, 0, 0, 0, 0]
2025-01-11 10:54:16,387 - __main__ - INFO - Model saved to c:\Users\leonb\OneDrive\Dokumente\Studium\Master\Sem1\NLP and InfExt\practical\nlp_Backpropagandists_2024\code/models/svm_model.joblib
2025-01-11 10:54:16,464 - __main__ - INFO - SVM training completed.
2025-01-11 10:54:16,486 - __main__ - INFO - Starting SVM training with Bag-Of-Words on the complete data...
2025-01-11 10:54:16,533 - __main__ - INFO - Created mapping for 94 unique narratives
2025-01-11 10:54:16,579 - __main__ - INFO - Number of unique labels in mapping: 94
2025-01-11 10:54:16,580 - __main__ - INFO - Sample text: ['bill', 'gate', 'say', 'solution', 'climate', 'change', 'ok', 'four', 'private', 'jet', 'bill', 'ga
2025-01-11 10:54:16,580 - __main__ - INFO - Sample label: [0, 0, 0, 0, 0, 0, 0, 0, 0, 0, 0, 0, 0, 0, 0, 0, 0, 0, 0, 0, 1, 0, 0, 0, 0, 0, 0, 0, 0, 0, 0, 0, 0, 0, 0, 0, 0, 0, 0, 0, 0, 0, 0, 0, 0, 0, 0, 0, 0, 0, 0, 0, 0, 0, 0, 0, 0, 0, 0, 0, 0, 0, 0, 0, 0, 0, 0, 0, 0, 0, 0, 0, 0, 0, 0, 0, 0, 0, 0, 0, 0, 0, 0, 0, 0, 0, 0, 0, 0, 0, 0, 0, 0, 0]
2025-01-11 10:54:23,995 - __main__ - INFO - Model saved to c:\Users\leonb\OneDrive\Dokumente\Studium\Master\Sem1\NLP and InfExt\practical\nlp_Backpropagandists_2024\code/models/svm_model.joblib
2025-01-11 10:54:24,318 - __main__ - INFO - SVM training completed.
2025-01-11 10:54:24,331 - __main__ - INFO - Starting SVM training with Multilingual Embeddings on Ukraine War data...
2025-01-11 10:54:24,360 - __main__ - INFO - Created mapping for 50 unique narratives
2025-01-11 10:54:24,396 - __main__ - INFO - Number of unique labels in mapping: 50
2025-01-11 10:54:24,398 - __main__ - INFO - Sample text: ['russia', 'clash', 'erupt', 'bashkortostan', 'right', 'activist', 'sentence', 'russian', 'riot', 'p
2025-01-11 10:54:24,398 - __main__ - INFO - Sample label: [0, 0, 0, 0, 0, 0, 0, 0, 0, 0, 0, 0, 0, 0, 0, 0, 0, 0, 0, 0, 0, 0, 0, 0, 0, 0, 0, 0, 0, 0, 0, 1, 0, 0, 0, 0, 0, 0, 0, 0, 0, 0, 0, 0, 0, 0, 0, 0, 0, 0]
2025-01-11 10:54:30,206 - __main__ - INFO - Model saved to c:\Users\leonb\OneDrive\Dokumente\Studium\Master\Sem1\NLP and InfExt\practical\nlp_Backpropagandists_2024\code/models/svm_model.joblib
2025-01-11 10:54:30,301 - __main__ - INFO - SVM training completed.
2025-01-11 10:54:30,320 - __main__ - INFO - Starting SVM training with Multilingual Embeddings on Climate Change data...
2025-01-11 10:54:30,329 - __main__ - INFO - Created mapping for 46 unique narratives
2025-01-11 10:54:30,348 - __main__ - INFO - Number of unique labels in mapping: 46
2025-01-11 10:54:30,351 - __main__ - INFO - Sample text: ['bill', 'gate', 'say', 'solution', 'climate', 'change', 'ok', 'four', 'private', 'jet', 'bill', 'ga
2025-01-11 10:54:30,351 - __main__ - INFO - Sample label: [0, 0, 0, 0, 0, 0, 0, 0, 0, 0, 0, 0, 1, 0, 0, 0, 0, 0, 0, 0, 0, 0, 0, 0, 0, 0, 0, 0, 0, 0, 0, 0, 0, 0, 0, 0, 0, 0, 0, 0, 0, 0, 0, 0, 0, 0]
2025-01-11 10:54:36,986 - __main__ - INFO - Model saved to c:\Users\leonb\OneDrive\Dokumente\Studium\Master\Sem1\NLP and InfExt\practical\nlp_Backpropagandists_2024\code/models/svm_model.joblib
2025-01-11 10:54:37,033 - __main__ - INFO - SVM training completed.
2025-01-11 10:54:37,052 - __main__ - INFO - Starting SVM training with Multilingual Embeddings on the complete data...
2025-01-11 10:54:37,100 - __main__ - INFO - Created mapping for 94 unique narratives
2025-01-11 10:54:37,141 - __main__ - INFO - Number of unique labels in mapping: 94
2025-01-11 10:54:37,141 - __main__ - INFO - Sample text: ['bill', 'gate', 'say', 'solution', 'climate', 'change', 'ok', 'four', 'private', 'jet', 'bill', 'ga
2025-01-11 10:54:37,141 - __main__ - INFO - Sample label: [0, 0, 0, 0, 0, 0, 0, 0, 0, 0, 0, 0, 0, 0, 0, 0, 0, 0, 0, 0, 1, 0, 0, 0, 0, 0, 0, 0, 0, 0, 0, 0, 0, 0, 0, 0, 0, 0, 0, 0, 0, 0, 0, 0, 0, 0, 0, 0, 0, 0, 0, 0, 0, 0, 0, 0, 0, 0, 0, 0, 0, 0, 0, 0, 0, 0, 0, 0, 0, 0, 0, 0, 0, 0, 0, 0, 0, 0, 0, 0, 0, 0, 0, 0, 0, 0, 0, 0, 0, 0, 0, 0, 0, 0]
2025-01-11 10:54:49,478 - __main__ - INFO - Model saved to c:\Users\leonb\OneDrive\Dokumente\Studium\Master\Sem1\NLP and InfExt\practical\nlp_Backpropagandists_2024\code/models/svm_model.joblib
2025-01-11 10:54:49,688 - __main__ - INFO - SVM training completed.
2025-01-11 10:54:50,793 - __main__ - INFO - Created mapping for 94 unique narratives
