2025-01-11 11:08:44,730 - __main__ - INFO - Starting SVM training with TF-IDF on Ukraine War data...
2025-01-11 11:08:44,763 - __main__ - INFO - Created mapping for 50 unique narratives
2025-01-11 11:08:44,793 - __main__ - INFO - Number of unique labels in mapping: 50
2025-01-11 11:08:44,794 - __main__ - INFO - Sample text: ['russia', 'clash', 'erupt', 'bashkortostan', 'right', 'activist', 'sentence', 'russian', 'riot', 'p
2025-01-11 11:08:44,795 - __main__ - INFO - Sample label: [0, 0, 0, 0, 0, 0, 0, 0, 0, 0, 0, 0, 0, 0, 0, 0, 0, 0, 0, 0, 0, 0, 0, 0, 0, 0, 0, 0, 0, 0, 0, 1, 0, 0, 0, 0, 0, 0, 0, 0, 0, 0, 0, 0, 0, 0, 0, 0, 0, 0]
2025-01-11 11:08:45,374 - __main__ - INFO - Model saved to c:\Users\leonb\OneDrive\Dokumente\Studium\Master\Sem1\NLP and InfExt\practical\nlp_Backpropagandists_2024\code/models/svm_model.joblib
2025-01-11 11:08:45,440 - __main__ - INFO - SVM training completed.
2025-01-11 11:08:45,458 - __main__ - INFO - Starting SVM training with TF-IDF on Climate Change data...
2025-01-11 11:08:45,479 - __main__ - INFO - Created mapping for 46 unique narratives
2025-01-11 11:08:45,490 - __main__ - INFO - Number of unique labels in mapping: 46
2025-01-11 11:08:45,490 - __main__ - INFO - Sample text: ['bill', 'gate', 'say', 'solution', 'climate', 'change', 'ok', 'four', 'private', 'jet', 'bill', 'ga
2025-01-11 11:08:45,490 - __main__ - INFO - Sample label: [0, 0, 0, 0, 0, 0, 0, 0, 0, 0, 0, 0, 1, 0, 0, 0, 0, 0, 0, 0, 0, 0, 0, 0, 0, 0, 0, 0, 0, 0, 0, 0, 0, 0, 0, 0, 0, 0, 0, 0, 0, 0, 0, 0, 0, 0]
2025-01-11 11:08:45,786 - __main__ - INFO - Model saved to c:\Users\leonb\OneDrive\Dokumente\Studium\Master\Sem1\NLP and InfExt\practical\nlp_Backpropagandists_2024\code/models/svm_model.joblib
2025-01-11 11:08:45,816 - __main__ - INFO - SVM training completed.
2025-01-11 11:08:45,840 - __main__ - INFO - Starting SVM training with TF-IDF on the complete data...
2025-01-11 11:08:45,886 - __main__ - INFO - Created mapping for 94 unique narratives
2025-01-11 11:08:45,943 - __main__ - INFO - Number of unique labels in mapping: 94
2025-01-11 11:08:45,943 - __main__ - INFO - Sample text: ['bill', 'gate', 'say', 'solution', 'climate', 'change', 'ok', 'four', 'private', 'jet', 'bill', 'ga
2025-01-11 11:08:45,943 - __main__ - INFO - Sample label: [0, 0, 0, 0, 0, 0, 0, 0, 0, 0, 0, 0, 0, 0, 0, 0, 0, 0, 0, 0, 1, 0, 0, 0, 0, 0, 0, 0, 0, 0, 0, 0, 0, 0, 0, 0, 0, 0, 0, 0, 0, 0, 0, 0, 0, 0, 0, 0, 0, 0, 0, 0, 0, 0, 0, 0, 0, 0, 0, 0, 0, 0, 0, 0, 0, 0, 0, 0, 0, 0, 0, 0, 0, 0, 0, 0, 0, 0, 0, 0, 0, 0, 0, 0, 0, 0, 0, 0, 0, 0, 0, 0, 0, 0]
2025-01-11 11:08:47,007 - __main__ - INFO - Model saved to c:\Users\leonb\OneDrive\Dokumente\Studium\Master\Sem1\NLP and InfExt\practical\nlp_Backpropagandists_2024\code/models/svm_model.joblib
2025-01-11 11:08:47,144 - __main__ - INFO - SVM training completed.
2025-01-11 11:08:47,174 - __main__ - INFO - Starting SVM training with Bag-Of-Words on Ukraine War data...
2025-01-11 11:08:47,214 - __main__ - INFO - Created mapping for 50 unique narratives
2025-01-11 11:08:47,259 - __main__ - INFO - Number of unique labels in mapping: 50
2025-01-11 11:08:47,259 - __main__ - INFO - Sample text: ['russia', 'clash', 'erupt', 'bashkortostan', 'right', 'activist', 'sentence', 'russian', 'riot', 'p
2025-01-11 11:08:47,264 - __main__ - INFO - Sample label: [0, 0, 0, 0, 0, 0, 0, 0, 0, 0, 0, 0, 0, 0, 0, 0, 0, 0, 0, 0, 0, 0, 0, 0, 0, 0, 0, 0, 0, 0, 0, 1, 0, 0, 0, 0, 0, 0, 0, 0, 0, 0, 0, 0, 0, 0, 0, 0, 0, 0]
2025-01-11 11:08:51,040 - __main__ - INFO - Model saved to c:\Users\leonb\OneDrive\Dokumente\Studium\Master\Sem1\NLP and InfExt\practical\nlp_Backpropagandists_2024\code/models/svm_model.joblib
2025-01-11 11:08:51,226 - __main__ - INFO - SVM training completed.
2025-01-11 11:08:51,242 - __main__ - INFO - Starting SVM training with Bag-Of-Words on Climate Change data...
2025-01-11 11:08:51,261 - __main__ - INFO - Created mapping for 46 unique narratives
2025-01-11 11:08:51,288 - __main__ - INFO - Number of unique labels in mapping: 46
2025-01-11 11:08:51,289 - __main__ - INFO - Sample text: ['bill', 'gate', 'say', 'solution', 'climate', 'change', 'ok', 'four', 'private', 'jet', 'bill', 'ga
2025-01-11 11:08:51,291 - __main__ - INFO - Sample label: [0, 0, 0, 0, 0, 0, 0, 0, 0, 0, 0, 0, 1, 0, 0, 0, 0, 0, 0, 0, 0, 0, 0, 0, 0, 0, 0, 0, 0, 0, 0, 0, 0, 0, 0, 0, 0, 0, 0, 0, 0, 0, 0, 0, 0, 0]
2025-01-11 11:08:52,559 - __main__ - INFO - Model saved to c:\Users\leonb\OneDrive\Dokumente\Studium\Master\Sem1\NLP and InfExt\practical\nlp_Backpropagandists_2024\code/models/svm_model.joblib
2025-01-11 11:08:52,634 - __main__ - INFO - SVM training completed.
2025-01-11 11:08:52,646 - __main__ - INFO - Starting SVM training with Bag-Of-Words on the complete data...
2025-01-11 11:08:52,713 - __main__ - INFO - Created mapping for 94 unique narratives
2025-01-11 11:08:52,756 - __main__ - INFO - Number of unique labels in mapping: 94
2025-01-11 11:08:52,756 - __main__ - INFO - Sample text: ['bill', 'gate', 'say', 'solution', 'climate', 'change', 'ok', 'four', 'private', 'jet', 'bill', 'ga
2025-01-11 11:08:52,759 - __main__ - INFO - Sample label: [0, 0, 0, 0, 0, 0, 0, 0, 0, 0, 0, 0, 0, 0, 0, 0, 0, 0, 0, 0, 1, 0, 0, 0, 0, 0, 0, 0, 0, 0, 0, 0, 0, 0, 0, 0, 0, 0, 0, 0, 0, 0, 0, 0, 0, 0, 0, 0, 0, 0, 0, 0, 0, 0, 0, 0, 0, 0, 0, 0, 0, 0, 0, 0, 0, 0, 0, 0, 0, 0, 0, 0, 0, 0, 0, 0, 0, 0, 0, 0, 0, 0, 0, 0, 0, 0, 0, 0, 0, 0, 0, 0, 0, 0]
2025-01-11 11:08:59,807 - __main__ - INFO - Model saved to c:\Users\leonb\OneDrive\Dokumente\Studium\Master\Sem1\NLP and InfExt\practical\nlp_Backpropagandists_2024\code/models/svm_model.joblib
2025-01-11 11:09:00,133 - __main__ - INFO - SVM training completed.
2025-01-11 11:09:00,155 - __main__ - INFO - Starting SVM training with Multilingual Embeddings on Ukraine War data...
2025-01-11 11:09:00,158 - __main__ - INFO - SVM training completed.
2025-01-11 11:09:00,171 - __main__ - INFO - Starting SVM training with Multilingual Embeddings on Climate Change data...
2025-01-11 11:09:00,173 - __main__ - INFO - SVM training completed.
2025-01-11 11:09:00,181 - __main__ - INFO - Starting SVM training with Multilingual Embeddings on the complete data...
2025-01-11 11:09:00,187 - __main__ - INFO - SVM training completed.
2025-01-11 11:09:01,432 - __main__ - INFO - Created mapping for 94 unique narratives
