2025-01-10 23:02:57,175 - __main__ - INFO - Starting SVM training with TF-IDF on Ukraine War data...
2025-01-10 23:02:57,226 - __main__ - INFO - Created mapping for 50 unique narratives
2025-01-10 23:02:57,267 - __main__ - INFO - Number of unique labels in mapping: 50
2025-01-10 23:02:57,269 - __main__ - INFO - Sample text: ['russia', 'clash', 'erupt', 'bashkortostan', 'right', 'activist', 'sentence', 'russian', 'riot', 'p
2025-01-10 23:02:57,270 - __main__ - INFO - Sample label: [0, 0, 0, 0, 0, 0, 0, 0, 0, 0, 0, 0, 0, 0, 0, 0, 0, 0, 0, 0, 0, 0, 0, 0, 0, 0, 0, 0, 0, 0, 0, 1, 0, 0, 0, 0, 0, 0, 0, 0, 0, 0, 0, 0, 0, 0, 0, 0, 0, 0]
2025-01-10 23:02:57,875 - __main__ - INFO - Model saved to c:\Users\leonb\OneDrive\Dokumente\Studium\Master\Sem1\NLP and InfExt\practical\nlp_Backpropagandists_2024\code/models/svm_model.joblib
2025-01-10 23:02:57,947 - __main__ - INFO - SVM training completed.
2025-01-10 23:02:57,965 - __main__ - INFO - Starting SVM training with TF-IDF on Climate Change data...
2025-01-10 23:02:57,980 - __main__ - INFO - Created mapping for 46 unique narratives
2025-01-10 23:02:57,995 - __main__ - INFO - Number of unique labels in mapping: 46
2025-01-10 23:02:57,996 - __main__ - INFO - Sample text: ['bill', 'gate', 'say', 'solution', 'climate', 'change', 'ok', 'four', 'private', 'jet', 'bill', 'ga
2025-01-10 23:02:57,997 - __main__ - INFO - Sample label: [0, 0, 0, 0, 0, 0, 0, 0, 0, 0, 0, 0, 1, 0, 0, 0, 0, 0, 0, 0, 0, 0, 0, 0, 0, 0, 0, 0, 0, 0, 0, 0, 0, 0, 0, 0, 0, 0, 0, 0, 0, 0, 0, 0, 0, 0]
2025-01-10 23:02:58,298 - __main__ - INFO - Model saved to c:\Users\leonb\OneDrive\Dokumente\Studium\Master\Sem1\NLP and InfExt\practical\nlp_Backpropagandists_2024\code/models/svm_model.joblib
2025-01-10 23:02:58,348 - __main__ - INFO - SVM training completed.
2025-01-10 23:02:58,363 - __main__ - INFO - Starting SVM training with TF-IDF on the complete data...
2025-01-10 23:02:58,404 - __main__ - INFO - Created mapping for 94 unique narratives
2025-01-10 23:02:58,443 - __main__ - INFO - Number of unique labels in mapping: 94
2025-01-10 23:02:58,443 - __main__ - INFO - Sample text: ['bill', 'gate', 'say', 'solution', 'climate', 'change', 'ok', 'four', 'private', 'jet', 'bill', 'ga
2025-01-10 23:02:58,448 - __main__ - INFO - Sample label: [0, 0, 0, 0, 0, 0, 0, 0, 0, 0, 0, 0, 0, 0, 0, 0, 0, 0, 0, 0, 1, 0, 0, 0, 0, 0, 0, 0, 0, 0, 0, 0, 0, 0, 0, 0, 0, 0, 0, 0, 0, 0, 0, 0, 0, 0, 0, 0, 0, 0, 0, 0, 0, 0, 0, 0, 0, 0, 0, 0, 0, 0, 0, 0, 0, 0, 0, 0, 0, 0, 0, 0, 0, 0, 0, 0, 0, 0, 0, 0, 0, 0, 0, 0, 0, 0, 0, 0, 0, 0, 0, 0, 0, 0]
2025-01-10 23:02:59,517 - __main__ - INFO - Model saved to c:\Users\leonb\OneDrive\Dokumente\Studium\Master\Sem1\NLP and InfExt\practical\nlp_Backpropagandists_2024\code/models/svm_model.joblib
2025-01-10 23:02:59,683 - __main__ - INFO - SVM training completed.
2025-01-10 23:02:59,698 - __main__ - INFO - Starting SVM training with Bag-Of-Words on Ukraine War data...
2025-01-10 23:02:59,735 - __main__ - INFO - Created mapping for 50 unique narratives
2025-01-10 23:02:59,765 - __main__ - INFO - Number of unique labels in mapping: 50
2025-01-10 23:02:59,766 - __main__ - INFO - Sample text: ['russia', 'clash', 'erupt', 'bashkortostan', 'right', 'activist', 'sentence', 'russian', 'riot', 'p
2025-01-10 23:02:59,767 - __main__ - INFO - Sample label: [0, 0, 0, 0, 0, 0, 0, 0, 0, 0, 0, 0, 0, 0, 0, 0, 0, 0, 0, 0, 0, 0, 0, 0, 0, 0, 0, 0, 0, 0, 0, 1, 0, 0, 0, 0, 0, 0, 0, 0, 0, 0, 0, 0, 0, 0, 0, 0, 0, 0]
2025-01-10 23:03:03,606 - __main__ - INFO - Model saved to c:\Users\leonb\OneDrive\Dokumente\Studium\Master\Sem1\NLP and InfExt\practical\nlp_Backpropagandists_2024\code/models/svm_model.joblib
2025-01-10 23:03:03,757 - __main__ - INFO - SVM training completed.
2025-01-10 23:03:03,780 - __main__ - INFO - Starting SVM training with Bag-Of-Words on Climate Change data...
2025-01-10 23:03:03,794 - __main__ - INFO - Created mapping for 46 unique narratives
2025-01-10 23:03:03,811 - __main__ - INFO - Number of unique labels in mapping: 46
2025-01-10 23:03:03,812 - __main__ - INFO - Sample text: ['bill', 'gate', 'say', 'solution', 'climate', 'change', 'ok', 'four', 'private', 'jet', 'bill', 'ga
2025-01-10 23:03:03,813 - __main__ - INFO - Sample label: [0, 0, 0, 0, 0, 0, 0, 0, 0, 0, 0, 0, 1, 0, 0, 0, 0, 0, 0, 0, 0, 0, 0, 0, 0, 0, 0, 0, 0, 0, 0, 0, 0, 0, 0, 0, 0, 0, 0, 0, 0, 0, 0, 0, 0, 0]
2025-01-10 23:03:05,024 - __main__ - INFO - Model saved to c:\Users\leonb\OneDrive\Dokumente\Studium\Master\Sem1\NLP and InfExt\practical\nlp_Backpropagandists_2024\code/models/svm_model.joblib
2025-01-10 23:03:05,104 - __main__ - INFO - SVM training completed.
2025-01-10 23:03:05,129 - __main__ - INFO - Starting SVM training with Bag-Of-Words on the complete data...
2025-01-10 23:03:05,171 - __main__ - INFO - Created mapping for 94 unique narratives
2025-01-10 23:03:05,213 - __main__ - INFO - Number of unique labels in mapping: 94
2025-01-10 23:03:05,214 - __main__ - INFO - Sample text: ['bill', 'gate', 'say', 'solution', 'climate', 'change', 'ok', 'four', 'private', 'jet', 'bill', 'ga
2025-01-10 23:03:05,214 - __main__ - INFO - Sample label: [0, 0, 0, 0, 0, 0, 0, 0, 0, 0, 0, 0, 0, 0, 0, 0, 0, 0, 0, 0, 1, 0, 0, 0, 0, 0, 0, 0, 0, 0, 0, 0, 0, 0, 0, 0, 0, 0, 0, 0, 0, 0, 0, 0, 0, 0, 0, 0, 0, 0, 0, 0, 0, 0, 0, 0, 0, 0, 0, 0, 0, 0, 0, 0, 0, 0, 0, 0, 0, 0, 0, 0, 0, 0, 0, 0, 0, 0, 0, 0, 0, 0, 0, 0, 0, 0, 0, 0, 0, 0, 0, 0, 0, 0]
2025-01-10 23:03:12,874 - __main__ - INFO - Model saved to c:\Users\leonb\OneDrive\Dokumente\Studium\Master\Sem1\NLP and InfExt\practical\nlp_Backpropagandists_2024\code/models/svm_model.joblib
2025-01-10 23:03:13,224 - __main__ - INFO - SVM training completed.
2025-01-10 23:03:13,248 - __main__ - INFO - Starting SVM training with Multilingual Embeddings on Ukraine War data...
2025-01-10 23:03:13,273 - __main__ - INFO - Created mapping for 50 unique narratives
2025-01-10 23:03:13,307 - __main__ - INFO - Number of unique labels in mapping: 50
2025-01-10 23:03:13,308 - __main__ - INFO - Sample text: ['russia', 'clash', 'erupt', 'bashkortostan', 'right', 'activist', 'sentence', 'russian', 'riot', 'p
2025-01-10 23:03:13,308 - __main__ - INFO - Sample label: [0, 0, 0, 0, 0, 0, 0, 0, 0, 0, 0, 0, 0, 0, 0, 0, 0, 0, 0, 0, 0, 0, 0, 0, 0, 0, 0, 0, 0, 0, 0, 1, 0, 0, 0, 0, 0, 0, 0, 0, 0, 0, 0, 0, 0, 0, 0, 0, 0, 0]
2025-01-10 23:03:20,843 - __main__ - INFO - Model saved to c:\Users\leonb\OneDrive\Dokumente\Studium\Master\Sem1\NLP and InfExt\practical\nlp_Backpropagandists_2024\code/models/svm_model.joblib
2025-01-10 23:03:20,970 - __main__ - INFO - SVM training completed.
2025-01-10 23:03:20,986 - __main__ - INFO - Starting SVM training with Multilingual Embeddings on Climate Change data...
2025-01-10 23:03:21,004 - __main__ - INFO - Created mapping for 46 unique narratives
2025-01-10 23:03:21,023 - __main__ - INFO - Number of unique labels in mapping: 46
2025-01-10 23:03:21,024 - __main__ - INFO - Sample text: ['bill', 'gate', 'say', 'solution', 'climate', 'change', 'ok', 'four', 'private', 'jet', 'bill', 'ga
2025-01-10 23:03:21,024 - __main__ - INFO - Sample label: [0, 0, 0, 0, 0, 0, 0, 0, 0, 0, 0, 0, 1, 0, 0, 0, 0, 0, 0, 0, 0, 0, 0, 0, 0, 0, 0, 0, 0, 0, 0, 0, 0, 0, 0, 0, 0, 0, 0, 0, 0, 0, 0, 0, 0, 0]
2025-01-10 23:03:27,858 - __main__ - INFO - Model saved to c:\Users\leonb\OneDrive\Dokumente\Studium\Master\Sem1\NLP and InfExt\practical\nlp_Backpropagandists_2024\code/models/svm_model.joblib
2025-01-10 23:03:27,906 - __main__ - INFO - SVM training completed.
2025-01-10 23:03:27,926 - __main__ - INFO - Starting SVM training with Multilingual Embeddings on the complete data...
2025-01-10 23:03:27,971 - __main__ - INFO - Created mapping for 94 unique narratives
2025-01-10 23:03:28,009 - __main__ - INFO - Number of unique labels in mapping: 94
2025-01-10 23:03:28,011 - __main__ - INFO - Sample text: ['bill', 'gate', 'say', 'solution', 'climate', 'change', 'ok', 'four', 'private', 'jet', 'bill', 'ga
2025-01-10 23:03:28,013 - __main__ - INFO - Sample label: [0, 0, 0, 0, 0, 0, 0, 0, 0, 0, 0, 0, 0, 0, 0, 0, 0, 0, 0, 0, 1, 0, 0, 0, 0, 0, 0, 0, 0, 0, 0, 0, 0, 0, 0, 0, 0, 0, 0, 0, 0, 0, 0, 0, 0, 0, 0, 0, 0, 0, 0, 0, 0, 0, 0, 0, 0, 0, 0, 0, 0, 0, 0, 0, 0, 0, 0, 0, 0, 0, 0, 0, 0, 0, 0, 0, 0, 0, 0, 0, 0, 0, 0, 0, 0, 0, 0, 0, 0, 0, 0, 0, 0, 0]
2025-01-10 23:03:39,808 - __main__ - INFO - Model saved to c:\Users\leonb\OneDrive\Dokumente\Studium\Master\Sem1\NLP and InfExt\practical\nlp_Backpropagandists_2024\code/models/svm_model.joblib
2025-01-10 23:03:40,016 - __main__ - INFO - SVM training completed.
2025-01-10 23:03:41,178 - __main__ - INFO - Created mapping for 94 unique narratives
2025-01-10 23:05:59,661 - __main__ - INFO - Created mapping for 94 unique narratives
