2025-01-10 19:55:07,675 - __main__ - INFO - Starting SVM training with TF-IDF on Ukraine War data...
2025-01-10 19:55:07,723 - __main__ - INFO - Created mapping for 50 unique narratives
2025-01-10 19:55:07,755 - __main__ - INFO - Number of unique labels in mapping: 50
2025-01-10 19:55:07,756 - __main__ - INFO - Sample text: ['russia', 'clash', 'erupt', 'bashkortostan', 'right', 'activist', 'sentence', 'russian', 'riot', 'p
2025-01-10 19:55:07,756 - __main__ - INFO - Sample label: [0, 0, 0, 0, 0, 0, 0, 0, 0, 0, 0, 0, 0, 0, 0, 0, 0, 0, 0, 0, 0, 0, 0, 0, 0, 0, 0, 0, 0, 0, 0, 1, 0, 0, 0, 0, 0, 0, 0, 0, 0, 0, 0, 0, 0, 0, 0, 0, 0, 0]
2025-01-10 19:55:08,661 - __main__ - INFO - Model saved to c:\Users\leonb\OneDrive\Dokumente\Studium\Master\Sem1\NLP and InfExt\practical\nlp_Backpropagandists_2024\code/models/svm_model.joblib
2025-01-10 19:55:08,788 - __main__ - INFO - SVM training completed.
2025-01-10 19:55:08,805 - __main__ - INFO - Starting SVM training with TF-IDF on Climate Change data...
2025-01-10 19:55:08,826 - __main__ - INFO - Created mapping for 46 unique narratives
2025-01-10 19:55:08,843 - __main__ - INFO - Number of unique labels in mapping: 46
2025-01-10 19:55:08,845 - __main__ - INFO - Sample text: ['bill', 'gate', 'say', 'solution', 'climate', 'change', 'ok', 'four', 'private', 'jet', 'bill', 'ga
2025-01-10 19:55:08,846 - __main__ - INFO - Sample label: [0, 0, 0, 0, 0, 0, 0, 0, 0, 0, 0, 0, 1, 0, 0, 0, 0, 0, 0, 0, 0, 0, 0, 0, 0, 0, 0, 0, 0, 0, 0, 0, 0, 0, 0, 0, 0, 0, 0, 0, 0, 0, 0, 0, 0, 0]
2025-01-10 19:55:09,520 - __main__ - INFO - Model saved to c:\Users\leonb\OneDrive\Dokumente\Studium\Master\Sem1\NLP and InfExt\practical\nlp_Backpropagandists_2024\code/models/svm_model.joblib
2025-01-10 19:55:09,583 - __main__ - INFO - SVM training completed.
2025-01-10 19:55:09,608 - __main__ - INFO - Starting SVM training with TF-IDF on the complete data...
2025-01-10 19:55:09,684 - __main__ - INFO - Created mapping for 94 unique narratives
2025-01-10 19:55:09,750 - __main__ - INFO - Number of unique labels in mapping: 94
2025-01-10 19:55:09,752 - __main__ - INFO - Sample text: ['bill', 'gate', 'say', 'solution', 'climate', 'change', 'ok', 'four', 'private', 'jet', 'bill', 'ga
2025-01-10 19:55:09,754 - __main__ - INFO - Sample label: [0, 0, 0, 0, 0, 0, 0, 0, 0, 0, 0, 0, 0, 0, 0, 0, 0, 0, 0, 0, 1, 0, 0, 0, 0, 0, 0, 0, 0, 0, 0, 0, 0, 0, 0, 0, 0, 0, 0, 0, 0, 0, 0, 0, 0, 0, 0, 0, 0, 0, 0, 0, 0, 0, 0, 0, 0, 0, 0, 0, 0, 0, 0, 0, 0, 0, 0, 0, 0, 0, 0, 0, 0, 0, 0, 0, 0, 0, 0, 0, 0, 0, 0, 0, 0, 0, 0, 0, 0, 0, 0, 0, 0, 0]
2025-01-10 19:55:11,604 - __main__ - INFO - Model saved to c:\Users\leonb\OneDrive\Dokumente\Studium\Master\Sem1\NLP and InfExt\practical\nlp_Backpropagandists_2024\code/models/svm_model.joblib
2025-01-10 19:55:11,841 - __main__ - INFO - SVM training completed.
2025-01-10 19:55:11,872 - __main__ - INFO - Starting SVM training with Bag-Of-Words on Ukraine War data...
2025-01-10 19:55:11,947 - __main__ - INFO - Created mapping for 50 unique narratives
2025-01-10 19:55:11,988 - __main__ - INFO - Number of unique labels in mapping: 50
2025-01-10 19:55:11,989 - __main__ - INFO - Sample text: ['russia', 'clash', 'erupt', 'bashkortostan', 'right', 'activist', 'sentence', 'russian', 'riot', 'p
2025-01-10 19:55:11,991 - __main__ - INFO - Sample label: [0, 0, 0, 0, 0, 0, 0, 0, 0, 0, 0, 0, 0, 0, 0, 0, 0, 0, 0, 0, 0, 0, 0, 0, 0, 0, 0, 0, 0, 0, 0, 1, 0, 0, 0, 0, 0, 0, 0, 0, 0, 0, 0, 0, 0, 0, 0, 0, 0, 0]
2025-01-10 19:55:17,535 - __main__ - INFO - Model saved to c:\Users\leonb\OneDrive\Dokumente\Studium\Master\Sem1\NLP and InfExt\practical\nlp_Backpropagandists_2024\code/models/svm_model.joblib
2025-01-10 19:55:17,812 - __main__ - INFO - SVM training completed.
2025-01-10 19:55:17,837 - __main__ - INFO - Starting SVM training with Bag-Of-Words on Climate Change data...
2025-01-10 19:55:17,866 - __main__ - INFO - Created mapping for 46 unique narratives
2025-01-10 19:55:17,900 - __main__ - INFO - Number of unique labels in mapping: 46
2025-01-10 19:55:17,902 - __main__ - INFO - Sample text: ['bill', 'gate', 'say', 'solution', 'climate', 'change', 'ok', 'four', 'private', 'jet', 'bill', 'ga
2025-01-10 19:55:17,905 - __main__ - INFO - Sample label: [0, 0, 0, 0, 0, 0, 0, 0, 0, 0, 0, 0, 1, 0, 0, 0, 0, 0, 0, 0, 0, 0, 0, 0, 0, 0, 0, 0, 0, 0, 0, 0, 0, 0, 0, 0, 0, 0, 0, 0, 0, 0, 0, 0, 0, 0]
2025-01-10 19:55:19,891 - __main__ - INFO - Model saved to c:\Users\leonb\OneDrive\Dokumente\Studium\Master\Sem1\NLP and InfExt\practical\nlp_Backpropagandists_2024\code/models/svm_model.joblib
2025-01-10 19:55:20,000 - __main__ - INFO - SVM training completed.
2025-01-10 19:55:20,016 - __main__ - INFO - Starting SVM training with Bag-Of-Words on the complete data...
2025-01-10 19:55:20,075 - __main__ - INFO - Created mapping for 94 unique narratives
2025-01-10 19:55:20,122 - __main__ - INFO - Number of unique labels in mapping: 94
2025-01-10 19:55:20,123 - __main__ - INFO - Sample text: ['bill', 'gate', 'say', 'solution', 'climate', 'change', 'ok', 'four', 'private', 'jet', 'bill', 'ga
2025-01-10 19:55:20,124 - __main__ - INFO - Sample label: [0, 0, 0, 0, 0, 0, 0, 0, 0, 0, 0, 0, 0, 0, 0, 0, 0, 0, 0, 0, 1, 0, 0, 0, 0, 0, 0, 0, 0, 0, 0, 0, 0, 0, 0, 0, 0, 0, 0, 0, 0, 0, 0, 0, 0, 0, 0, 0, 0, 0, 0, 0, 0, 0, 0, 0, 0, 0, 0, 0, 0, 0, 0, 0, 0, 0, 0, 0, 0, 0, 0, 0, 0, 0, 0, 0, 0, 0, 0, 0, 0, 0, 0, 0, 0, 0, 0, 0, 0, 0, 0, 0, 0, 0]
2025-01-10 19:55:28,606 - __main__ - INFO - Model saved to c:\Users\leonb\OneDrive\Dokumente\Studium\Master\Sem1\NLP and InfExt\practical\nlp_Backpropagandists_2024\code/models/svm_model.joblib
2025-01-10 19:55:28,911 - __main__ - INFO - SVM training completed.
2025-01-10 19:55:28,929 - __main__ - INFO - Starting SVM training with Multilingual Embeddings on Ukraine War data...
2025-01-10 19:55:28,963 - __main__ - INFO - Created mapping for 50 unique narratives
2025-01-10 19:55:28,991 - __main__ - INFO - Number of unique labels in mapping: 50
2025-01-10 19:55:28,993 - __main__ - INFO - Sample text: ['russia', 'clash', 'erupt', 'bashkortostan', 'right', 'activist', 'sentence', 'russian', 'riot', 'p
2025-01-10 19:55:28,994 - __main__ - INFO - Sample label: [0, 0, 0, 0, 0, 0, 0, 0, 0, 0, 0, 0, 0, 0, 0, 0, 0, 0, 0, 0, 0, 0, 0, 0, 0, 0, 0, 0, 0, 0, 0, 1, 0, 0, 0, 0, 0, 0, 0, 0, 0, 0, 0, 0, 0, 0, 0, 0, 0, 0]
2025-01-10 19:55:35,467 - __main__ - INFO - Model saved to c:\Users\leonb\OneDrive\Dokumente\Studium\Master\Sem1\NLP and InfExt\practical\nlp_Backpropagandists_2024\code/models/svm_model.joblib
2025-01-10 19:55:35,632 - __main__ - INFO - SVM training completed.
2025-01-10 19:55:35,656 - __main__ - INFO - Starting SVM training with Multilingual Embeddings on Climate Change data...
2025-01-10 19:55:35,675 - __main__ - INFO - Created mapping for 46 unique narratives
2025-01-10 19:55:35,698 - __main__ - INFO - Number of unique labels in mapping: 46
2025-01-10 19:55:35,699 - __main__ - INFO - Sample text: ['bill', 'gate', 'say', 'solution', 'climate', 'change', 'ok', 'four', 'private', 'jet', 'bill', 'ga
2025-01-10 19:55:35,700 - __main__ - INFO - Sample label: [0, 0, 0, 0, 0, 0, 0, 0, 0, 0, 0, 0, 1, 0, 0, 0, 0, 0, 0, 0, 0, 0, 0, 0, 0, 0, 0, 0, 0, 0, 0, 0, 0, 0, 0, 0, 0, 0, 0, 0, 0, 0, 0, 0, 0, 0]
2025-01-10 19:55:43,134 - __main__ - INFO - Model saved to c:\Users\leonb\OneDrive\Dokumente\Studium\Master\Sem1\NLP and InfExt\practical\nlp_Backpropagandists_2024\code/models/svm_model.joblib
2025-01-10 19:55:43,174 - __main__ - INFO - SVM training completed.
2025-01-10 19:55:43,199 - __main__ - INFO - Starting SVM training with Multilingual Embeddings on the complete data...
2025-01-10 19:55:43,245 - __main__ - INFO - Created mapping for 94 unique narratives
2025-01-10 19:55:43,287 - __main__ - INFO - Number of unique labels in mapping: 94
2025-01-10 19:55:43,288 - __main__ - INFO - Sample text: ['bill', 'gate', 'say', 'solution', 'climate', 'change', 'ok', 'four', 'private', 'jet', 'bill', 'ga
2025-01-10 19:55:43,288 - __main__ - INFO - Sample label: [0, 0, 0, 0, 0, 0, 0, 0, 0, 0, 0, 0, 0, 0, 0, 0, 0, 0, 0, 0, 1, 0, 0, 0, 0, 0, 0, 0, 0, 0, 0, 0, 0, 0, 0, 0, 0, 0, 0, 0, 0, 0, 0, 0, 0, 0, 0, 0, 0, 0, 0, 0, 0, 0, 0, 0, 0, 0, 0, 0, 0, 0, 0, 0, 0, 0, 0, 0, 0, 0, 0, 0, 0, 0, 0, 0, 0, 0, 0, 0, 0, 0, 0, 0, 0, 0, 0, 0, 0, 0, 0, 0, 0, 0]
2025-01-10 19:55:55,144 - __main__ - INFO - Model saved to c:\Users\leonb\OneDrive\Dokumente\Studium\Master\Sem1\NLP and InfExt\practical\nlp_Backpropagandists_2024\code/models/svm_model.joblib
2025-01-10 19:55:55,378 - __main__ - INFO - SVM training completed.
2025-01-10 19:55:56,736 - __main__ - INFO - Created mapping for 94 unique narratives
2025-01-10 21:45:17,789 - __main__ - INFO - Created mapping for 94 unique narratives
