2024-12-14 10:46:26,712 - __main__ - INFO - Loading initial data...
2024-12-14 10:46:30,257 - __main__ - INFO - Loaded 198 documents
2024-12-14 10:46:30,258 - __main__ - INFO - Tokenizing text...
2024-12-14 10:46:31,708 - __main__ - INFO - Handling unusual sentences...
2024-12-14 10:46:31,709 - __main__ - INFO - Normalizing text...
2024-12-14 10:46:31,710 - modules.text_normalization - INFO - Using device: cpu
2024-12-14 10:46:31,736 - stanza - INFO - Loading these models for language: en (English):
=================================
| Processor | Package           |
---------------------------------
| tokenize  | combined          |
| lemma     | combined_nocharlm |
=================================

2024-12-14 10:46:31,738 - stanza - INFO - Using device: cpu
2024-12-14 10:46:31,739 - stanza - INFO - Loading: tokenize
2024-12-14 10:46:31,742 - stanza - INFO - Loading: lemma
2024-12-14 10:46:34,382 - stanza - INFO - Done loading processors!
2024-12-14 10:46:34,420 - modules.text_normalization - INFO - Starting processing of 198 rows in 4 batches
2024-12-14 10:46:54,726 - __main__ - INFO - Preprocessing completed successfully
2024-12-14 10:46:54,949 - __main__ - INFO - Starting BERT training...
2024-12-14 10:46:54,953 - __main__ - INFO - Created mapping for 69 unique narratives
2024-12-14 10:46:54,959 - __main__ - INFO - Number of unique labels in mapping: 69
2024-12-14 10:46:54,959 - __main__ - INFO - Sample text: world need peacemaker trump jeff crouere liberty daily world total chaos month biden presidency sout
2024-12-14 10:46:54,961 - __main__ - INFO - Sample label: 49
2024-12-14 10:46:55,140 - __main__ - INFO - Model saved to c:\Users\leonb\OneDrive\Dokumente\Studium\Master\Sem1\NLP and InfExt\practical\nlp_Backpropagandists_2024\code\./models/svm_model.joblib
2024-12-14 10:46:55,158 - __main__ - INFO - Training classification report:
2024-12-14 10:46:55,158 - __main__ - INFO - {
  "0": {
    "precision": 0.0,
    "recall": 0.0,
    "f1-score": 0.0,
    "support": 1.0
  },
  "2": {
    "precision": 0.0,
    "recall": 0.0,
    "f1-score": 0.0,
    "support": 1.0
  },
  "3": {
    "precision": 0.0,
    "recall": 0.0,
    "f1-score": 0.0,
    "support": 1.0
  },
  "4": {
    "precision": 0.5,
    "recall": 1.0,
    "f1-score": 0.6666666666666666,
    "support": 1.0
  },
  "5": {
    "precision": 0.3333333333333333,
    "recall": 1.0,
    "f1-score": 0.5,
    "support": 1.0
  },
  "12": {
    "precision": 0.0,
    "recall": 0.0,
    "f1-score": 0.0,
    "support": 1.0
  },
  "17": {
    "precision": 0.0,
    "recall": 0.0,
    "f1-score": 0.0,
    "support": 1.0
  },
  "21": {
    "precision": 0.0,
    "recall": 0.0,
    "f1-score": 0.0,
    "support": 1.0
  },
  "22": {
    "precision": 0.0,
    "recall": 0.0,
    "f1-score": 0.0,
    "support": 1.0
  },
  "24": {
    "precision": 0.0,
    "recall": 0.0,
    "f1-score": 0.0,
    "support": 1.0
  },
  "30": {
    "precision": 1.0,
    "recall": 1.0,
    "f1-score": 1.0,
    "support": 1.0
  },
  "33": {
    "precision": 0.0,
    "recall": 0.0,
    "f1-score": 0.0,
    "support": 1.0
  },
  "36": {
    "precision": 0.0,
    "recall": 0.0,
    "f1-score": 0.0,
    "support": 1.0
  },
  "41": {
    "precision": 0.0,
    "recall": 0.0,
    "f1-score": 0.0,
    "support": 1.0
  },
  "45": {
    "precision": 0.0,
    "recall": 0.0,
    "f1-score": 0.0,
    "support": 1.0
  },
  "49": {
    "precision": 0.5757575757575758,
    "recall": 0.95,
    "f1-score": 0.7169811320754716,
    "support": 20.0
  },
  "54": {
    "precision": 0.0,
    "recall": 0.0,
    "f1-score": 0.0,
    "support": 1.0
  },
  "61": {
    "precision": 0.0,
    "recall": 0.0,
    "f1-score": 0.0,
    "support": 1.0
  },
  "66": {
    "precision": 1.0,
    "recall": 1.0,
    "f1-score": 1.0,
    "support": 1.0
  },
  "68": {
    "precision": 0.0,
    "recall": 0.0,
    "f1-score": 0.0,
    "support": 2.0
  },
  "accuracy": 0.575,
  "macro avg": {
    "precision": 0.17045454545454547,
    "recall": 0.2475,
    "f1-score": 0.1941823899371069,
    "support": 40.0
  },
  "weighted avg": {
    "precision": 0.35871212121212126,
    "recall": 0.575,
    "f1-score": 0.4376572327044025,
    "support": 40.0
  }
}
2024-12-14 10:46:55,161 - __main__ - INFO - BERT training completed. Results: {'0': {'precision': 0.0, 'recall': 0.0, 'f1-score': 0.0, 'support': 1.0}, '2': {'precision': 0.0, 'recall': 0.0, 'f1-score': 0.0, 'support': 1.0}, '3': {'precision': 0.0, 'recall': 0.0, 'f1-score': 0.0, 'support': 1.0}, '4': {'precision': 0.5, 'recall': 1.0, 'f1-score': 0.6666666666666666, 'support': 1.0}, '5': {'precision': 0.3333333333333333, 'recall': 1.0, 'f1-score': 0.5, 'support': 1.0}, '12': {'precision': 0.0, 'recall': 0.0, 'f1-score': 0.0, 'support': 1.0}, '17': {'precision': 0.0, 'recall': 0.0, 'f1-score': 0.0, 'support': 1.0}, '21': {'precision': 0.0, 'recall': 0.0, 'f1-score': 0.0, 'support': 1.0}, '22': {'precision': 0.0, 'recall': 0.0, 'f1-score': 0.0, 'support': 1.0}, '24': {'precision': 0.0, 'recall': 0.0, 'f1-score': 0.0, 'support': 1.0}, '30': {'precision': 1.0, 'recall': 1.0, 'f1-score': 1.0, 'support': 1.0}, '33': {'precision': 0.0, 'recall': 0.0, 'f1-score': 0.0, 'support': 1.0}, '36': {'precision': 0.0, 'recall': 0.0, 'f1-score': 0.0, 'support': 1.0}, '41': {'precision': 0.0, 'recall': 0.0, 'f1-score': 0.0, 'support': 1.0}, '45': {'precision': 0.0, 'recall': 0.0, 'f1-score': 0.0, 'support': 1.0}, '49': {'precision': 0.5757575757575758, 'recall': 0.95, 'f1-score': 0.7169811320754716, 'support': 20.0}, '54': {'precision': 0.0, 'recall': 0.0, 'f1-score': 0.0, 'support': 1.0}, '61': {'precision': 0.0, 'recall': 0.0, 'f1-score': 0.0, 'support': 1.0}, '66': {'precision': 1.0, 'recall': 1.0, 'f1-score': 1.0, 'support': 1.0}, '68': {'precision': 0.0, 'recall': 0.0, 'f1-score': 0.0, 'support': 2.0}, 'accuracy': 0.575, 'macro avg': {'precision': 0.17045454545454547, 'recall': 0.2475, 'f1-score': 0.1941823899371069, 'support': 40.0}, 'weighted avg': {'precision': 0.35871212121212126, 'recall': 0.575, 'f1-score': 0.4376572327044025, 'support': 40.0}}
2024-12-14 10:50:57,947 - __main__ - INFO - Starting BERT training...
2024-12-14 10:56:31,662 - __main__ - INFO - Created mapping for 69 unique narratives
2024-12-14 10:56:31,679 - __main__ - INFO - Number of unique labels in mapping: 69
2024-12-14 10:56:31,681 - __main__ - INFO - Sample text: world need peacemaker trump jeff crouere liberty daily world total chaos month biden presidency sout
2024-12-14 10:56:31,683 - __main__ - INFO - Sample label: 49
2024-12-14 10:56:32,077 - __main__ - INFO - Model saved to c:\Users\leonb\OneDrive\Dokumente\Studium\Master\Sem1\NLP and InfExt\practical\nlp_Backpropagandists_2024\code\./models/svm_model.joblib
2024-12-14 10:56:32,138 - __main__ - INFO - Training classification report:
2024-12-14 10:56:32,142 - __main__ - INFO - {
  "0": {
    "precision": 0.0,
    "recall": 0.0,
    "f1-score": 0.0,
    "support": 1.0
  },
  "2": {
    "precision": 0.0,
    "recall": 0.0,
    "f1-score": 0.0,
    "support": 1.0
  },
  "3": {
    "precision": 0.0,
    "recall": 0.0,
    "f1-score": 0.0,
    "support": 1.0
  },
  "4": {
    "precision": 0.5,
    "recall": 1.0,
    "f1-score": 0.6666666666666666,
    "support": 1.0
  },
  "5": {
    "precision": 0.3333333333333333,
    "recall": 1.0,
    "f1-score": 0.5,
    "support": 1.0
  },
  "12": {
    "precision": 0.0,
    "recall": 0.0,
    "f1-score": 0.0,
    "support": 1.0
  },
  "17": {
    "precision": 0.0,
    "recall": 0.0,
    "f1-score": 0.0,
    "support": 1.0
  },
  "21": {
    "precision": 0.0,
    "recall": 0.0,
    "f1-score": 0.0,
    "support": 1.0
  },
  "22": {
    "precision": 0.0,
    "recall": 0.0,
    "f1-score": 0.0,
    "support": 1.0
  },
  "24": {
    "precision": 0.0,
    "recall": 0.0,
    "f1-score": 0.0,
    "support": 1.0
  },
  "30": {
    "precision": 1.0,
    "recall": 1.0,
    "f1-score": 1.0,
    "support": 1.0
  },
  "33": {
    "precision": 0.0,
    "recall": 0.0,
    "f1-score": 0.0,
    "support": 1.0
  },
  "36": {
    "precision": 0.0,
    "recall": 0.0,
    "f1-score": 0.0,
    "support": 1.0
  },
  "41": {
    "precision": 0.0,
    "recall": 0.0,
    "f1-score": 0.0,
    "support": 1.0
  },
  "45": {
    "precision": 0.0,
    "recall": 0.0,
    "f1-score": 0.0,
    "support": 1.0
  },
  "49": {
    "precision": 0.5757575757575758,
    "recall": 0.95,
    "f1-score": 0.7169811320754716,
    "support": 20.0
  },
  "54": {
    "precision": 0.0,
    "recall": 0.0,
    "f1-score": 0.0,
    "support": 1.0
  },
  "61": {
    "precision": 0.0,
    "recall": 0.0,
    "f1-score": 0.0,
    "support": 1.0
  },
  "66": {
    "precision": 1.0,
    "recall": 1.0,
    "f1-score": 1.0,
    "support": 1.0
  },
  "68": {
    "precision": 0.0,
    "recall": 0.0,
    "f1-score": 0.0,
    "support": 2.0
  },
  "accuracy": 0.575,
  "macro avg": {
    "precision": 0.17045454545454547,
    "recall": 0.2475,
    "f1-score": 0.1941823899371069,
    "support": 40.0
  },
  "weighted avg": {
    "precision": 0.35871212121212126,
    "recall": 0.575,
    "f1-score": 0.4376572327044025,
    "support": 40.0
  }
}
2024-12-14 10:56:32,152 - __main__ - INFO - BERT training completed. Results: {'0': {'precision': 0.0, 'recall': 0.0, 'f1-score': 0.0, 'support': 1.0}, '2': {'precision': 0.0, 'recall': 0.0, 'f1-score': 0.0, 'support': 1.0}, '3': {'precision': 0.0, 'recall': 0.0, 'f1-score': 0.0, 'support': 1.0}, '4': {'precision': 0.5, 'recall': 1.0, 'f1-score': 0.6666666666666666, 'support': 1.0}, '5': {'precision': 0.3333333333333333, 'recall': 1.0, 'f1-score': 0.5, 'support': 1.0}, '12': {'precision': 0.0, 'recall': 0.0, 'f1-score': 0.0, 'support': 1.0}, '17': {'precision': 0.0, 'recall': 0.0, 'f1-score': 0.0, 'support': 1.0}, '21': {'precision': 0.0, 'recall': 0.0, 'f1-score': 0.0, 'support': 1.0}, '22': {'precision': 0.0, 'recall': 0.0, 'f1-score': 0.0, 'support': 1.0}, '24': {'precision': 0.0, 'recall': 0.0, 'f1-score': 0.0, 'support': 1.0}, '30': {'precision': 1.0, 'recall': 1.0, 'f1-score': 1.0, 'support': 1.0}, '33': {'precision': 0.0, 'recall': 0.0, 'f1-score': 0.0, 'support': 1.0}, '36': {'precision': 0.0, 'recall': 0.0, 'f1-score': 0.0, 'support': 1.0}, '41': {'precision': 0.0, 'recall': 0.0, 'f1-score': 0.0, 'support': 1.0}, '45': {'precision': 0.0, 'recall': 0.0, 'f1-score': 0.0, 'support': 1.0}, '49': {'precision': 0.5757575757575758, 'recall': 0.95, 'f1-score': 0.7169811320754716, 'support': 20.0}, '54': {'precision': 0.0, 'recall': 0.0, 'f1-score': 0.0, 'support': 1.0}, '61': {'precision': 0.0, 'recall': 0.0, 'f1-score': 0.0, 'support': 1.0}, '66': {'precision': 1.0, 'recall': 1.0, 'f1-score': 1.0, 'support': 1.0}, '68': {'precision': 0.0, 'recall': 0.0, 'f1-score': 0.0, 'support': 2.0}, 'accuracy': 0.575, 'macro avg': {'precision': 0.17045454545454547, 'recall': 0.2475, 'f1-score': 0.1941823899371069, 'support': 40.0}, 'weighted avg': {'precision': 0.35871212121212126, 'recall': 0.575, 'f1-score': 0.4376572327044025, 'support': 40.0}}
2024-12-14 10:56:38,931 - __main__ - INFO - Starting BERT training...
2024-12-14 11:00:27,146 - __main__ - INFO - Created mapping for 69 unique narratives
2024-12-14 11:00:27,150 - __main__ - INFO - Number of unique labels in mapping: 69
2024-12-14 11:00:27,150 - __main__ - INFO - Sample text: world need peacemaker trump jeff crouere liberty daily world total chaos month biden presidency sout
2024-12-14 11:00:27,153 - __main__ - INFO - Sample label: 49
2024-12-14 11:00:27,400 - __main__ - INFO - Model saved to c:\Users\leonb\OneDrive\Dokumente\Studium\Master\Sem1\NLP and InfExt\practical\nlp_Backpropagandists_2024\code\./models/svm_model.joblib
2024-12-14 11:00:27,438 - __main__ - INFO - Training classification report:
2024-12-14 11:00:27,441 - __main__ - INFO - {
  "0": {
    "precision": 0.0,
    "recall": 0.0,
    "f1-score": 0.0,
    "support": 1.0
  },
  "2": {
    "precision": 0.0,
    "recall": 0.0,
    "f1-score": 0.0,
    "support": 1.0
  },
  "3": {
    "precision": 0.0,
    "recall": 0.0,
    "f1-score": 0.0,
    "support": 1.0
  },
  "4": {
    "precision": 0.5,
    "recall": 1.0,
    "f1-score": 0.6666666666666666,
    "support": 1.0
  },
  "5": {
    "precision": 0.3333333333333333,
    "recall": 1.0,
    "f1-score": 0.5,
    "support": 1.0
  },
  "12": {
    "precision": 0.0,
    "recall": 0.0,
    "f1-score": 0.0,
    "support": 1.0
  },
  "17": {
    "precision": 0.0,
    "recall": 0.0,
    "f1-score": 0.0,
    "support": 1.0
  },
  "21": {
    "precision": 0.0,
    "recall": 0.0,
    "f1-score": 0.0,
    "support": 1.0
  },
  "22": {
    "precision": 0.0,
    "recall": 0.0,
    "f1-score": 0.0,
    "support": 1.0
  },
  "24": {
    "precision": 0.0,
    "recall": 0.0,
    "f1-score": 0.0,
    "support": 1.0
  },
  "30": {
    "precision": 1.0,
    "recall": 1.0,
    "f1-score": 1.0,
    "support": 1.0
  },
  "33": {
    "precision": 0.0,
    "recall": 0.0,
    "f1-score": 0.0,
    "support": 1.0
  },
  "36": {
    "precision": 0.0,
    "recall": 0.0,
    "f1-score": 0.0,
    "support": 1.0
  },
  "41": {
    "precision": 0.0,
    "recall": 0.0,
    "f1-score": 0.0,
    "support": 1.0
  },
  "45": {
    "precision": 0.0,
    "recall": 0.0,
    "f1-score": 0.0,
    "support": 1.0
  },
  "49": {
    "precision": 0.5757575757575758,
    "recall": 0.95,
    "f1-score": 0.7169811320754716,
    "support": 20.0
  },
  "54": {
    "precision": 0.0,
    "recall": 0.0,
    "f1-score": 0.0,
    "support": 1.0
  },
  "61": {
    "precision": 0.0,
    "recall": 0.0,
    "f1-score": 0.0,
    "support": 1.0
  },
  "66": {
    "precision": 1.0,
    "recall": 1.0,
    "f1-score": 1.0,
    "support": 1.0
  },
  "68": {
    "precision": 0.0,
    "recall": 0.0,
    "f1-score": 0.0,
    "support": 2.0
  },
  "accuracy": 0.575,
  "macro avg": {
    "precision": 0.17045454545454547,
    "recall": 0.2475,
    "f1-score": 0.1941823899371069,
    "support": 40.0
  },
  "weighted avg": {
    "precision": 0.35871212121212126,
    "recall": 0.575,
    "f1-score": 0.4376572327044025,
    "support": 40.0
  }
}
2024-12-14 11:00:27,446 - __main__ - INFO - BERT training completed. Results: {'0': {'precision': 0.0, 'recall': 0.0, 'f1-score': 0.0, 'support': 1.0}, '2': {'precision': 0.0, 'recall': 0.0, 'f1-score': 0.0, 'support': 1.0}, '3': {'precision': 0.0, 'recall': 0.0, 'f1-score': 0.0, 'support': 1.0}, '4': {'precision': 0.5, 'recall': 1.0, 'f1-score': 0.6666666666666666, 'support': 1.0}, '5': {'precision': 0.3333333333333333, 'recall': 1.0, 'f1-score': 0.5, 'support': 1.0}, '12': {'precision': 0.0, 'recall': 0.0, 'f1-score': 0.0, 'support': 1.0}, '17': {'precision': 0.0, 'recall': 0.0, 'f1-score': 0.0, 'support': 1.0}, '21': {'precision': 0.0, 'recall': 0.0, 'f1-score': 0.0, 'support': 1.0}, '22': {'precision': 0.0, 'recall': 0.0, 'f1-score': 0.0, 'support': 1.0}, '24': {'precision': 0.0, 'recall': 0.0, 'f1-score': 0.0, 'support': 1.0}, '30': {'precision': 1.0, 'recall': 1.0, 'f1-score': 1.0, 'support': 1.0}, '33': {'precision': 0.0, 'recall': 0.0, 'f1-score': 0.0, 'support': 1.0}, '36': {'precision': 0.0, 'recall': 0.0, 'f1-score': 0.0, 'support': 1.0}, '41': {'precision': 0.0, 'recall': 0.0, 'f1-score': 0.0, 'support': 1.0}, '45': {'precision': 0.0, 'recall': 0.0, 'f1-score': 0.0, 'support': 1.0}, '49': {'precision': 0.5757575757575758, 'recall': 0.95, 'f1-score': 0.7169811320754716, 'support': 20.0}, '54': {'precision': 0.0, 'recall': 0.0, 'f1-score': 0.0, 'support': 1.0}, '61': {'precision': 0.0, 'recall': 0.0, 'f1-score': 0.0, 'support': 1.0}, '66': {'precision': 1.0, 'recall': 1.0, 'f1-score': 1.0, 'support': 1.0}, '68': {'precision': 0.0, 'recall': 0.0, 'f1-score': 0.0, 'support': 2.0}, 'accuracy': 0.575, 'macro avg': {'precision': 0.17045454545454547, 'recall': 0.2475, 'f1-score': 0.1941823899371069, 'support': 40.0}, 'weighted avg': {'precision': 0.35871212121212126, 'recall': 0.575, 'f1-score': 0.4376572327044025, 'support': 40.0}}
2024-12-14 11:00:27,866 - __main__ - INFO - Starting BERT training...
2024-12-14 11:00:41,975 - __main__ - INFO - Created mapping for 69 unique narratives
2024-12-14 11:00:41,978 - __main__ - INFO - Number of unique labels in mapping: 69
2024-12-14 11:00:41,978 - __main__ - INFO - Sample text: world need peacemaker trump jeff crouere liberty daily world total chaos month biden presidency sout
2024-12-14 11:00:41,983 - __main__ - INFO - Sample label: 49
2024-12-14 11:00:42,227 - __main__ - INFO - Model saved to c:\Users\leonb\OneDrive\Dokumente\Studium\Master\Sem1\NLP and InfExt\practical\nlp_Backpropagandists_2024\code\./models/svm_model.joblib
2024-12-14 11:00:42,245 - __main__ - INFO - Training classification report:
2024-12-14 11:00:42,260 - __main__ - INFO - {
  "0": {
    "precision": 0.0,
    "recall": 0.0,
    "f1-score": 0.0,
    "support": 1.0
  },
  "2": {
    "precision": 0.0,
    "recall": 0.0,
    "f1-score": 0.0,
    "support": 1.0
  },
  "3": {
    "precision": 0.0,
    "recall": 0.0,
    "f1-score": 0.0,
    "support": 1.0
  },
  "4": {
    "precision": 0.5,
    "recall": 1.0,
    "f1-score": 0.6666666666666666,
    "support": 1.0
  },
  "5": {
    "precision": 0.3333333333333333,
    "recall": 1.0,
    "f1-score": 0.5,
    "support": 1.0
  },
  "12": {
    "precision": 0.0,
    "recall": 0.0,
    "f1-score": 0.0,
    "support": 1.0
  },
  "17": {
    "precision": 0.0,
    "recall": 0.0,
    "f1-score": 0.0,
    "support": 1.0
  },
  "21": {
    "precision": 0.0,
    "recall": 0.0,
    "f1-score": 0.0,
    "support": 1.0
  },
  "22": {
    "precision": 0.0,
    "recall": 0.0,
    "f1-score": 0.0,
    "support": 1.0
  },
  "24": {
    "precision": 0.0,
    "recall": 0.0,
    "f1-score": 0.0,
    "support": 1.0
  },
  "30": {
    "precision": 1.0,
    "recall": 1.0,
    "f1-score": 1.0,
    "support": 1.0
  },
  "33": {
    "precision": 0.0,
    "recall": 0.0,
    "f1-score": 0.0,
    "support": 1.0
  },
  "36": {
    "precision": 0.0,
    "recall": 0.0,
    "f1-score": 0.0,
    "support": 1.0
  },
  "41": {
    "precision": 0.0,
    "recall": 0.0,
    "f1-score": 0.0,
    "support": 1.0
  },
  "45": {
    "precision": 0.0,
    "recall": 0.0,
    "f1-score": 0.0,
    "support": 1.0
  },
  "49": {
    "precision": 0.5757575757575758,
    "recall": 0.95,
    "f1-score": 0.7169811320754716,
    "support": 20.0
  },
  "54": {
    "precision": 0.0,
    "recall": 0.0,
    "f1-score": 0.0,
    "support": 1.0
  },
  "61": {
    "precision": 0.0,
    "recall": 0.0,
    "f1-score": 0.0,
    "support": 1.0
  },
  "66": {
    "precision": 1.0,
    "recall": 1.0,
    "f1-score": 1.0,
    "support": 1.0
  },
  "68": {
    "precision": 0.0,
    "recall": 0.0,
    "f1-score": 0.0,
    "support": 2.0
  },
  "accuracy": 0.575,
  "macro avg": {
    "precision": 0.17045454545454547,
    "recall": 0.2475,
    "f1-score": 0.1941823899371069,
    "support": 40.0
  },
  "weighted avg": {
    "precision": 0.35871212121212126,
    "recall": 0.575,
    "f1-score": 0.4376572327044025,
    "support": 40.0
  }
}
2024-12-14 11:00:42,264 - __main__ - INFO - BERT training completed. Results: {'0': {'precision': 0.0, 'recall': 0.0, 'f1-score': 0.0, 'support': 1.0}, '2': {'precision': 0.0, 'recall': 0.0, 'f1-score': 0.0, 'support': 1.0}, '3': {'precision': 0.0, 'recall': 0.0, 'f1-score': 0.0, 'support': 1.0}, '4': {'precision': 0.5, 'recall': 1.0, 'f1-score': 0.6666666666666666, 'support': 1.0}, '5': {'precision': 0.3333333333333333, 'recall': 1.0, 'f1-score': 0.5, 'support': 1.0}, '12': {'precision': 0.0, 'recall': 0.0, 'f1-score': 0.0, 'support': 1.0}, '17': {'precision': 0.0, 'recall': 0.0, 'f1-score': 0.0, 'support': 1.0}, '21': {'precision': 0.0, 'recall': 0.0, 'f1-score': 0.0, 'support': 1.0}, '22': {'precision': 0.0, 'recall': 0.0, 'f1-score': 0.0, 'support': 1.0}, '24': {'precision': 0.0, 'recall': 0.0, 'f1-score': 0.0, 'support': 1.0}, '30': {'precision': 1.0, 'recall': 1.0, 'f1-score': 1.0, 'support': 1.0}, '33': {'precision': 0.0, 'recall': 0.0, 'f1-score': 0.0, 'support': 1.0}, '36': {'precision': 0.0, 'recall': 0.0, 'f1-score': 0.0, 'support': 1.0}, '41': {'precision': 0.0, 'recall': 0.0, 'f1-score': 0.0, 'support': 1.0}, '45': {'precision': 0.0, 'recall': 0.0, 'f1-score': 0.0, 'support': 1.0}, '49': {'precision': 0.5757575757575758, 'recall': 0.95, 'f1-score': 0.7169811320754716, 'support': 20.0}, '54': {'precision': 0.0, 'recall': 0.0, 'f1-score': 0.0, 'support': 1.0}, '61': {'precision': 0.0, 'recall': 0.0, 'f1-score': 0.0, 'support': 1.0}, '66': {'precision': 1.0, 'recall': 1.0, 'f1-score': 1.0, 'support': 1.0}, '68': {'precision': 0.0, 'recall': 0.0, 'f1-score': 0.0, 'support': 2.0}, 'accuracy': 0.575, 'macro avg': {'precision': 0.17045454545454547, 'recall': 0.2475, 'f1-score': 0.1941823899371069, 'support': 40.0}, 'weighted avg': {'precision': 0.35871212121212126, 'recall': 0.575, 'f1-score': 0.4376572327044025, 'support': 40.0}}
2024-12-14 11:00:42,695 - __main__ - INFO - Starting BERT training...
2024-12-14 11:00:50,277 - __main__ - INFO - Created mapping for 69 unique narratives
2024-12-14 11:05:11,223 - __main__ - INFO - Number of unique labels in mapping: 69
2024-12-14 11:05:11,229 - __main__ - INFO - Sample text: world need peacemaker trump jeff crouere liberty daily world total chaos month biden presidency sout
2024-12-14 11:05:11,230 - __main__ - INFO - Sample label: 49
2024-12-14 11:05:11,599 - __main__ - INFO - Model saved to c:\Users\leonb\OneDrive\Dokumente\Studium\Master\Sem1\NLP and InfExt\practical\nlp_Backpropagandists_2024\code\./models/svm_model.joblib
2024-12-14 11:05:11,650 - __main__ - INFO - Training classification report:
2024-12-14 11:05:11,657 - __main__ - INFO - {
  "0": {
    "precision": 0.0,
    "recall": 0.0,
    "f1-score": 0.0,
    "support": 1.0
  },
  "2": {
    "precision": 0.0,
    "recall": 0.0,
    "f1-score": 0.0,
    "support": 1.0
  },
  "3": {
    "precision": 0.0,
    "recall": 0.0,
    "f1-score": 0.0,
    "support": 1.0
  },
  "4": {
    "precision": 0.5,
    "recall": 1.0,
    "f1-score": 0.6666666666666666,
    "support": 1.0
  },
  "5": {
    "precision": 0.3333333333333333,
    "recall": 1.0,
    "f1-score": 0.5,
    "support": 1.0
  },
  "12": {
    "precision": 0.0,
    "recall": 0.0,
    "f1-score": 0.0,
    "support": 1.0
  },
  "17": {
    "precision": 0.0,
    "recall": 0.0,
    "f1-score": 0.0,
    "support": 1.0
  },
  "21": {
    "precision": 0.0,
    "recall": 0.0,
    "f1-score": 0.0,
    "support": 1.0
  },
  "22": {
    "precision": 0.0,
    "recall": 0.0,
    "f1-score": 0.0,
    "support": 1.0
  },
  "24": {
    "precision": 0.0,
    "recall": 0.0,
    "f1-score": 0.0,
    "support": 1.0
  },
  "30": {
    "precision": 1.0,
    "recall": 1.0,
    "f1-score": 1.0,
    "support": 1.0
  },
  "33": {
    "precision": 0.0,
    "recall": 0.0,
    "f1-score": 0.0,
    "support": 1.0
  },
  "36": {
    "precision": 0.0,
    "recall": 0.0,
    "f1-score": 0.0,
    "support": 1.0
  },
  "41": {
    "precision": 0.0,
    "recall": 0.0,
    "f1-score": 0.0,
    "support": 1.0
  },
  "45": {
    "precision": 0.0,
    "recall": 0.0,
    "f1-score": 0.0,
    "support": 1.0
  },
  "49": {
    "precision": 0.5757575757575758,
    "recall": 0.95,
    "f1-score": 0.7169811320754716,
    "support": 20.0
  },
  "54": {
    "precision": 0.0,
    "recall": 0.0,
    "f1-score": 0.0,
    "support": 1.0
  },
  "61": {
    "precision": 0.0,
    "recall": 0.0,
    "f1-score": 0.0,
    "support": 1.0
  },
  "66": {
    "precision": 1.0,
    "recall": 1.0,
    "f1-score": 1.0,
    "support": 1.0
  },
  "68": {
    "precision": 0.0,
    "recall": 0.0,
    "f1-score": 0.0,
    "support": 2.0
  },
  "accuracy": 0.575,
  "macro avg": {
    "precision": 0.17045454545454547,
    "recall": 0.2475,
    "f1-score": 0.1941823899371069,
    "support": 40.0
  },
  "weighted avg": {
    "precision": 0.35871212121212126,
    "recall": 0.575,
    "f1-score": 0.4376572327044025,
    "support": 40.0
  }
}
2024-12-14 11:05:11,667 - __main__ - INFO - BERT training completed. Results: {'0': {'precision': 0.0, 'recall': 0.0, 'f1-score': 0.0, 'support': 1.0}, '2': {'precision': 0.0, 'recall': 0.0, 'f1-score': 0.0, 'support': 1.0}, '3': {'precision': 0.0, 'recall': 0.0, 'f1-score': 0.0, 'support': 1.0}, '4': {'precision': 0.5, 'recall': 1.0, 'f1-score': 0.6666666666666666, 'support': 1.0}, '5': {'precision': 0.3333333333333333, 'recall': 1.0, 'f1-score': 0.5, 'support': 1.0}, '12': {'precision': 0.0, 'recall': 0.0, 'f1-score': 0.0, 'support': 1.0}, '17': {'precision': 0.0, 'recall': 0.0, 'f1-score': 0.0, 'support': 1.0}, '21': {'precision': 0.0, 'recall': 0.0, 'f1-score': 0.0, 'support': 1.0}, '22': {'precision': 0.0, 'recall': 0.0, 'f1-score': 0.0, 'support': 1.0}, '24': {'precision': 0.0, 'recall': 0.0, 'f1-score': 0.0, 'support': 1.0}, '30': {'precision': 1.0, 'recall': 1.0, 'f1-score': 1.0, 'support': 1.0}, '33': {'precision': 0.0, 'recall': 0.0, 'f1-score': 0.0, 'support': 1.0}, '36': {'precision': 0.0, 'recall': 0.0, 'f1-score': 0.0, 'support': 1.0}, '41': {'precision': 0.0, 'recall': 0.0, 'f1-score': 0.0, 'support': 1.0}, '45': {'precision': 0.0, 'recall': 0.0, 'f1-score': 0.0, 'support': 1.0}, '49': {'precision': 0.5757575757575758, 'recall': 0.95, 'f1-score': 0.7169811320754716, 'support': 20.0}, '54': {'precision': 0.0, 'recall': 0.0, 'f1-score': 0.0, 'support': 1.0}, '61': {'precision': 0.0, 'recall': 0.0, 'f1-score': 0.0, 'support': 1.0}, '66': {'precision': 1.0, 'recall': 1.0, 'f1-score': 1.0, 'support': 1.0}, '68': {'precision': 0.0, 'recall': 0.0, 'f1-score': 0.0, 'support': 2.0}, 'accuracy': 0.575, 'macro avg': {'precision': 0.17045454545454547, 'recall': 0.2475, 'f1-score': 0.1941823899371069, 'support': 40.0}, 'weighted avg': {'precision': 0.35871212121212126, 'recall': 0.575, 'f1-score': 0.4376572327044025, 'support': 40.0}}
2024-12-14 11:05:12,283 - __main__ - INFO - Starting BERT training...
2024-12-14 11:05:53,810 - __main__ - INFO - Created mapping for 69 unique narratives
2024-12-14 11:48:30,108 - __main__ - INFO - Number of unique labels in mapping: 69
2024-12-14 11:48:30,112 - __main__ - INFO - Sample text: world need peacemaker trump jeff crouere liberty daily world total chaos month biden presidency sout
2024-12-14 11:48:30,116 - __main__ - INFO - Sample label: 49
2024-12-14 11:48:30,535 - __main__ - INFO - Model saved to c:\Users\leonb\OneDrive\Dokumente\Studium\Master\Sem1\NLP and InfExt\practical\nlp_Backpropagandists_2024\code\./models/svm_model.joblib
2024-12-14 11:48:30,585 - __main__ - INFO - Training classification report:
2024-12-14 11:48:30,590 - __main__ - INFO - {
  "0": {
    "precision": 0.0,
    "recall": 0.0,
    "f1-score": 0.0,
    "support": 1.0
  },
  "2": {
    "precision": 0.0,
    "recall": 0.0,
    "f1-score": 0.0,
    "support": 1.0
  },
  "3": {
    "precision": 0.0,
    "recall": 0.0,
    "f1-score": 0.0,
    "support": 1.0
  },
  "4": {
    "precision": 0.5,
    "recall": 1.0,
    "f1-score": 0.6666666666666666,
    "support": 1.0
  },
  "5": {
    "precision": 0.3333333333333333,
    "recall": 1.0,
    "f1-score": 0.5,
    "support": 1.0
  },
  "12": {
    "precision": 0.0,
    "recall": 0.0,
    "f1-score": 0.0,
    "support": 1.0
  },
  "17": {
    "precision": 0.0,
    "recall": 0.0,
    "f1-score": 0.0,
    "support": 1.0
  },
  "21": {
    "precision": 0.0,
    "recall": 0.0,
    "f1-score": 0.0,
    "support": 1.0
  },
  "22": {
    "precision": 0.0,
    "recall": 0.0,
    "f1-score": 0.0,
    "support": 1.0
  },
  "24": {
    "precision": 0.0,
    "recall": 0.0,
    "f1-score": 0.0,
    "support": 1.0
  },
  "30": {
    "precision": 1.0,
    "recall": 1.0,
    "f1-score": 1.0,
    "support": 1.0
  },
  "33": {
    "precision": 0.0,
    "recall": 0.0,
    "f1-score": 0.0,
    "support": 1.0
  },
  "36": {
    "precision": 0.0,
    "recall": 0.0,
    "f1-score": 0.0,
    "support": 1.0
  },
  "41": {
    "precision": 0.0,
    "recall": 0.0,
    "f1-score": 0.0,
    "support": 1.0
  },
  "45": {
    "precision": 0.0,
    "recall": 0.0,
    "f1-score": 0.0,
    "support": 1.0
  },
  "49": {
    "precision": 0.5757575757575758,
    "recall": 0.95,
    "f1-score": 0.7169811320754716,
    "support": 20.0
  },
  "54": {
    "precision": 0.0,
    "recall": 0.0,
    "f1-score": 0.0,
    "support": 1.0
  },
  "61": {
    "precision": 0.0,
    "recall": 0.0,
    "f1-score": 0.0,
    "support": 1.0
  },
  "66": {
    "precision": 1.0,
    "recall": 1.0,
    "f1-score": 1.0,
    "support": 1.0
  },
  "68": {
    "precision": 0.0,
    "recall": 0.0,
    "f1-score": 0.0,
    "support": 2.0
  },
  "accuracy": 0.575,
  "macro avg": {
    "precision": 0.17045454545454547,
    "recall": 0.2475,
    "f1-score": 0.1941823899371069,
    "support": 40.0
  },
  "weighted avg": {
    "precision": 0.35871212121212126,
    "recall": 0.575,
    "f1-score": 0.4376572327044025,
    "support": 40.0
  }
}
2024-12-14 11:48:30,601 - __main__ - INFO - BERT training completed. Results: {'0': {'precision': 0.0, 'recall': 0.0, 'f1-score': 0.0, 'support': 1.0}, '2': {'precision': 0.0, 'recall': 0.0, 'f1-score': 0.0, 'support': 1.0}, '3': {'precision': 0.0, 'recall': 0.0, 'f1-score': 0.0, 'support': 1.0}, '4': {'precision': 0.5, 'recall': 1.0, 'f1-score': 0.6666666666666666, 'support': 1.0}, '5': {'precision': 0.3333333333333333, 'recall': 1.0, 'f1-score': 0.5, 'support': 1.0}, '12': {'precision': 0.0, 'recall': 0.0, 'f1-score': 0.0, 'support': 1.0}, '17': {'precision': 0.0, 'recall': 0.0, 'f1-score': 0.0, 'support': 1.0}, '21': {'precision': 0.0, 'recall': 0.0, 'f1-score': 0.0, 'support': 1.0}, '22': {'precision': 0.0, 'recall': 0.0, 'f1-score': 0.0, 'support': 1.0}, '24': {'precision': 0.0, 'recall': 0.0, 'f1-score': 0.0, 'support': 1.0}, '30': {'precision': 1.0, 'recall': 1.0, 'f1-score': 1.0, 'support': 1.0}, '33': {'precision': 0.0, 'recall': 0.0, 'f1-score': 0.0, 'support': 1.0}, '36': {'precision': 0.0, 'recall': 0.0, 'f1-score': 0.0, 'support': 1.0}, '41': {'precision': 0.0, 'recall': 0.0, 'f1-score': 0.0, 'support': 1.0}, '45': {'precision': 0.0, 'recall': 0.0, 'f1-score': 0.0, 'support': 1.0}, '49': {'precision': 0.5757575757575758, 'recall': 0.95, 'f1-score': 0.7169811320754716, 'support': 20.0}, '54': {'precision': 0.0, 'recall': 0.0, 'f1-score': 0.0, 'support': 1.0}, '61': {'precision': 0.0, 'recall': 0.0, 'f1-score': 0.0, 'support': 1.0}, '66': {'precision': 1.0, 'recall': 1.0, 'f1-score': 1.0, 'support': 1.0}, '68': {'precision': 0.0, 'recall': 0.0, 'f1-score': 0.0, 'support': 2.0}, 'accuracy': 0.575, 'macro avg': {'precision': 0.17045454545454547, 'recall': 0.2475, 'f1-score': 0.1941823899371069, 'support': 40.0}, 'weighted avg': {'precision': 0.35871212121212126, 'recall': 0.575, 'f1-score': 0.4376572327044025, 'support': 40.0}}
2024-12-14 11:51:42,454 - __main__ - INFO - Starting BERT training...
2024-12-14 11:51:42,460 - __main__ - INFO - Created mapping for 69 unique narratives
2024-12-14 11:56:30,419 - __main__ - INFO - Number of unique labels in mapping: 69
2024-12-14 11:56:30,422 - __main__ - INFO - Sample text: world need peacemaker trump jeff crouere liberty daily world total chaos month biden presidency sout
2024-12-14 11:56:30,425 - __main__ - INFO - Sample label: [0, 0, 0, 0, 0, 0, 0, 0, 0, 0, 0, 0, 0, 0, 0, 0, 0, 0, 0, 0, 0, 0, 0, 0, 0, 0, 0, 0, 0, 0, 0, 0, 0, 0, 0, 0, 0, 0, 0, 0, 0, 0, 0, 0, 0, 0, 0, 0, 0, 1, 0, 0, 0, 0, 0, 0, 0, 0, 0, 0, 0, 0, 0, 0, 0, 0, 0, 0, 0]
2024-12-14 11:56:30,964 - __main__ - INFO - Model saved to c:\Users\leonb\OneDrive\Dokumente\Studium\Master\Sem1\NLP and InfExt\practical\nlp_Backpropagandists_2024\code\./models/svm_model.joblib
2024-12-14 11:56:31,064 - __main__ - INFO - Training classification report:
2024-12-14 11:56:31,077 - __main__ - INFO - {
  "0": {
    "precision": 0.0,
    "recall": 0.0,
    "f1-score": 0.0,
    "support": 1.0
  },
  "1": {
    "precision": 0.0,
    "recall": 0.0,
    "f1-score": 0.0,
    "support": 0.0
  },
  "2": {
    "precision": 0.0,
    "recall": 0.0,
    "f1-score": 0.0,
    "support": 1.0
  },
  "3": {
    "precision": 0.0,
    "recall": 0.0,
    "f1-score": 0.0,
    "support": 2.0
  },
  "4": {
    "precision": 0.0,
    "recall": 0.0,
    "f1-score": 0.0,
    "support": 2.0
  },
  "5": {
    "precision": 0.0,
    "recall": 0.0,
    "f1-score": 0.0,
    "support": 3.0
  },
  "6": {
    "precision": 0.0,
    "recall": 0.0,
    "f1-score": 0.0,
    "support": 0.0
  },
  "7": {
    "precision": 0.0,
    "recall": 0.0,
    "f1-score": 0.0,
    "support": 0.0
  },
  "8": {
    "precision": 0.0,
    "recall": 0.0,
    "f1-score": 0.0,
    "support": 1.0
  },
  "9": {
    "precision": 0.0,
    "recall": 0.0,
    "f1-score": 0.0,
    "support": 0.0
  },
  "10": {
    "precision": 0.0,
    "recall": 0.0,
    "f1-score": 0.0,
    "support": 0.0
  },
  "11": {
    "precision": 0.0,
    "recall": 0.0,
    "f1-score": 0.0,
    "support": 0.0
  },
  "12": {
    "precision": 0.0,
    "recall": 0.0,
    "f1-score": 0.0,
    "support": 3.0
  },
  "13": {
    "precision": 0.0,
    "recall": 0.0,
    "f1-score": 0.0,
    "support": 1.0
  },
  "14": {
    "precision": 0.0,
    "recall": 0.0,
    "f1-score": 0.0,
    "support": 1.0
  },
  "15": {
    "precision": 0.0,
    "recall": 0.0,
    "f1-score": 0.0,
    "support": 0.0
  },
  "16": {
    "precision": 0.0,
    "recall": 0.0,
    "f1-score": 0.0,
    "support": 2.0
  },
  "17": {
    "precision": 0.0,
    "recall": 0.0,
    "f1-score": 0.0,
    "support": 1.0
  },
  "18": {
    "precision": 0.0,
    "recall": 0.0,
    "f1-score": 0.0,
    "support": 1.0
  },
  "19": {
    "precision": 0.0,
    "recall": 0.0,
    "f1-score": 0.0,
    "support": 2.0
  },
  "20": {
    "precision": 0.0,
    "recall": 0.0,
    "f1-score": 0.0,
    "support": 1.0
  },
  "21": {
    "precision": 0.0,
    "recall": 0.0,
    "f1-score": 0.0,
    "support": 2.0
  },
  "22": {
    "precision": 0.0,
    "recall": 0.0,
    "f1-score": 0.0,
    "support": 2.0
  },
  "23": {
    "precision": 0.0,
    "recall": 0.0,
    "f1-score": 0.0,
    "support": 0.0
  },
  "24": {
    "precision": 0.0,
    "recall": 0.0,
    "f1-score": 0.0,
    "support": 3.0
  },
  "25": {
    "precision": 0.0,
    "recall": 0.0,
    "f1-score": 0.0,
    "support": 1.0
  },
  "26": {
    "precision": 0.0,
    "recall": 0.0,
    "f1-score": 0.0,
    "support": 3.0
  },
  "27": {
    "precision": 0.0,
    "recall": 0.0,
    "f1-score": 0.0,
    "support": 0.0
  },
  "28": {
    "precision": 0.0,
    "recall": 0.0,
    "f1-score": 0.0,
    "support": 1.0
  },
  "29": {
    "precision": 0.0,
    "recall": 0.0,
    "f1-score": 0.0,
    "support": 0.0
  },
  "30": {
    "precision": 1.0,
    "recall": 1.0,
    "f1-score": 1.0,
    "support": 1.0
  },
  "31": {
    "precision": 0.0,
    "recall": 0.0,
    "f1-score": 0.0,
    "support": 1.0
  },
  "32": {
    "precision": 1.0,
    "recall": 1.0,
    "f1-score": 1.0,
    "support": 1.0
  },
  "33": {
    "precision": 0.0,
    "recall": 0.0,
    "f1-score": 0.0,
    "support": 1.0
  },
  "34": {
    "precision": 0.0,
    "recall": 0.0,
    "f1-score": 0.0,
    "support": 0.0
  },
  "35": {
    "precision": 0.0,
    "recall": 0.0,
    "f1-score": 0.0,
    "support": 0.0
  },
  "36": {
    "precision": 0.0,
    "recall": 0.0,
    "f1-score": 0.0,
    "support": 2.0
  },
  "37": {
    "precision": 0.0,
    "recall": 0.0,
    "f1-score": 0.0,
    "support": 0.0
  },
  "38": {
    "precision": 0.0,
    "recall": 0.0,
    "f1-score": 0.0,
    "support": 1.0
  },
  "39": {
    "precision": 0.0,
    "recall": 0.0,
    "f1-score": 0.0,
    "support": 0.0
  },
  "40": {
    "precision": 0.0,
    "recall": 0.0,
    "f1-score": 0.0,
    "support": 1.0
  },
  "41": {
    "precision": 0.0,
    "recall": 0.0,
    "f1-score": 0.0,
    "support": 1.0
  },
  "42": {
    "precision": 0.0,
    "recall": 0.0,
    "f1-score": 0.0,
    "support": 0.0
  },
  "43": {
    "precision": 0.0,
    "recall": 0.0,
    "f1-score": 0.0,
    "support": 1.0
  },
  "44": {
    "precision": 0.0,
    "recall": 0.0,
    "f1-score": 0.0,
    "support": 0.0
  },
  "45": {
    "precision": 0.0,
    "recall": 0.0,
    "f1-score": 0.0,
    "support": 1.0
  },
  "46": {
    "precision": 0.0,
    "recall": 0.0,
    "f1-score": 0.0,
    "support": 0.0
  },
  "47": {
    "precision": 0.0,
    "recall": 0.0,
    "f1-score": 0.0,
    "support": 0.0
  },
  "48": {
    "precision": 0.0,
    "recall": 0.0,
    "f1-score": 0.0,
    "support": 0.0
  },
  "49": {
    "precision": 0.75,
    "recall": 0.45,
    "f1-score": 0.5625,
    "support": 20.0
  },
  "50": {
    "precision": 0.0,
    "recall": 0.0,
    "f1-score": 0.0,
    "support": 0.0
  },
  "51": {
    "precision": 0.0,
    "recall": 0.0,
    "f1-score": 0.0,
    "support": 0.0
  },
  "52": {
    "precision": 0.0,
    "recall": 0.0,
    "f1-score": 0.0,
    "support": 1.0
  },
  "53": {
    "precision": 0.0,
    "recall": 0.0,
    "f1-score": 0.0,
    "support": 0.0
  },
  "54": {
    "precision": 0.0,
    "recall": 0.0,
    "f1-score": 0.0,
    "support": 1.0
  },
  "55": {
    "precision": 0.0,
    "recall": 0.0,
    "f1-score": 0.0,
    "support": 1.0
  },
  "56": {
    "precision": 0.0,
    "recall": 0.0,
    "f1-score": 0.0,
    "support": 0.0
  },
  "57": {
    "precision": 0.0,
    "recall": 0.0,
    "f1-score": 0.0,
    "support": 0.0
  },
  "58": {
    "precision": 0.0,
    "recall": 0.0,
    "f1-score": 0.0,
    "support": 1.0
  },
  "59": {
    "precision": 0.0,
    "recall": 0.0,
    "f1-score": 0.0,
    "support": 2.0
  },
  "60": {
    "precision": 0.0,
    "recall": 0.0,
    "f1-score": 0.0,
    "support": 1.0
  },
  "61": {
    "precision": 0.0,
    "recall": 0.0,
    "f1-score": 0.0,
    "support": 1.0
  },
  "62": {
    "precision": 0.0,
    "recall": 0.0,
    "f1-score": 0.0,
    "support": 0.0
  },
  "63": {
    "precision": 0.0,
    "recall": 0.0,
    "f1-score": 0.0,
    "support": 1.0
  },
  "64": {
    "precision": 0.0,
    "recall": 0.0,
    "f1-score": 0.0,
    "support": 1.0
  },
  "65": {
    "precision": 0.0,
    "recall": 0.0,
    "f1-score": 0.0,
    "support": 0.0
  },
  "66": {
    "precision": 1.0,
    "recall": 0.5,
    "f1-score": 0.6666666666666666,
    "support": 2.0
  },
  "67": {
    "precision": 0.0,
    "recall": 0.0,
    "f1-score": 0.0,
    "support": 0.0
  },
  "68": {
    "precision": 0.0,
    "recall": 0.0,
    "f1-score": 0.0,
    "support": 4.0
  },
  "micro avg": {
    "precision": 0.631578947368421,
    "recall": 0.14814814814814814,
    "f1-score": 0.24,
    "support": 81.0
  },
  "macro avg": {
    "precision": 0.05434782608695652,
    "recall": 0.0427536231884058,
    "f1-score": 0.04679951690821256,
    "support": 81.0
  },
  "weighted avg": {
    "precision": 0.2345679012345679,
    "recall": 0.14814814814814814,
    "f1-score": 0.1800411522633745,
    "support": 81.0
  },
  "samples avg": {
    "precision": 0.2625,
    "recall": 0.275,
    "f1-score": 0.26666666666666666,
    "support": 81.0
  }
}
2024-12-14 11:56:31,087 - __main__ - INFO - BERT training completed. Results: {'0': {'precision': 0.0, 'recall': 0.0, 'f1-score': 0.0, 'support': 1.0}, '1': {'precision': 0.0, 'recall': 0.0, 'f1-score': 0.0, 'support': 0.0}, '2': {'precision': 0.0, 'recall': 0.0, 'f1-score': 0.0, 'support': 1.0}, '3': {'precision': 0.0, 'recall': 0.0, 'f1-score': 0.0, 'support': 2.0}, '4': {'precision': 0.0, 'recall': 0.0, 'f1-score': 0.0, 'support': 2.0}, '5': {'precision': 0.0, 'recall': 0.0, 'f1-score': 0.0, 'support': 3.0}, '6': {'precision': 0.0, 'recall': 0.0, 'f1-score': 0.0, 'support': 0.0}, '7': {'precision': 0.0, 'recall': 0.0, 'f1-score': 0.0, 'support': 0.0}, '8': {'precision': 0.0, 'recall': 0.0, 'f1-score': 0.0, 'support': 1.0}, '9': {'precision': 0.0, 'recall': 0.0, 'f1-score': 0.0, 'support': 0.0}, '10': {'precision': 0.0, 'recall': 0.0, 'f1-score': 0.0, 'support': 0.0}, '11': {'precision': 0.0, 'recall': 0.0, 'f1-score': 0.0, 'support': 0.0}, '12': {'precision': 0.0, 'recall': 0.0, 'f1-score': 0.0, 'support': 3.0}, '13': {'precision': 0.0, 'recall': 0.0, 'f1-score': 0.0, 'support': 1.0}, '14': {'precision': 0.0, 'recall': 0.0, 'f1-score': 0.0, 'support': 1.0}, '15': {'precision': 0.0, 'recall': 0.0, 'f1-score': 0.0, 'support': 0.0}, '16': {'precision': 0.0, 'recall': 0.0, 'f1-score': 0.0, 'support': 2.0}, '17': {'precision': 0.0, 'recall': 0.0, 'f1-score': 0.0, 'support': 1.0}, '18': {'precision': 0.0, 'recall': 0.0, 'f1-score': 0.0, 'support': 1.0}, '19': {'precision': 0.0, 'recall': 0.0, 'f1-score': 0.0, 'support': 2.0}, '20': {'precision': 0.0, 'recall': 0.0, 'f1-score': 0.0, 'support': 1.0}, '21': {'precision': 0.0, 'recall': 0.0, 'f1-score': 0.0, 'support': 2.0}, '22': {'precision': 0.0, 'recall': 0.0, 'f1-score': 0.0, 'support': 2.0}, '23': {'precision': 0.0, 'recall': 0.0, 'f1-score': 0.0, 'support': 0.0}, '24': {'precision': 0.0, 'recall': 0.0, 'f1-score': 0.0, 'support': 3.0}, '25': {'precision': 0.0, 'recall': 0.0, 'f1-score': 0.0, 'support': 1.0}, '26': {'precision': 0.0, 'recall': 0.0, 'f1-score': 0.0, 'support': 3.0}, '27': {'precision': 0.0, 'recall': 0.0, 'f1-score': 0.0, 'support': 0.0}, '28': {'precision': 0.0, 'recall': 0.0, 'f1-score': 0.0, 'support': 1.0}, '29': {'precision': 0.0, 'recall': 0.0, 'f1-score': 0.0, 'support': 0.0}, '30': {'precision': 1.0, 'recall': 1.0, 'f1-score': 1.0, 'support': 1.0}, '31': {'precision': 0.0, 'recall': 0.0, 'f1-score': 0.0, 'support': 1.0}, '32': {'precision': 1.0, 'recall': 1.0, 'f1-score': 1.0, 'support': 1.0}, '33': {'precision': 0.0, 'recall': 0.0, 'f1-score': 0.0, 'support': 1.0}, '34': {'precision': 0.0, 'recall': 0.0, 'f1-score': 0.0, 'support': 0.0}, '35': {'precision': 0.0, 'recall': 0.0, 'f1-score': 0.0, 'support': 0.0}, '36': {'precision': 0.0, 'recall': 0.0, 'f1-score': 0.0, 'support': 2.0}, '37': {'precision': 0.0, 'recall': 0.0, 'f1-score': 0.0, 'support': 0.0}, '38': {'precision': 0.0, 'recall': 0.0, 'f1-score': 0.0, 'support': 1.0}, '39': {'precision': 0.0, 'recall': 0.0, 'f1-score': 0.0, 'support': 0.0}, '40': {'precision': 0.0, 'recall': 0.0, 'f1-score': 0.0, 'support': 1.0}, '41': {'precision': 0.0, 'recall': 0.0, 'f1-score': 0.0, 'support': 1.0}, '42': {'precision': 0.0, 'recall': 0.0, 'f1-score': 0.0, 'support': 0.0}, '43': {'precision': 0.0, 'recall': 0.0, 'f1-score': 0.0, 'support': 1.0}, '44': {'precision': 0.0, 'recall': 0.0, 'f1-score': 0.0, 'support': 0.0}, '45': {'precision': 0.0, 'recall': 0.0, 'f1-score': 0.0, 'support': 1.0}, '46': {'precision': 0.0, 'recall': 0.0, 'f1-score': 0.0, 'support': 0.0}, '47': {'precision': 0.0, 'recall': 0.0, 'f1-score': 0.0, 'support': 0.0}, '48': {'precision': 0.0, 'recall': 0.0, 'f1-score': 0.0, 'support': 0.0}, '49': {'precision': 0.75, 'recall': 0.45, 'f1-score': 0.5625, 'support': 20.0}, '50': {'precision': 0.0, 'recall': 0.0, 'f1-score': 0.0, 'support': 0.0}, '51': {'precision': 0.0, 'recall': 0.0, 'f1-score': 0.0, 'support': 0.0}, '52': {'precision': 0.0, 'recall': 0.0, 'f1-score': 0.0, 'support': 1.0}, '53': {'precision': 0.0, 'recall': 0.0, 'f1-score': 0.0, 'support': 0.0}, '54': {'precision': 0.0, 'recall': 0.0, 'f1-score': 0.0, 'support': 1.0}, '55': {'precision': 0.0, 'recall': 0.0, 'f1-score': 0.0, 'support': 1.0}, '56': {'precision': 0.0, 'recall': 0.0, 'f1-score': 0.0, 'support': 0.0}, '57': {'precision': 0.0, 'recall': 0.0, 'f1-score': 0.0, 'support': 0.0}, '58': {'precision': 0.0, 'recall': 0.0, 'f1-score': 0.0, 'support': 1.0}, '59': {'precision': 0.0, 'recall': 0.0, 'f1-score': 0.0, 'support': 2.0}, '60': {'precision': 0.0, 'recall': 0.0, 'f1-score': 0.0, 'support': 1.0}, '61': {'precision': 0.0, 'recall': 0.0, 'f1-score': 0.0, 'support': 1.0}, '62': {'precision': 0.0, 'recall': 0.0, 'f1-score': 0.0, 'support': 0.0}, '63': {'precision': 0.0, 'recall': 0.0, 'f1-score': 0.0, 'support': 1.0}, '64': {'precision': 0.0, 'recall': 0.0, 'f1-score': 0.0, 'support': 1.0}, '65': {'precision': 0.0, 'recall': 0.0, 'f1-score': 0.0, 'support': 0.0}, '66': {'precision': 1.0, 'recall': 0.5, 'f1-score': 0.6666666666666666, 'support': 2.0}, '67': {'precision': 0.0, 'recall': 0.0, 'f1-score': 0.0, 'support': 0.0}, '68': {'precision': 0.0, 'recall': 0.0, 'f1-score': 0.0, 'support': 4.0}, 'micro avg': {'precision': 0.631578947368421, 'recall': 0.14814814814814814, 'f1-score': 0.24, 'support': 81.0}, 'macro avg': {'precision': 0.05434782608695652, 'recall': 0.0427536231884058, 'f1-score': 0.04679951690821256, 'support': 81.0}, 'weighted avg': {'precision': 0.2345679012345679, 'recall': 0.14814814814814814, 'f1-score': 0.1800411522633745, 'support': 81.0}, 'samples avg': {'precision': 0.2625, 'recall': 0.275, 'f1-score': 0.26666666666666666, 'support': 81.0}}
2024-12-14 11:56:41,241 - __main__ - INFO - Starting BERT training...
2024-12-14 11:56:41,246 - __main__ - INFO - Created mapping for 69 unique narratives
2024-12-14 11:56:41,255 - __main__ - INFO - Number of unique labels in mapping: 69
2024-12-14 11:56:41,257 - __main__ - INFO - Sample text: world need peacemaker trump jeff crouere liberty daily world total chaos month biden presidency sout
2024-12-14 11:56:41,258 - __main__ - INFO - Sample label: [0, 0, 0, 0, 0, 0, 0, 0, 0, 0, 0, 0, 0, 0, 0, 0, 0, 0, 0, 0, 0, 0, 0, 0, 0, 0, 0, 0, 0, 0, 0, 0, 0, 0, 0, 0, 0, 0, 0, 0, 0, 0, 0, 0, 0, 0, 0, 0, 0, 1, 0, 0, 0, 0, 0, 0, 0, 0, 0, 0, 0, 0, 0, 0, 0, 0, 0, 0, 0]
2024-12-14 11:56:41,772 - __main__ - INFO - Model saved to c:\Users\leonb\OneDrive\Dokumente\Studium\Master\Sem1\NLP and InfExt\practical\nlp_Backpropagandists_2024\code\./models/svm_model.joblib
2024-12-14 11:56:41,846 - __main__ - INFO - Training classification report:
2024-12-14 11:56:41,860 - __main__ - INFO - {
  "0": {
    "precision": 0.0,
    "recall": 0.0,
    "f1-score": 0.0,
    "support": 1.0
  },
  "1": {
    "precision": 0.0,
    "recall": 0.0,
    "f1-score": 0.0,
    "support": 0.0
  },
  "2": {
    "precision": 0.0,
    "recall": 0.0,
    "f1-score": 0.0,
    "support": 1.0
  },
  "3": {
    "precision": 0.0,
    "recall": 0.0,
    "f1-score": 0.0,
    "support": 2.0
  },
  "4": {
    "precision": 0.0,
    "recall": 0.0,
    "f1-score": 0.0,
    "support": 2.0
  },
  "5": {
    "precision": 0.0,
    "recall": 0.0,
    "f1-score": 0.0,
    "support": 3.0
  },
  "6": {
    "precision": 0.0,
    "recall": 0.0,
    "f1-score": 0.0,
    "support": 0.0
  },
  "7": {
    "precision": 0.0,
    "recall": 0.0,
    "f1-score": 0.0,
    "support": 0.0
  },
  "8": {
    "precision": 0.0,
    "recall": 0.0,
    "f1-score": 0.0,
    "support": 1.0
  },
  "9": {
    "precision": 0.0,
    "recall": 0.0,
    "f1-score": 0.0,
    "support": 0.0
  },
  "10": {
    "precision": 0.0,
    "recall": 0.0,
    "f1-score": 0.0,
    "support": 0.0
  },
  "11": {
    "precision": 0.0,
    "recall": 0.0,
    "f1-score": 0.0,
    "support": 0.0
  },
  "12": {
    "precision": 0.0,
    "recall": 0.0,
    "f1-score": 0.0,
    "support": 3.0
  },
  "13": {
    "precision": 0.0,
    "recall": 0.0,
    "f1-score": 0.0,
    "support": 1.0
  },
  "14": {
    "precision": 0.0,
    "recall": 0.0,
    "f1-score": 0.0,
    "support": 1.0
  },
  "15": {
    "precision": 0.0,
    "recall": 0.0,
    "f1-score": 0.0,
    "support": 0.0
  },
  "16": {
    "precision": 0.0,
    "recall": 0.0,
    "f1-score": 0.0,
    "support": 2.0
  },
  "17": {
    "precision": 0.0,
    "recall": 0.0,
    "f1-score": 0.0,
    "support": 1.0
  },
  "18": {
    "precision": 0.0,
    "recall": 0.0,
    "f1-score": 0.0,
    "support": 1.0
  },
  "19": {
    "precision": 0.0,
    "recall": 0.0,
    "f1-score": 0.0,
    "support": 2.0
  },
  "20": {
    "precision": 0.0,
    "recall": 0.0,
    "f1-score": 0.0,
    "support": 1.0
  },
  "21": {
    "precision": 0.0,
    "recall": 0.0,
    "f1-score": 0.0,
    "support": 2.0
  },
  "22": {
    "precision": 0.0,
    "recall": 0.0,
    "f1-score": 0.0,
    "support": 2.0
  },
  "23": {
    "precision": 0.0,
    "recall": 0.0,
    "f1-score": 0.0,
    "support": 0.0
  },
  "24": {
    "precision": 0.0,
    "recall": 0.0,
    "f1-score": 0.0,
    "support": 3.0
  },
  "25": {
    "precision": 0.0,
    "recall": 0.0,
    "f1-score": 0.0,
    "support": 1.0
  },
  "26": {
    "precision": 0.0,
    "recall": 0.0,
    "f1-score": 0.0,
    "support": 3.0
  },
  "27": {
    "precision": 0.0,
    "recall": 0.0,
    "f1-score": 0.0,
    "support": 0.0
  },
  "28": {
    "precision": 0.0,
    "recall": 0.0,
    "f1-score": 0.0,
    "support": 1.0
  },
  "29": {
    "precision": 0.0,
    "recall": 0.0,
    "f1-score": 0.0,
    "support": 0.0
  },
  "30": {
    "precision": 1.0,
    "recall": 1.0,
    "f1-score": 1.0,
    "support": 1.0
  },
  "31": {
    "precision": 0.0,
    "recall": 0.0,
    "f1-score": 0.0,
    "support": 1.0
  },
  "32": {
    "precision": 1.0,
    "recall": 1.0,
    "f1-score": 1.0,
    "support": 1.0
  },
  "33": {
    "precision": 0.0,
    "recall": 0.0,
    "f1-score": 0.0,
    "support": 1.0
  },
  "34": {
    "precision": 0.0,
    "recall": 0.0,
    "f1-score": 0.0,
    "support": 0.0
  },
  "35": {
    "precision": 0.0,
    "recall": 0.0,
    "f1-score": 0.0,
    "support": 0.0
  },
  "36": {
    "precision": 0.0,
    "recall": 0.0,
    "f1-score": 0.0,
    "support": 2.0
  },
  "37": {
    "precision": 0.0,
    "recall": 0.0,
    "f1-score": 0.0,
    "support": 0.0
  },
  "38": {
    "precision": 0.0,
    "recall": 0.0,
    "f1-score": 0.0,
    "support": 1.0
  },
  "39": {
    "precision": 0.0,
    "recall": 0.0,
    "f1-score": 0.0,
    "support": 0.0
  },
  "40": {
    "precision": 0.0,
    "recall": 0.0,
    "f1-score": 0.0,
    "support": 1.0
  },
  "41": {
    "precision": 0.0,
    "recall": 0.0,
    "f1-score": 0.0,
    "support": 1.0
  },
  "42": {
    "precision": 0.0,
    "recall": 0.0,
    "f1-score": 0.0,
    "support": 0.0
  },
  "43": {
    "precision": 0.0,
    "recall": 0.0,
    "f1-score": 0.0,
    "support": 1.0
  },
  "44": {
    "precision": 0.0,
    "recall": 0.0,
    "f1-score": 0.0,
    "support": 0.0
  },
  "45": {
    "precision": 0.0,
    "recall": 0.0,
    "f1-score": 0.0,
    "support": 1.0
  },
  "46": {
    "precision": 0.0,
    "recall": 0.0,
    "f1-score": 0.0,
    "support": 0.0
  },
  "47": {
    "precision": 0.0,
    "recall": 0.0,
    "f1-score": 0.0,
    "support": 0.0
  },
  "48": {
    "precision": 0.0,
    "recall": 0.0,
    "f1-score": 0.0,
    "support": 0.0
  },
  "49": {
    "precision": 0.75,
    "recall": 0.45,
    "f1-score": 0.5625,
    "support": 20.0
  },
  "50": {
    "precision": 0.0,
    "recall": 0.0,
    "f1-score": 0.0,
    "support": 0.0
  },
  "51": {
    "precision": 0.0,
    "recall": 0.0,
    "f1-score": 0.0,
    "support": 0.0
  },
  "52": {
    "precision": 0.0,
    "recall": 0.0,
    "f1-score": 0.0,
    "support": 1.0
  },
  "53": {
    "precision": 0.0,
    "recall": 0.0,
    "f1-score": 0.0,
    "support": 0.0
  },
  "54": {
    "precision": 0.0,
    "recall": 0.0,
    "f1-score": 0.0,
    "support": 1.0
  },
  "55": {
    "precision": 0.0,
    "recall": 0.0,
    "f1-score": 0.0,
    "support": 1.0
  },
  "56": {
    "precision": 0.0,
    "recall": 0.0,
    "f1-score": 0.0,
    "support": 0.0
  },
  "57": {
    "precision": 0.0,
    "recall": 0.0,
    "f1-score": 0.0,
    "support": 0.0
  },
  "58": {
    "precision": 0.0,
    "recall": 0.0,
    "f1-score": 0.0,
    "support": 1.0
  },
  "59": {
    "precision": 0.0,
    "recall": 0.0,
    "f1-score": 0.0,
    "support": 2.0
  },
  "60": {
    "precision": 0.0,
    "recall": 0.0,
    "f1-score": 0.0,
    "support": 1.0
  },
  "61": {
    "precision": 0.0,
    "recall": 0.0,
    "f1-score": 0.0,
    "support": 1.0
  },
  "62": {
    "precision": 0.0,
    "recall": 0.0,
    "f1-score": 0.0,
    "support": 0.0
  },
  "63": {
    "precision": 0.0,
    "recall": 0.0,
    "f1-score": 0.0,
    "support": 1.0
  },
  "64": {
    "precision": 0.0,
    "recall": 0.0,
    "f1-score": 0.0,
    "support": 1.0
  },
  "65": {
    "precision": 0.0,
    "recall": 0.0,
    "f1-score": 0.0,
    "support": 0.0
  },
  "66": {
    "precision": 1.0,
    "recall": 0.5,
    "f1-score": 0.6666666666666666,
    "support": 2.0
  },
  "67": {
    "precision": 0.0,
    "recall": 0.0,
    "f1-score": 0.0,
    "support": 0.0
  },
  "68": {
    "precision": 0.0,
    "recall": 0.0,
    "f1-score": 0.0,
    "support": 4.0
  },
  "micro avg": {
    "precision": 0.631578947368421,
    "recall": 0.14814814814814814,
    "f1-score": 0.24,
    "support": 81.0
  },
  "macro avg": {
    "precision": 0.05434782608695652,
    "recall": 0.0427536231884058,
    "f1-score": 0.04679951690821256,
    "support": 81.0
  },
  "weighted avg": {
    "precision": 0.2345679012345679,
    "recall": 0.14814814814814814,
    "f1-score": 0.1800411522633745,
    "support": 81.0
  },
  "samples avg": {
    "precision": 0.2625,
    "recall": 0.275,
    "f1-score": 0.26666666666666666,
    "support": 81.0
  }
}
2024-12-14 11:56:41,863 - __main__ - INFO - BERT training completed. Results: {'0': {'precision': 0.0, 'recall': 0.0, 'f1-score': 0.0, 'support': 1.0}, '1': {'precision': 0.0, 'recall': 0.0, 'f1-score': 0.0, 'support': 0.0}, '2': {'precision': 0.0, 'recall': 0.0, 'f1-score': 0.0, 'support': 1.0}, '3': {'precision': 0.0, 'recall': 0.0, 'f1-score': 0.0, 'support': 2.0}, '4': {'precision': 0.0, 'recall': 0.0, 'f1-score': 0.0, 'support': 2.0}, '5': {'precision': 0.0, 'recall': 0.0, 'f1-score': 0.0, 'support': 3.0}, '6': {'precision': 0.0, 'recall': 0.0, 'f1-score': 0.0, 'support': 0.0}, '7': {'precision': 0.0, 'recall': 0.0, 'f1-score': 0.0, 'support': 0.0}, '8': {'precision': 0.0, 'recall': 0.0, 'f1-score': 0.0, 'support': 1.0}, '9': {'precision': 0.0, 'recall': 0.0, 'f1-score': 0.0, 'support': 0.0}, '10': {'precision': 0.0, 'recall': 0.0, 'f1-score': 0.0, 'support': 0.0}, '11': {'precision': 0.0, 'recall': 0.0, 'f1-score': 0.0, 'support': 0.0}, '12': {'precision': 0.0, 'recall': 0.0, 'f1-score': 0.0, 'support': 3.0}, '13': {'precision': 0.0, 'recall': 0.0, 'f1-score': 0.0, 'support': 1.0}, '14': {'precision': 0.0, 'recall': 0.0, 'f1-score': 0.0, 'support': 1.0}, '15': {'precision': 0.0, 'recall': 0.0, 'f1-score': 0.0, 'support': 0.0}, '16': {'precision': 0.0, 'recall': 0.0, 'f1-score': 0.0, 'support': 2.0}, '17': {'precision': 0.0, 'recall': 0.0, 'f1-score': 0.0, 'support': 1.0}, '18': {'precision': 0.0, 'recall': 0.0, 'f1-score': 0.0, 'support': 1.0}, '19': {'precision': 0.0, 'recall': 0.0, 'f1-score': 0.0, 'support': 2.0}, '20': {'precision': 0.0, 'recall': 0.0, 'f1-score': 0.0, 'support': 1.0}, '21': {'precision': 0.0, 'recall': 0.0, 'f1-score': 0.0, 'support': 2.0}, '22': {'precision': 0.0, 'recall': 0.0, 'f1-score': 0.0, 'support': 2.0}, '23': {'precision': 0.0, 'recall': 0.0, 'f1-score': 0.0, 'support': 0.0}, '24': {'precision': 0.0, 'recall': 0.0, 'f1-score': 0.0, 'support': 3.0}, '25': {'precision': 0.0, 'recall': 0.0, 'f1-score': 0.0, 'support': 1.0}, '26': {'precision': 0.0, 'recall': 0.0, 'f1-score': 0.0, 'support': 3.0}, '27': {'precision': 0.0, 'recall': 0.0, 'f1-score': 0.0, 'support': 0.0}, '28': {'precision': 0.0, 'recall': 0.0, 'f1-score': 0.0, 'support': 1.0}, '29': {'precision': 0.0, 'recall': 0.0, 'f1-score': 0.0, 'support': 0.0}, '30': {'precision': 1.0, 'recall': 1.0, 'f1-score': 1.0, 'support': 1.0}, '31': {'precision': 0.0, 'recall': 0.0, 'f1-score': 0.0, 'support': 1.0}, '32': {'precision': 1.0, 'recall': 1.0, 'f1-score': 1.0, 'support': 1.0}, '33': {'precision': 0.0, 'recall': 0.0, 'f1-score': 0.0, 'support': 1.0}, '34': {'precision': 0.0, 'recall': 0.0, 'f1-score': 0.0, 'support': 0.0}, '35': {'precision': 0.0, 'recall': 0.0, 'f1-score': 0.0, 'support': 0.0}, '36': {'precision': 0.0, 'recall': 0.0, 'f1-score': 0.0, 'support': 2.0}, '37': {'precision': 0.0, 'recall': 0.0, 'f1-score': 0.0, 'support': 0.0}, '38': {'precision': 0.0, 'recall': 0.0, 'f1-score': 0.0, 'support': 1.0}, '39': {'precision': 0.0, 'recall': 0.0, 'f1-score': 0.0, 'support': 0.0}, '40': {'precision': 0.0, 'recall': 0.0, 'f1-score': 0.0, 'support': 1.0}, '41': {'precision': 0.0, 'recall': 0.0, 'f1-score': 0.0, 'support': 1.0}, '42': {'precision': 0.0, 'recall': 0.0, 'f1-score': 0.0, 'support': 0.0}, '43': {'precision': 0.0, 'recall': 0.0, 'f1-score': 0.0, 'support': 1.0}, '44': {'precision': 0.0, 'recall': 0.0, 'f1-score': 0.0, 'support': 0.0}, '45': {'precision': 0.0, 'recall': 0.0, 'f1-score': 0.0, 'support': 1.0}, '46': {'precision': 0.0, 'recall': 0.0, 'f1-score': 0.0, 'support': 0.0}, '47': {'precision': 0.0, 'recall': 0.0, 'f1-score': 0.0, 'support': 0.0}, '48': {'precision': 0.0, 'recall': 0.0, 'f1-score': 0.0, 'support': 0.0}, '49': {'precision': 0.75, 'recall': 0.45, 'f1-score': 0.5625, 'support': 20.0}, '50': {'precision': 0.0, 'recall': 0.0, 'f1-score': 0.0, 'support': 0.0}, '51': {'precision': 0.0, 'recall': 0.0, 'f1-score': 0.0, 'support': 0.0}, '52': {'precision': 0.0, 'recall': 0.0, 'f1-score': 0.0, 'support': 1.0}, '53': {'precision': 0.0, 'recall': 0.0, 'f1-score': 0.0, 'support': 0.0}, '54': {'precision': 0.0, 'recall': 0.0, 'f1-score': 0.0, 'support': 1.0}, '55': {'precision': 0.0, 'recall': 0.0, 'f1-score': 0.0, 'support': 1.0}, '56': {'precision': 0.0, 'recall': 0.0, 'f1-score': 0.0, 'support': 0.0}, '57': {'precision': 0.0, 'recall': 0.0, 'f1-score': 0.0, 'support': 0.0}, '58': {'precision': 0.0, 'recall': 0.0, 'f1-score': 0.0, 'support': 1.0}, '59': {'precision': 0.0, 'recall': 0.0, 'f1-score': 0.0, 'support': 2.0}, '60': {'precision': 0.0, 'recall': 0.0, 'f1-score': 0.0, 'support': 1.0}, '61': {'precision': 0.0, 'recall': 0.0, 'f1-score': 0.0, 'support': 1.0}, '62': {'precision': 0.0, 'recall': 0.0, 'f1-score': 0.0, 'support': 0.0}, '63': {'precision': 0.0, 'recall': 0.0, 'f1-score': 0.0, 'support': 1.0}, '64': {'precision': 0.0, 'recall': 0.0, 'f1-score': 0.0, 'support': 1.0}, '65': {'precision': 0.0, 'recall': 0.0, 'f1-score': 0.0, 'support': 0.0}, '66': {'precision': 1.0, 'recall': 0.5, 'f1-score': 0.6666666666666666, 'support': 2.0}, '67': {'precision': 0.0, 'recall': 0.0, 'f1-score': 0.0, 'support': 0.0}, '68': {'precision': 0.0, 'recall': 0.0, 'f1-score': 0.0, 'support': 4.0}, 'micro avg': {'precision': 0.631578947368421, 'recall': 0.14814814814814814, 'f1-score': 0.24, 'support': 81.0}, 'macro avg': {'precision': 0.05434782608695652, 'recall': 0.0427536231884058, 'f1-score': 0.04679951690821256, 'support': 81.0}, 'weighted avg': {'precision': 0.2345679012345679, 'recall': 0.14814814814814814, 'f1-score': 0.1800411522633745, 'support': 81.0}, 'samples avg': {'precision': 0.2625, 'recall': 0.275, 'f1-score': 0.26666666666666666, 'support': 81.0}}
