2024-12-14 13:31:27,151 - __main__ - INFO - Loading initial data...
2024-12-14 13:31:27,271 - __main__ - INFO - Loaded 198 documents
2024-12-14 13:31:27,271 - __main__ - INFO - Tokenizing text...
2024-12-14 13:31:29,012 - __main__ - INFO - Handling unusual sentences...
2024-12-14 13:31:29,014 - __main__ - INFO - Normalizing text...
2024-12-14 13:31:29,015 - modules.text_normalization - INFO - Using device: cpu
2024-12-14 13:31:29,021 - stanza - INFO - Loading these models for language: en (English):
=================================
| Processor | Package           |
---------------------------------
| tokenize  | combined          |
| lemma     | combined_nocharlm |
=================================

2024-12-14 13:31:29,036 - stanza - INFO - Using device: cpu
2024-12-14 13:31:29,039 - stanza - INFO - Loading: tokenize
2024-12-14 13:31:29,039 - stanza - INFO - Loading: lemma
2024-12-14 13:31:31,112 - stanza - INFO - Done loading processors!
2024-12-14 13:31:31,120 - modules.text_normalization - INFO - Starting processing of 198 rows in 4 batches
2024-12-14 13:31:46,972 - __main__ - INFO - Preprocessing completed successfully
2024-12-14 13:31:47,140 - __main__ - INFO - Starting SVM training with Ukraine War data...
2024-12-14 13:31:47,142 - __main__ - INFO - Created mapping for 42 unique narratives
2024-12-14 13:31:47,146 - __main__ - INFO - Number of unique labels in mapping: 42
2024-12-14 13:31:47,148 - __main__ - INFO - Sample text: world need peacemaker trump jeff crouere liberty daily world total chaos month biden presidency sout
2024-12-14 13:31:47,149 - __main__ - INFO - Sample label: [0, 0, 0, 0, 0, 0, 0, 0, 0, 0, 0, 0, 0, 0, 0, 0, 0, 0, 0, 0, 0, 0, 0, 0, 0, 0, 1, 0, 0, 0, 0, 0, 0, 0, 0, 0, 0, 0, 0, 0, 0, 0]
2024-12-14 13:31:47,156 - __main__ - ERROR - Error in SVM training: The least populated class in y has only 1 member, which is too few. The minimum number of groups for any class cannot be less than 2.
