2024-12-14 12:53:25,800 - __main__ - INFO - Loading initial data...
2024-12-14 12:53:28,753 - __main__ - INFO - Loaded 198 documents
2024-12-14 12:53:28,753 - __main__ - INFO - Tokenizing text...
2024-12-14 12:53:30,106 - __main__ - INFO - Handling unusual sentences...
2024-12-14 12:53:30,113 - __main__ - INFO - Normalizing text...
2024-12-14 12:53:30,114 - modules.text_normalization - INFO - Using device: cpu
2024-12-14 12:53:30,137 - stanza - INFO - Loading these models for language: en (English):
=================================
| Processor | Package           |
---------------------------------
| tokenize  | combined          |
| lemma     | combined_nocharlm |
=================================

2024-12-14 12:53:30,139 - stanza - INFO - Using device: cpu
2024-12-14 12:53:30,141 - stanza - INFO - Loading: tokenize
2024-12-14 12:53:30,142 - stanza - INFO - Loading: lemma
2024-12-14 12:53:32,237 - stanza - INFO - Done loading processors!
2024-12-14 12:53:32,267 - modules.text_normalization - INFO - Starting processing of 198 rows in 4 batches
2024-12-14 12:53:57,041 - __main__ - INFO - Loading initial data...
2024-12-14 12:53:57,216 - __main__ - INFO - Loaded 198 documents
2024-12-14 12:53:57,220 - __main__ - INFO - Tokenizing text...
2024-12-14 12:53:58,262 - __main__ - INFO - Handling unusual sentences...
2024-12-14 12:53:58,266 - __main__ - INFO - Normalizing text...
2024-12-14 12:53:58,269 - modules.text_normalization - INFO - Using device: cpu
2024-12-14 12:53:58,279 - stanza - INFO - Loading these models for language: en (English):
=================================
| Processor | Package           |
---------------------------------
| tokenize  | combined          |
| lemma     | combined_nocharlm |
=================================

2024-12-14 12:53:58,285 - stanza - INFO - Using device: cpu
2024-12-14 12:53:58,288 - stanza - INFO - Loading: tokenize
2024-12-14 12:53:58,293 - stanza - INFO - Loading: lemma
2024-12-14 12:53:58,389 - stanza - INFO - Done loading processors!
2024-12-14 12:53:58,396 - modules.text_normalization - INFO - Starting processing of 198 rows in 4 batches
