2024-12-14 13:03:00,024 - __main__ - INFO - Loading initial data...
2024-12-14 13:03:00,142 - __main__ - INFO - Loaded 198 documents
2024-12-14 13:03:00,142 - __main__ - INFO - Tokenizing text...
2024-12-14 13:03:01,302 - __main__ - INFO - Handling unusual sentences...
2024-12-14 13:03:01,302 - __main__ - INFO - Normalizing text...
2024-12-14 13:03:01,307 - modules.text_normalization - INFO - Using device: cpu
2024-12-14 13:03:01,312 - stanza - INFO - Loading these models for language: en (English):
=================================
| Processor | Package           |
---------------------------------
| tokenize  | combined          |
| lemma     | combined_nocharlm |
=================================

2024-12-14 13:03:01,318 - stanza - INFO - Using device: cpu
2024-12-14 13:03:01,318 - stanza - INFO - Loading: tokenize
2024-12-14 13:03:01,323 - stanza - INFO - Loading: lemma
2024-12-14 13:03:03,201 - stanza - INFO - Done loading processors!
2024-12-14 13:03:03,210 - modules.text_normalization - INFO - Starting processing of 198 rows in 4 batches
2024-12-14 13:03:19,421 - __main__ - INFO - Preprocessing completed successfully
2024-12-14 13:03:19,579 - __main__ - INFO - Starting SVM training with Ukraine War data...
2024-12-14 13:03:19,581 - __main__ - INFO - Created mapping for 42 unique narratives
2024-12-14 13:03:19,587 - __main__ - INFO - Number of unique labels in mapping: 42
2024-12-14 13:03:19,590 - __main__ - INFO - Sample text: world need peacemaker trump jeff crouere liberty daily world total chaos month biden presidency sout
2024-12-14 13:03:19,592 - __main__ - INFO - Sample label: [0, 0, 0, 0, 0, 0, 0, 0, 0, 0, 0, 0, 0, 0, 0, 0, 0, 0, 0, 0, 0, 0, 0, 0, 0, 0, 1, 0, 0, 0, 0, 0, 0, 0, 0, 0, 0, 0, 0, 0, 0, 0]
2024-12-14 13:03:19,727 - __main__ - INFO - Model saved to c:\Users\leonb\OneDrive\Dokumente\Studium\Master\Sem1\NLP and InfExt\practical\nlp_Backpropagandists_2024\code\./models/svm_model.joblib
2024-12-14 13:03:19,740 - __main__ - INFO - Training classification report:
2024-12-14 13:03:19,740 - __main__ - INFO - {
  "0": {
    "precision": 0.0,
    "recall": 0.0,
    "f1-score": 0.0,
    "support": 1.0
  },
  "1": {
    "precision": 0.0,
    "recall": 0.0,
    "f1-score": 0.0,
    "support": 1.0
  },
  "2": {
    "precision": 0.0,
    "recall": 0.0,
    "f1-score": 0.0,
    "support": 1.0
  },
  "3": {
    "precision": 0.0,
    "recall": 0.0,
    "f1-score": 0.0,
    "support": 4.0
  },
  "4": {
    "precision": 1.0,
    "recall": 0.25,
    "f1-score": 0.4,
    "support": 4.0
  },
  "5": {
    "precision": 0.0,
    "recall": 0.0,
    "f1-score": 0.0,
    "support": 2.0
  },
  "6": {
    "precision": 0.0,
    "recall": 0.0,
    "f1-score": 0.0,
    "support": 0.0
  },
  "7": {
    "precision": 0.0,
    "recall": 0.0,
    "f1-score": 0.0,
    "support": 0.0
  },
  "8": {
    "precision": 0.0,
    "recall": 0.0,
    "f1-score": 0.0,
    "support": 0.0
  },
  "9": {
    "precision": 0.0,
    "recall": 0.0,
    "f1-score": 0.0,
    "support": 0.0
  },
  "10": {
    "precision": 0.0,
    "recall": 0.0,
    "f1-score": 0.0,
    "support": 0.0
  },
  "11": {
    "precision": 0.0,
    "recall": 0.0,
    "f1-score": 0.0,
    "support": 0.0
  },
  "12": {
    "precision": 0.0,
    "recall": 0.0,
    "f1-score": 0.0,
    "support": 1.0
  },
  "13": {
    "precision": 1.0,
    "recall": 1.0,
    "f1-score": 1.0,
    "support": 1.0
  },
  "14": {
    "precision": 0.0,
    "recall": 0.0,
    "f1-score": 0.0,
    "support": 4.0
  },
  "15": {
    "precision": 0.0,
    "recall": 0.0,
    "f1-score": 0.0,
    "support": 3.0
  },
  "16": {
    "precision": 0.0,
    "recall": 0.0,
    "f1-score": 0.0,
    "support": 1.0
  },
  "17": {
    "precision": 0.0,
    "recall": 0.0,
    "f1-score": 0.0,
    "support": 0.0
  },
  "18": {
    "precision": 0.0,
    "recall": 0.0,
    "f1-score": 0.0,
    "support": 1.0
  },
  "19": {
    "precision": 0.0,
    "recall": 0.0,
    "f1-score": 0.0,
    "support": 1.0
  },
  "20": {
    "precision": 0.0,
    "recall": 0.0,
    "f1-score": 0.0,
    "support": 0.0
  },
  "21": {
    "precision": 0.0,
    "recall": 0.0,
    "f1-score": 0.0,
    "support": 1.0
  },
  "22": {
    "precision": 0.0,
    "recall": 0.0,
    "f1-score": 0.0,
    "support": 4.0
  },
  "23": {
    "precision": 0.0,
    "recall": 0.0,
    "f1-score": 0.0,
    "support": 1.0
  },
  "24": {
    "precision": 0.0,
    "recall": 0.0,
    "f1-score": 0.0,
    "support": 0.0
  },
  "25": {
    "precision": 0.0,
    "recall": 0.0,
    "f1-score": 0.0,
    "support": 0.0
  },
  "26": {
    "precision": 0.7142857142857143,
    "recall": 0.5,
    "f1-score": 0.5882352941176471,
    "support": 10.0
  },
  "27": {
    "precision": 0.0,
    "recall": 0.0,
    "f1-score": 0.0,
    "support": 2.0
  },
  "28": {
    "precision": 0.0,
    "recall": 0.0,
    "f1-score": 0.0,
    "support": 2.0
  },
  "29": {
    "precision": 0.0,
    "recall": 0.0,
    "f1-score": 0.0,
    "support": 0.0
  },
  "30": {
    "precision": 0.0,
    "recall": 0.0,
    "f1-score": 0.0,
    "support": 0.0
  },
  "31": {
    "precision": 0.0,
    "recall": 0.0,
    "f1-score": 0.0,
    "support": 0.0
  },
  "32": {
    "precision": 0.0,
    "recall": 0.0,
    "f1-score": 0.0,
    "support": 1.0
  },
  "33": {
    "precision": 0.0,
    "recall": 0.0,
    "f1-score": 0.0,
    "support": 1.0
  },
  "34": {
    "precision": 0.0,
    "recall": 0.0,
    "f1-score": 0.0,
    "support": 0.0
  },
  "35": {
    "precision": 0.0,
    "recall": 0.0,
    "f1-score": 0.0,
    "support": 0.0
  },
  "36": {
    "precision": 0.0,
    "recall": 0.0,
    "f1-score": 0.0,
    "support": 0.0
  },
  "37": {
    "precision": 0.0,
    "recall": 0.0,
    "f1-score": 0.0,
    "support": 2.0
  },
  "38": {
    "precision": 0.0,
    "recall": 0.0,
    "f1-score": 0.0,
    "support": 0.0
  },
  "39": {
    "precision": 0.0,
    "recall": 0.0,
    "f1-score": 0.0,
    "support": 2.0
  },
  "40": {
    "precision": 0.0,
    "recall": 0.0,
    "f1-score": 0.0,
    "support": 0.0
  },
  "41": {
    "precision": 0.0,
    "recall": 0.0,
    "f1-score": 0.0,
    "support": 0.0
  },
  "micro avg": {
    "precision": 0.7777777777777778,
    "recall": 0.13725490196078433,
    "f1-score": 0.23333333333333334,
    "support": 51.0
  },
  "macro avg": {
    "precision": 0.06462585034013606,
    "recall": 0.041666666666666664,
    "f1-score": 0.04733893557422969,
    "support": 51.0
  },
  "weighted avg": {
    "precision": 0.23809523809523808,
    "recall": 0.13725490196078433,
    "f1-score": 0.166320645905421,
    "support": 51.0
  },
  "samples avg": {
    "precision": 0.2692307692307692,
    "recall": 0.25,
    "f1-score": 0.2564102564102564,
    "support": 51.0
  }
}
2024-12-14 13:03:19,752 - __main__ - INFO - BERT training completed. Results: {'0': {'precision': 0.0, 'recall': 0.0, 'f1-score': 0.0, 'support': 1.0}, '1': {'precision': 0.0, 'recall': 0.0, 'f1-score': 0.0, 'support': 1.0}, '2': {'precision': 0.0, 'recall': 0.0, 'f1-score': 0.0, 'support': 1.0}, '3': {'precision': 0.0, 'recall': 0.0, 'f1-score': 0.0, 'support': 4.0}, '4': {'precision': 1.0, 'recall': 0.25, 'f1-score': 0.4, 'support': 4.0}, '5': {'precision': 0.0, 'recall': 0.0, 'f1-score': 0.0, 'support': 2.0}, '6': {'precision': 0.0, 'recall': 0.0, 'f1-score': 0.0, 'support': 0.0}, '7': {'precision': 0.0, 'recall': 0.0, 'f1-score': 0.0, 'support': 0.0}, '8': {'precision': 0.0, 'recall': 0.0, 'f1-score': 0.0, 'support': 0.0}, '9': {'precision': 0.0, 'recall': 0.0, 'f1-score': 0.0, 'support': 0.0}, '10': {'precision': 0.0, 'recall': 0.0, 'f1-score': 0.0, 'support': 0.0}, '11': {'precision': 0.0, 'recall': 0.0, 'f1-score': 0.0, 'support': 0.0}, '12': {'precision': 0.0, 'recall': 0.0, 'f1-score': 0.0, 'support': 1.0}, '13': {'precision': 1.0, 'recall': 1.0, 'f1-score': 1.0, 'support': 1.0}, '14': {'precision': 0.0, 'recall': 0.0, 'f1-score': 0.0, 'support': 4.0}, '15': {'precision': 0.0, 'recall': 0.0, 'f1-score': 0.0, 'support': 3.0}, '16': {'precision': 0.0, 'recall': 0.0, 'f1-score': 0.0, 'support': 1.0}, '17': {'precision': 0.0, 'recall': 0.0, 'f1-score': 0.0, 'support': 0.0}, '18': {'precision': 0.0, 'recall': 0.0, 'f1-score': 0.0, 'support': 1.0}, '19': {'precision': 0.0, 'recall': 0.0, 'f1-score': 0.0, 'support': 1.0}, '20': {'precision': 0.0, 'recall': 0.0, 'f1-score': 0.0, 'support': 0.0}, '21': {'precision': 0.0, 'recall': 0.0, 'f1-score': 0.0, 'support': 1.0}, '22': {'precision': 0.0, 'recall': 0.0, 'f1-score': 0.0, 'support': 4.0}, '23': {'precision': 0.0, 'recall': 0.0, 'f1-score': 0.0, 'support': 1.0}, '24': {'precision': 0.0, 'recall': 0.0, 'f1-score': 0.0, 'support': 0.0}, '25': {'precision': 0.0, 'recall': 0.0, 'f1-score': 0.0, 'support': 0.0}, '26': {'precision': 0.7142857142857143, 'recall': 0.5, 'f1-score': 0.5882352941176471, 'support': 10.0}, '27': {'precision': 0.0, 'recall': 0.0, 'f1-score': 0.0, 'support': 2.0}, '28': {'precision': 0.0, 'recall': 0.0, 'f1-score': 0.0, 'support': 2.0}, '29': {'precision': 0.0, 'recall': 0.0, 'f1-score': 0.0, 'support': 0.0}, '30': {'precision': 0.0, 'recall': 0.0, 'f1-score': 0.0, 'support': 0.0}, '31': {'precision': 0.0, 'recall': 0.0, 'f1-score': 0.0, 'support': 0.0}, '32': {'precision': 0.0, 'recall': 0.0, 'f1-score': 0.0, 'support': 1.0}, '33': {'precision': 0.0, 'recall': 0.0, 'f1-score': 0.0, 'support': 1.0}, '34': {'precision': 0.0, 'recall': 0.0, 'f1-score': 0.0, 'support': 0.0}, '35': {'precision': 0.0, 'recall': 0.0, 'f1-score': 0.0, 'support': 0.0}, '36': {'precision': 0.0, 'recall': 0.0, 'f1-score': 0.0, 'support': 0.0}, '37': {'precision': 0.0, 'recall': 0.0, 'f1-score': 0.0, 'support': 2.0}, '38': {'precision': 0.0, 'recall': 0.0, 'f1-score': 0.0, 'support': 0.0}, '39': {'precision': 0.0, 'recall': 0.0, 'f1-score': 0.0, 'support': 2.0}, '40': {'precision': 0.0, 'recall': 0.0, 'f1-score': 0.0, 'support': 0.0}, '41': {'precision': 0.0, 'recall': 0.0, 'f1-score': 0.0, 'support': 0.0}, 'micro avg': {'precision': 0.7777777777777778, 'recall': 0.13725490196078433, 'f1-score': 0.23333333333333334, 'support': 51.0}, 'macro avg': {'precision': 0.06462585034013606, 'recall': 0.041666666666666664, 'f1-score': 0.04733893557422969, 'support': 51.0}, 'weighted avg': {'precision': 0.23809523809523808, 'recall': 0.13725490196078433, 'f1-score': 0.166320645905421, 'support': 51.0}, 'samples avg': {'precision': 0.2692307692307692, 'recall': 0.25, 'f1-score': 0.2564102564102564, 'support': 51.0}}
2024-12-14 13:03:19,777 - __main__ - INFO - Starting SVM training with Climate Change data...
2024-12-14 13:03:19,779 - __main__ - INFO - Created mapping for 42 unique narratives
2024-12-14 13:03:19,782 - __main__ - INFO - Number of unique labels in mapping: 42
2024-12-14 13:03:19,782 - __main__ - INFO - Sample text: world need peacemaker trump jeff crouere liberty daily world total chaos month biden presidency sout
2024-12-14 13:03:19,786 - __main__ - INFO - Sample label: [0, 0, 0, 0, 0, 0, 0, 0, 0, 0, 0, 0, 0, 0, 0, 0, 0, 0, 0, 0, 0, 0, 0, 0, 0, 0, 1, 0, 0, 0, 0, 0, 0, 0, 0, 0, 0, 0, 0, 0, 0, 0]
2024-12-14 13:03:19,907 - __main__ - INFO - Model saved to c:\Users\leonb\OneDrive\Dokumente\Studium\Master\Sem1\NLP and InfExt\practical\nlp_Backpropagandists_2024\code\./models/svm_model.joblib
2024-12-14 13:03:19,923 - __main__ - INFO - Training classification report:
2024-12-14 13:03:19,923 - __main__ - INFO - {
  "0": {
    "precision": 0.0,
    "recall": 0.0,
    "f1-score": 0.0,
    "support": 1.0
  },
  "1": {
    "precision": 0.0,
    "recall": 0.0,
    "f1-score": 0.0,
    "support": 1.0
  },
  "2": {
    "precision": 0.0,
    "recall": 0.0,
    "f1-score": 0.0,
    "support": 1.0
  },
  "3": {
    "precision": 0.0,
    "recall": 0.0,
    "f1-score": 0.0,
    "support": 4.0
  },
  "4": {
    "precision": 1.0,
    "recall": 0.25,
    "f1-score": 0.4,
    "support": 4.0
  },
  "5": {
    "precision": 0.0,
    "recall": 0.0,
    "f1-score": 0.0,
    "support": 2.0
  },
  "6": {
    "precision": 0.0,
    "recall": 0.0,
    "f1-score": 0.0,
    "support": 0.0
  },
  "7": {
    "precision": 0.0,
    "recall": 0.0,
    "f1-score": 0.0,
    "support": 0.0
  },
  "8": {
    "precision": 0.0,
    "recall": 0.0,
    "f1-score": 0.0,
    "support": 0.0
  },
  "9": {
    "precision": 0.0,
    "recall": 0.0,
    "f1-score": 0.0,
    "support": 0.0
  },
  "10": {
    "precision": 0.0,
    "recall": 0.0,
    "f1-score": 0.0,
    "support": 0.0
  },
  "11": {
    "precision": 0.0,
    "recall": 0.0,
    "f1-score": 0.0,
    "support": 0.0
  },
  "12": {
    "precision": 0.0,
    "recall": 0.0,
    "f1-score": 0.0,
    "support": 1.0
  },
  "13": {
    "precision": 1.0,
    "recall": 1.0,
    "f1-score": 1.0,
    "support": 1.0
  },
  "14": {
    "precision": 0.0,
    "recall": 0.0,
    "f1-score": 0.0,
    "support": 4.0
  },
  "15": {
    "precision": 0.0,
    "recall": 0.0,
    "f1-score": 0.0,
    "support": 3.0
  },
  "16": {
    "precision": 0.0,
    "recall": 0.0,
    "f1-score": 0.0,
    "support": 1.0
  },
  "17": {
    "precision": 0.0,
    "recall": 0.0,
    "f1-score": 0.0,
    "support": 0.0
  },
  "18": {
    "precision": 0.0,
    "recall": 0.0,
    "f1-score": 0.0,
    "support": 1.0
  },
  "19": {
    "precision": 0.0,
    "recall": 0.0,
    "f1-score": 0.0,
    "support": 1.0
  },
  "20": {
    "precision": 0.0,
    "recall": 0.0,
    "f1-score": 0.0,
    "support": 0.0
  },
  "21": {
    "precision": 0.0,
    "recall": 0.0,
    "f1-score": 0.0,
    "support": 1.0
  },
  "22": {
    "precision": 0.0,
    "recall": 0.0,
    "f1-score": 0.0,
    "support": 4.0
  },
  "23": {
    "precision": 0.0,
    "recall": 0.0,
    "f1-score": 0.0,
    "support": 1.0
  },
  "24": {
    "precision": 0.0,
    "recall": 0.0,
    "f1-score": 0.0,
    "support": 0.0
  },
  "25": {
    "precision": 0.0,
    "recall": 0.0,
    "f1-score": 0.0,
    "support": 0.0
  },
  "26": {
    "precision": 0.7142857142857143,
    "recall": 0.5,
    "f1-score": 0.5882352941176471,
    "support": 10.0
  },
  "27": {
    "precision": 0.0,
    "recall": 0.0,
    "f1-score": 0.0,
    "support": 2.0
  },
  "28": {
    "precision": 0.0,
    "recall": 0.0,
    "f1-score": 0.0,
    "support": 2.0
  },
  "29": {
    "precision": 0.0,
    "recall": 0.0,
    "f1-score": 0.0,
    "support": 0.0
  },
  "30": {
    "precision": 0.0,
    "recall": 0.0,
    "f1-score": 0.0,
    "support": 0.0
  },
  "31": {
    "precision": 0.0,
    "recall": 0.0,
    "f1-score": 0.0,
    "support": 0.0
  },
  "32": {
    "precision": 0.0,
    "recall": 0.0,
    "f1-score": 0.0,
    "support": 1.0
  },
  "33": {
    "precision": 0.0,
    "recall": 0.0,
    "f1-score": 0.0,
    "support": 1.0
  },
  "34": {
    "precision": 0.0,
    "recall": 0.0,
    "f1-score": 0.0,
    "support": 0.0
  },
  "35": {
    "precision": 0.0,
    "recall": 0.0,
    "f1-score": 0.0,
    "support": 0.0
  },
  "36": {
    "precision": 0.0,
    "recall": 0.0,
    "f1-score": 0.0,
    "support": 0.0
  },
  "37": {
    "precision": 0.0,
    "recall": 0.0,
    "f1-score": 0.0,
    "support": 2.0
  },
  "38": {
    "precision": 0.0,
    "recall": 0.0,
    "f1-score": 0.0,
    "support": 0.0
  },
  "39": {
    "precision": 0.0,
    "recall": 0.0,
    "f1-score": 0.0,
    "support": 2.0
  },
  "40": {
    "precision": 0.0,
    "recall": 0.0,
    "f1-score": 0.0,
    "support": 0.0
  },
  "41": {
    "precision": 0.0,
    "recall": 0.0,
    "f1-score": 0.0,
    "support": 0.0
  },
  "micro avg": {
    "precision": 0.7777777777777778,
    "recall": 0.13725490196078433,
    "f1-score": 0.23333333333333334,
    "support": 51.0
  },
  "macro avg": {
    "precision": 0.06462585034013606,
    "recall": 0.041666666666666664,
    "f1-score": 0.04733893557422969,
    "support": 51.0
  },
  "weighted avg": {
    "precision": 0.23809523809523808,
    "recall": 0.13725490196078433,
    "f1-score": 0.166320645905421,
    "support": 51.0
  },
  "samples avg": {
    "precision": 0.2692307692307692,
    "recall": 0.25,
    "f1-score": 0.2564102564102564,
    "support": 51.0
  }
}
2024-12-14 13:03:19,926 - __main__ - INFO - SVM training completed. Results: {'0': {'precision': 0.0, 'recall': 0.0, 'f1-score': 0.0, 'support': 1.0}, '1': {'precision': 0.0, 'recall': 0.0, 'f1-score': 0.0, 'support': 1.0}, '2': {'precision': 0.0, 'recall': 0.0, 'f1-score': 0.0, 'support': 1.0}, '3': {'precision': 0.0, 'recall': 0.0, 'f1-score': 0.0, 'support': 4.0}, '4': {'precision': 1.0, 'recall': 0.25, 'f1-score': 0.4, 'support': 4.0}, '5': {'precision': 0.0, 'recall': 0.0, 'f1-score': 0.0, 'support': 2.0}, '6': {'precision': 0.0, 'recall': 0.0, 'f1-score': 0.0, 'support': 0.0}, '7': {'precision': 0.0, 'recall': 0.0, 'f1-score': 0.0, 'support': 0.0}, '8': {'precision': 0.0, 'recall': 0.0, 'f1-score': 0.0, 'support': 0.0}, '9': {'precision': 0.0, 'recall': 0.0, 'f1-score': 0.0, 'support': 0.0}, '10': {'precision': 0.0, 'recall': 0.0, 'f1-score': 0.0, 'support': 0.0}, '11': {'precision': 0.0, 'recall': 0.0, 'f1-score': 0.0, 'support': 0.0}, '12': {'precision': 0.0, 'recall': 0.0, 'f1-score': 0.0, 'support': 1.0}, '13': {'precision': 1.0, 'recall': 1.0, 'f1-score': 1.0, 'support': 1.0}, '14': {'precision': 0.0, 'recall': 0.0, 'f1-score': 0.0, 'support': 4.0}, '15': {'precision': 0.0, 'recall': 0.0, 'f1-score': 0.0, 'support': 3.0}, '16': {'precision': 0.0, 'recall': 0.0, 'f1-score': 0.0, 'support': 1.0}, '17': {'precision': 0.0, 'recall': 0.0, 'f1-score': 0.0, 'support': 0.0}, '18': {'precision': 0.0, 'recall': 0.0, 'f1-score': 0.0, 'support': 1.0}, '19': {'precision': 0.0, 'recall': 0.0, 'f1-score': 0.0, 'support': 1.0}, '20': {'precision': 0.0, 'recall': 0.0, 'f1-score': 0.0, 'support': 0.0}, '21': {'precision': 0.0, 'recall': 0.0, 'f1-score': 0.0, 'support': 1.0}, '22': {'precision': 0.0, 'recall': 0.0, 'f1-score': 0.0, 'support': 4.0}, '23': {'precision': 0.0, 'recall': 0.0, 'f1-score': 0.0, 'support': 1.0}, '24': {'precision': 0.0, 'recall': 0.0, 'f1-score': 0.0, 'support': 0.0}, '25': {'precision': 0.0, 'recall': 0.0, 'f1-score': 0.0, 'support': 0.0}, '26': {'precision': 0.7142857142857143, 'recall': 0.5, 'f1-score': 0.5882352941176471, 'support': 10.0}, '27': {'precision': 0.0, 'recall': 0.0, 'f1-score': 0.0, 'support': 2.0}, '28': {'precision': 0.0, 'recall': 0.0, 'f1-score': 0.0, 'support': 2.0}, '29': {'precision': 0.0, 'recall': 0.0, 'f1-score': 0.0, 'support': 0.0}, '30': {'precision': 0.0, 'recall': 0.0, 'f1-score': 0.0, 'support': 0.0}, '31': {'precision': 0.0, 'recall': 0.0, 'f1-score': 0.0, 'support': 0.0}, '32': {'precision': 0.0, 'recall': 0.0, 'f1-score': 0.0, 'support': 1.0}, '33': {'precision': 0.0, 'recall': 0.0, 'f1-score': 0.0, 'support': 1.0}, '34': {'precision': 0.0, 'recall': 0.0, 'f1-score': 0.0, 'support': 0.0}, '35': {'precision': 0.0, 'recall': 0.0, 'f1-score': 0.0, 'support': 0.0}, '36': {'precision': 0.0, 'recall': 0.0, 'f1-score': 0.0, 'support': 0.0}, '37': {'precision': 0.0, 'recall': 0.0, 'f1-score': 0.0, 'support': 2.0}, '38': {'precision': 0.0, 'recall': 0.0, 'f1-score': 0.0, 'support': 0.0}, '39': {'precision': 0.0, 'recall': 0.0, 'f1-score': 0.0, 'support': 2.0}, '40': {'precision': 0.0, 'recall': 0.0, 'f1-score': 0.0, 'support': 0.0}, '41': {'precision': 0.0, 'recall': 0.0, 'f1-score': 0.0, 'support': 0.0}, 'micro avg': {'precision': 0.7777777777777778, 'recall': 0.13725490196078433, 'f1-score': 0.23333333333333334, 'support': 51.0}, 'macro avg': {'precision': 0.06462585034013606, 'recall': 0.041666666666666664, 'f1-score': 0.04733893557422969, 'support': 51.0}, 'weighted avg': {'precision': 0.23809523809523808, 'recall': 0.13725490196078433, 'f1-score': 0.166320645905421, 'support': 51.0}, 'samples avg': {'precision': 0.2692307692307692, 'recall': 0.25, 'f1-score': 0.2564102564102564, 'support': 51.0}}
2024-12-14 13:03:19,942 - __main__ - INFO - Starting SVM training with the complete data...
2024-12-14 13:03:19,946 - __main__ - INFO - Created mapping for 69 unique narratives
2024-12-14 13:03:19,950 - __main__ - INFO - Number of unique labels in mapping: 69
2024-12-14 13:03:19,952 - __main__ - INFO - Sample text: world need peacemaker trump jeff crouere liberty daily world total chaos month biden presidency sout
2024-12-14 13:03:19,952 - __main__ - INFO - Sample label: [0, 0, 0, 0, 0, 0, 0, 0, 0, 0, 0, 0, 0, 0, 0, 0, 0, 0, 0, 0, 0, 0, 0, 0, 0, 0, 0, 0, 0, 0, 0, 0, 0, 0, 0, 0, 0, 0, 0, 0, 0, 0, 0, 0, 0, 0, 0, 0, 0, 1, 0, 0, 0, 0, 0, 0, 0, 0, 0, 0, 0, 0, 0, 0, 0, 0, 0, 0, 0]
2024-12-14 13:03:20,162 - __main__ - INFO - Model saved to c:\Users\leonb\OneDrive\Dokumente\Studium\Master\Sem1\NLP and InfExt\practical\nlp_Backpropagandists_2024\code\./models/svm_model.joblib
2024-12-14 13:03:20,177 - __main__ - INFO - Training classification report:
2024-12-14 13:03:20,177 - __main__ - INFO - {
  "0": {
    "precision": 0.0,
    "recall": 0.0,
    "f1-score": 0.0,
    "support": 1.0
  },
  "1": {
    "precision": 0.0,
    "recall": 0.0,
    "f1-score": 0.0,
    "support": 0.0
  },
  "2": {
    "precision": 0.0,
    "recall": 0.0,
    "f1-score": 0.0,
    "support": 1.0
  },
  "3": {
    "precision": 0.0,
    "recall": 0.0,
    "f1-score": 0.0,
    "support": 2.0
  },
  "4": {
    "precision": 0.0,
    "recall": 0.0,
    "f1-score": 0.0,
    "support": 2.0
  },
  "5": {
    "precision": 0.0,
    "recall": 0.0,
    "f1-score": 0.0,
    "support": 3.0
  },
  "6": {
    "precision": 0.0,
    "recall": 0.0,
    "f1-score": 0.0,
    "support": 0.0
  },
  "7": {
    "precision": 0.0,
    "recall": 0.0,
    "f1-score": 0.0,
    "support": 0.0
  },
  "8": {
    "precision": 0.0,
    "recall": 0.0,
    "f1-score": 0.0,
    "support": 1.0
  },
  "9": {
    "precision": 0.0,
    "recall": 0.0,
    "f1-score": 0.0,
    "support": 0.0
  },
  "10": {
    "precision": 0.0,
    "recall": 0.0,
    "f1-score": 0.0,
    "support": 0.0
  },
  "11": {
    "precision": 0.0,
    "recall": 0.0,
    "f1-score": 0.0,
    "support": 0.0
  },
  "12": {
    "precision": 0.0,
    "recall": 0.0,
    "f1-score": 0.0,
    "support": 3.0
  },
  "13": {
    "precision": 0.0,
    "recall": 0.0,
    "f1-score": 0.0,
    "support": 1.0
  },
  "14": {
    "precision": 0.0,
    "recall": 0.0,
    "f1-score": 0.0,
    "support": 1.0
  },
  "15": {
    "precision": 0.0,
    "recall": 0.0,
    "f1-score": 0.0,
    "support": 0.0
  },
  "16": {
    "precision": 0.0,
    "recall": 0.0,
    "f1-score": 0.0,
    "support": 2.0
  },
  "17": {
    "precision": 0.0,
    "recall": 0.0,
    "f1-score": 0.0,
    "support": 1.0
  },
  "18": {
    "precision": 0.0,
    "recall": 0.0,
    "f1-score": 0.0,
    "support": 1.0
  },
  "19": {
    "precision": 0.0,
    "recall": 0.0,
    "f1-score": 0.0,
    "support": 2.0
  },
  "20": {
    "precision": 0.0,
    "recall": 0.0,
    "f1-score": 0.0,
    "support": 1.0
  },
  "21": {
    "precision": 0.0,
    "recall": 0.0,
    "f1-score": 0.0,
    "support": 2.0
  },
  "22": {
    "precision": 0.0,
    "recall": 0.0,
    "f1-score": 0.0,
    "support": 2.0
  },
  "23": {
    "precision": 0.0,
    "recall": 0.0,
    "f1-score": 0.0,
    "support": 0.0
  },
  "24": {
    "precision": 0.0,
    "recall": 0.0,
    "f1-score": 0.0,
    "support": 3.0
  },
  "25": {
    "precision": 0.0,
    "recall": 0.0,
    "f1-score": 0.0,
    "support": 1.0
  },
  "26": {
    "precision": 0.0,
    "recall": 0.0,
    "f1-score": 0.0,
    "support": 3.0
  },
  "27": {
    "precision": 0.0,
    "recall": 0.0,
    "f1-score": 0.0,
    "support": 0.0
  },
  "28": {
    "precision": 0.0,
    "recall": 0.0,
    "f1-score": 0.0,
    "support": 1.0
  },
  "29": {
    "precision": 0.0,
    "recall": 0.0,
    "f1-score": 0.0,
    "support": 0.0
  },
  "30": {
    "precision": 1.0,
    "recall": 1.0,
    "f1-score": 1.0,
    "support": 1.0
  },
  "31": {
    "precision": 0.0,
    "recall": 0.0,
    "f1-score": 0.0,
    "support": 1.0
  },
  "32": {
    "precision": 1.0,
    "recall": 1.0,
    "f1-score": 1.0,
    "support": 1.0
  },
  "33": {
    "precision": 0.0,
    "recall": 0.0,
    "f1-score": 0.0,
    "support": 1.0
  },
  "34": {
    "precision": 0.0,
    "recall": 0.0,
    "f1-score": 0.0,
    "support": 0.0
  },
  "35": {
    "precision": 0.0,
    "recall": 0.0,
    "f1-score": 0.0,
    "support": 0.0
  },
  "36": {
    "precision": 0.0,
    "recall": 0.0,
    "f1-score": 0.0,
    "support": 2.0
  },
  "37": {
    "precision": 0.0,
    "recall": 0.0,
    "f1-score": 0.0,
    "support": 0.0
  },
  "38": {
    "precision": 0.0,
    "recall": 0.0,
    "f1-score": 0.0,
    "support": 1.0
  },
  "39": {
    "precision": 0.0,
    "recall": 0.0,
    "f1-score": 0.0,
    "support": 0.0
  },
  "40": {
    "precision": 0.0,
    "recall": 0.0,
    "f1-score": 0.0,
    "support": 1.0
  },
  "41": {
    "precision": 0.0,
    "recall": 0.0,
    "f1-score": 0.0,
    "support": 1.0
  },
  "42": {
    "precision": 0.0,
    "recall": 0.0,
    "f1-score": 0.0,
    "support": 0.0
  },
  "43": {
    "precision": 0.0,
    "recall": 0.0,
    "f1-score": 0.0,
    "support": 1.0
  },
  "44": {
    "precision": 0.0,
    "recall": 0.0,
    "f1-score": 0.0,
    "support": 0.0
  },
  "45": {
    "precision": 0.0,
    "recall": 0.0,
    "f1-score": 0.0,
    "support": 1.0
  },
  "46": {
    "precision": 0.0,
    "recall": 0.0,
    "f1-score": 0.0,
    "support": 0.0
  },
  "47": {
    "precision": 0.0,
    "recall": 0.0,
    "f1-score": 0.0,
    "support": 0.0
  },
  "48": {
    "precision": 0.0,
    "recall": 0.0,
    "f1-score": 0.0,
    "support": 0.0
  },
  "49": {
    "precision": 0.75,
    "recall": 0.45,
    "f1-score": 0.5625,
    "support": 20.0
  },
  "50": {
    "precision": 0.0,
    "recall": 0.0,
    "f1-score": 0.0,
    "support": 0.0
  },
  "51": {
    "precision": 0.0,
    "recall": 0.0,
    "f1-score": 0.0,
    "support": 0.0
  },
  "52": {
    "precision": 0.0,
    "recall": 0.0,
    "f1-score": 0.0,
    "support": 1.0
  },
  "53": {
    "precision": 0.0,
    "recall": 0.0,
    "f1-score": 0.0,
    "support": 0.0
  },
  "54": {
    "precision": 0.0,
    "recall": 0.0,
    "f1-score": 0.0,
    "support": 1.0
  },
  "55": {
    "precision": 0.0,
    "recall": 0.0,
    "f1-score": 0.0,
    "support": 1.0
  },
  "56": {
    "precision": 0.0,
    "recall": 0.0,
    "f1-score": 0.0,
    "support": 0.0
  },
  "57": {
    "precision": 0.0,
    "recall": 0.0,
    "f1-score": 0.0,
    "support": 0.0
  },
  "58": {
    "precision": 0.0,
    "recall": 0.0,
    "f1-score": 0.0,
    "support": 1.0
  },
  "59": {
    "precision": 0.0,
    "recall": 0.0,
    "f1-score": 0.0,
    "support": 2.0
  },
  "60": {
    "precision": 0.0,
    "recall": 0.0,
    "f1-score": 0.0,
    "support": 1.0
  },
  "61": {
    "precision": 0.0,
    "recall": 0.0,
    "f1-score": 0.0,
    "support": 1.0
  },
  "62": {
    "precision": 0.0,
    "recall": 0.0,
    "f1-score": 0.0,
    "support": 0.0
  },
  "63": {
    "precision": 0.0,
    "recall": 0.0,
    "f1-score": 0.0,
    "support": 1.0
  },
  "64": {
    "precision": 0.0,
    "recall": 0.0,
    "f1-score": 0.0,
    "support": 1.0
  },
  "65": {
    "precision": 0.0,
    "recall": 0.0,
    "f1-score": 0.0,
    "support": 0.0
  },
  "66": {
    "precision": 1.0,
    "recall": 0.5,
    "f1-score": 0.6666666666666666,
    "support": 2.0
  },
  "67": {
    "precision": 0.0,
    "recall": 0.0,
    "f1-score": 0.0,
    "support": 0.0
  },
  "68": {
    "precision": 0.0,
    "recall": 0.0,
    "f1-score": 0.0,
    "support": 4.0
  },
  "micro avg": {
    "precision": 0.631578947368421,
    "recall": 0.14814814814814814,
    "f1-score": 0.24,
    "support": 81.0
  },
  "macro avg": {
    "precision": 0.05434782608695652,
    "recall": 0.0427536231884058,
    "f1-score": 0.04679951690821256,
    "support": 81.0
  },
  "weighted avg": {
    "precision": 0.2345679012345679,
    "recall": 0.14814814814814814,
    "f1-score": 0.1800411522633745,
    "support": 81.0
  },
  "samples avg": {
    "precision": 0.2625,
    "recall": 0.275,
    "f1-score": 0.26666666666666666,
    "support": 81.0
  }
}
2024-12-14 13:03:20,188 - __main__ - INFO - SVM training completed. Results: {'0': {'precision': 0.0, 'recall': 0.0, 'f1-score': 0.0, 'support': 1.0}, '1': {'precision': 0.0, 'recall': 0.0, 'f1-score': 0.0, 'support': 0.0}, '2': {'precision': 0.0, 'recall': 0.0, 'f1-score': 0.0, 'support': 1.0}, '3': {'precision': 0.0, 'recall': 0.0, 'f1-score': 0.0, 'support': 2.0}, '4': {'precision': 0.0, 'recall': 0.0, 'f1-score': 0.0, 'support': 2.0}, '5': {'precision': 0.0, 'recall': 0.0, 'f1-score': 0.0, 'support': 3.0}, '6': {'precision': 0.0, 'recall': 0.0, 'f1-score': 0.0, 'support': 0.0}, '7': {'precision': 0.0, 'recall': 0.0, 'f1-score': 0.0, 'support': 0.0}, '8': {'precision': 0.0, 'recall': 0.0, 'f1-score': 0.0, 'support': 1.0}, '9': {'precision': 0.0, 'recall': 0.0, 'f1-score': 0.0, 'support': 0.0}, '10': {'precision': 0.0, 'recall': 0.0, 'f1-score': 0.0, 'support': 0.0}, '11': {'precision': 0.0, 'recall': 0.0, 'f1-score': 0.0, 'support': 0.0}, '12': {'precision': 0.0, 'recall': 0.0, 'f1-score': 0.0, 'support': 3.0}, '13': {'precision': 0.0, 'recall': 0.0, 'f1-score': 0.0, 'support': 1.0}, '14': {'precision': 0.0, 'recall': 0.0, 'f1-score': 0.0, 'support': 1.0}, '15': {'precision': 0.0, 'recall': 0.0, 'f1-score': 0.0, 'support': 0.0}, '16': {'precision': 0.0, 'recall': 0.0, 'f1-score': 0.0, 'support': 2.0}, '17': {'precision': 0.0, 'recall': 0.0, 'f1-score': 0.0, 'support': 1.0}, '18': {'precision': 0.0, 'recall': 0.0, 'f1-score': 0.0, 'support': 1.0}, '19': {'precision': 0.0, 'recall': 0.0, 'f1-score': 0.0, 'support': 2.0}, '20': {'precision': 0.0, 'recall': 0.0, 'f1-score': 0.0, 'support': 1.0}, '21': {'precision': 0.0, 'recall': 0.0, 'f1-score': 0.0, 'support': 2.0}, '22': {'precision': 0.0, 'recall': 0.0, 'f1-score': 0.0, 'support': 2.0}, '23': {'precision': 0.0, 'recall': 0.0, 'f1-score': 0.0, 'support': 0.0}, '24': {'precision': 0.0, 'recall': 0.0, 'f1-score': 0.0, 'support': 3.0}, '25': {'precision': 0.0, 'recall': 0.0, 'f1-score': 0.0, 'support': 1.0}, '26': {'precision': 0.0, 'recall': 0.0, 'f1-score': 0.0, 'support': 3.0}, '27': {'precision': 0.0, 'recall': 0.0, 'f1-score': 0.0, 'support': 0.0}, '28': {'precision': 0.0, 'recall': 0.0, 'f1-score': 0.0, 'support': 1.0}, '29': {'precision': 0.0, 'recall': 0.0, 'f1-score': 0.0, 'support': 0.0}, '30': {'precision': 1.0, 'recall': 1.0, 'f1-score': 1.0, 'support': 1.0}, '31': {'precision': 0.0, 'recall': 0.0, 'f1-score': 0.0, 'support': 1.0}, '32': {'precision': 1.0, 'recall': 1.0, 'f1-score': 1.0, 'support': 1.0}, '33': {'precision': 0.0, 'recall': 0.0, 'f1-score': 0.0, 'support': 1.0}, '34': {'precision': 0.0, 'recall': 0.0, 'f1-score': 0.0, 'support': 0.0}, '35': {'precision': 0.0, 'recall': 0.0, 'f1-score': 0.0, 'support': 0.0}, '36': {'precision': 0.0, 'recall': 0.0, 'f1-score': 0.0, 'support': 2.0}, '37': {'precision': 0.0, 'recall': 0.0, 'f1-score': 0.0, 'support': 0.0}, '38': {'precision': 0.0, 'recall': 0.0, 'f1-score': 0.0, 'support': 1.0}, '39': {'precision': 0.0, 'recall': 0.0, 'f1-score': 0.0, 'support': 0.0}, '40': {'precision': 0.0, 'recall': 0.0, 'f1-score': 0.0, 'support': 1.0}, '41': {'precision': 0.0, 'recall': 0.0, 'f1-score': 0.0, 'support': 1.0}, '42': {'precision': 0.0, 'recall': 0.0, 'f1-score': 0.0, 'support': 0.0}, '43': {'precision': 0.0, 'recall': 0.0, 'f1-score': 0.0, 'support': 1.0}, '44': {'precision': 0.0, 'recall': 0.0, 'f1-score': 0.0, 'support': 0.0}, '45': {'precision': 0.0, 'recall': 0.0, 'f1-score': 0.0, 'support': 1.0}, '46': {'precision': 0.0, 'recall': 0.0, 'f1-score': 0.0, 'support': 0.0}, '47': {'precision': 0.0, 'recall': 0.0, 'f1-score': 0.0, 'support': 0.0}, '48': {'precision': 0.0, 'recall': 0.0, 'f1-score': 0.0, 'support': 0.0}, '49': {'precision': 0.75, 'recall': 0.45, 'f1-score': 0.5625, 'support': 20.0}, '50': {'precision': 0.0, 'recall': 0.0, 'f1-score': 0.0, 'support': 0.0}, '51': {'precision': 0.0, 'recall': 0.0, 'f1-score': 0.0, 'support': 0.0}, '52': {'precision': 0.0, 'recall': 0.0, 'f1-score': 0.0, 'support': 1.0}, '53': {'precision': 0.0, 'recall': 0.0, 'f1-score': 0.0, 'support': 0.0}, '54': {'precision': 0.0, 'recall': 0.0, 'f1-score': 0.0, 'support': 1.0}, '55': {'precision': 0.0, 'recall': 0.0, 'f1-score': 0.0, 'support': 1.0}, '56': {'precision': 0.0, 'recall': 0.0, 'f1-score': 0.0, 'support': 0.0}, '57': {'precision': 0.0, 'recall': 0.0, 'f1-score': 0.0, 'support': 0.0}, '58': {'precision': 0.0, 'recall': 0.0, 'f1-score': 0.0, 'support': 1.0}, '59': {'precision': 0.0, 'recall': 0.0, 'f1-score': 0.0, 'support': 2.0}, '60': {'precision': 0.0, 'recall': 0.0, 'f1-score': 0.0, 'support': 1.0}, '61': {'precision': 0.0, 'recall': 0.0, 'f1-score': 0.0, 'support': 1.0}, '62': {'precision': 0.0, 'recall': 0.0, 'f1-score': 0.0, 'support': 0.0}, '63': {'precision': 0.0, 'recall': 0.0, 'f1-score': 0.0, 'support': 1.0}, '64': {'precision': 0.0, 'recall': 0.0, 'f1-score': 0.0, 'support': 1.0}, '65': {'precision': 0.0, 'recall': 0.0, 'f1-score': 0.0, 'support': 0.0}, '66': {'precision': 1.0, 'recall': 0.5, 'f1-score': 0.6666666666666666, 'support': 2.0}, '67': {'precision': 0.0, 'recall': 0.0, 'f1-score': 0.0, 'support': 0.0}, '68': {'precision': 0.0, 'recall': 0.0, 'f1-score': 0.0, 'support': 4.0}, 'micro avg': {'precision': 0.631578947368421, 'recall': 0.14814814814814814, 'f1-score': 0.24, 'support': 81.0}, 'macro avg': {'precision': 0.05434782608695652, 'recall': 0.0427536231884058, 'f1-score': 0.04679951690821256, 'support': 81.0}, 'weighted avg': {'precision': 0.2345679012345679, 'recall': 0.14814814814814814, 'f1-score': 0.1800411522633745, 'support': 81.0}, 'samples avg': {'precision': 0.2625, 'recall': 0.275, 'f1-score': 0.26666666666666666, 'support': 81.0}}
